<?xml version="1.0" encoding="UTF-8"?>
<coverage generated="1754788078856" clover="3.2.0">
  <project timestamp="1754788078856" name="All files">
    <metrics statements="1228" coveredstatements="400" conditionals="817" coveredconditionals="261" methods="204" coveredmethods="76" elements="2249" coveredelements="737" complexity="0" loc="1228" ncloc="1228" packages="9" files="44" classes="44"/>
    <package name="app">
      <metrics statements="176" coveredstatements="4" conditionals="53" coveredconditionals="0" methods="42" coveredmethods="3"/>
      <file name="browser-manager.ts" path="C:\Users\Jonathan Gonzalez\Documents\automation\BestLocator\src\app\browser-manager.ts">
        <metrics statements="43" coveredstatements="0" conditionals="10" coveredconditionals="0" methods="8" coveredmethods="0"/>
        <line num="12" count="0" type="stmt"/>
        <line num="13" count="0" type="stmt"/>
        <line num="14" count="0" type="stmt"/>
        <line num="17" count="0" type="stmt"/>
        <line num="18" count="0" type="stmt"/>
        <line num="19" count="0" type="stmt"/>
        <line num="23" count="0" type="stmt"/>
        <line num="24" count="0" type="stmt"/>
        <line num="27" count="0" type="stmt"/>
        <line num="28" count="0" type="stmt"/>
        <line num="29" count="0" type="stmt"/>
        <line num="30" count="0" type="stmt"/>
        <line num="31" count="0" type="stmt"/>
        <line num="34" count="0" type="stmt"/>
        <line num="35" count="0" type="stmt"/>
        <line num="36" count="0" type="stmt"/>
        <line num="40" count="0" type="cond" truecount="0" falsecount="2"/>
        <line num="41" count="0" type="stmt"/>
        <line num="43" count="0" type="stmt"/>
        <line num="46" count="0" type="cond" truecount="0" falsecount="2"/>
        <line num="47" count="0" type="stmt"/>
        <line num="48" count="0" type="stmt"/>
        <line num="59" count="0" type="cond" truecount="0" falsecount="2"/>
        <line num="60" count="0" type="stmt"/>
        <line num="62" count="0" type="stmt"/>
        <line num="65" count="0" type="stmt"/>
        <line num="68" count="0" type="stmt"/>
        <line num="70" count="0" type="stmt"/>
        <line num="71" count="0" type="stmt"/>
        <line num="74" count="0" type="stmt"/>
        <line num="75" count="0" type="stmt"/>
        <line num="80" count="0" type="cond" truecount="0" falsecount="2"/>
        <line num="81" count="0" type="stmt"/>
        <line num="82" count="0" type="stmt"/>
        <line num="87" count="0" type="stmt"/>
        <line num="88" count="0" type="stmt"/>
        <line num="89" count="0" type="stmt"/>
        <line num="90" count="0" type="stmt"/>
        <line num="97" count="0" type="stmt"/>
        <line num="101" count="0" type="cond" truecount="0" falsecount="2"/>
        <line num="102" count="0" type="stmt"/>
        <line num="103" count="0" type="stmt"/>
        <line num="104" count="0" type="stmt"/>
      </file>
      <file name="device-manager.ts" path="C:\Users\Jonathan Gonzalez\Documents\automation\BestLocator\src\app\device-manager.ts">
        <metrics statements="53" coveredstatements="0" conditionals="28" coveredconditionals="0" methods="10" coveredmethods="0"/>
        <line num="7" count="0" type="stmt"/>
        <line num="8" count="0" type="stmt"/>
        <line num="9" count="0" type="stmt"/>
        <line num="12" count="0" type="stmt"/>
        <line num="13" count="0" type="stmt"/>
        <line num="14" count="0" type="stmt"/>
        <line num="15" count="0" type="stmt"/>
        <line num="19" count="0" type="stmt"/>
        <line num="20" count="0" type="stmt"/>
        <line num="23" count="0" type="stmt"/>
        <line num="24" count="0" type="stmt"/>
        <line num="28" count="0" type="cond" truecount="0" falsecount="2"/>
        <line num="29" count="0" type="stmt"/>
        <line num="30" count="0" type="stmt"/>
        <line num="33" count="0" type="cond" truecount="0" falsecount="2"/>
        <line num="34" count="0" type="stmt"/>
        <line num="35" count="0" type="stmt"/>
        <line num="38" count="0" type="cond" truecount="0" falsecount="2"/>
        <line num="39" count="0" type="stmt"/>
        <line num="40" count="0" type="stmt"/>
        <line num="41" count="0" type="stmt"/>
        <line num="43" count="0" type="stmt"/>
        <line num="44" count="0" type="stmt"/>
        <line num="46" count="0" type="stmt"/>
        <line num="47" count="0" type="stmt"/>
        <line num="48" count="0" type="stmt"/>
        <line num="49" count="0" type="stmt"/>
        <line num="50" count="0" type="stmt"/>
        <line num="51" count="0" type="stmt"/>
        <line num="52" count="0" type="stmt"/>
        <line num="73" count="0" type="stmt"/>
        <line num="75" count="0" type="stmt"/>
        <line num="78" count="0" type="stmt"/>
        <line num="79" count="0" type="cond" truecount="0" falsecount="2"/>
        <line num="80" count="0" type="stmt"/>
        <line num="81" count="0" type="cond" truecount="0" falsecount="2"/>
        <line num="82" count="0" type="stmt"/>
        <line num="89" count="0" type="stmt"/>
        <line num="100" count="0" type="stmt"/>
        <line num="101" count="0" type="stmt"/>
        <line num="102" count="0" type="stmt"/>
        <line num="103" count="0" type="stmt"/>
        <line num="104" count="0" type="stmt"/>
        <line num="105" count="0" type="stmt"/>
        <line num="106" count="0" type="cond" truecount="0" falsecount="2"/>
        <line num="107" count="0" type="stmt"/>
        <line num="117" count="0" type="stmt"/>
        <line num="120" count="0" type="cond" truecount="0" falsecount="2"/>
        <line num="121" count="0" type="stmt"/>
        <line num="123" count="0" type="stmt"/>
        <line num="126" count="0" type="cond" truecount="0" falsecount="2"/>
        <line num="127" count="0" type="stmt"/>
        <line num="128" count="0" type="stmt"/>
      </file>
      <file name="logger.ts" path="C:\Users\Jonathan Gonzalez\Documents\automation\BestLocator\src\app\logger.ts">
        <metrics statements="11" coveredstatements="4" conditionals="2" coveredconditionals="0" methods="8" coveredmethods="3"/>
        <line num="5" count="17" type="stmt"/>
        <line num="8" count="4" type="stmt"/>
        <line num="11" count="2" type="stmt"/>
        <line num="14" count="0" type="stmt"/>
        <line num="15" count="0" type="cond" truecount="0" falsecount="2"/>
        <line num="16" count="0" type="stmt"/>
        <line num="20" count="0" type="stmt"/>
        <line num="23" count="0" type="stmt"/>
        <line num="26" count="0" type="stmt"/>
        <line num="30" count="0" type="stmt"/>
        <line num="34" count="4" type="stmt"/>
      </file>
      <file name="mobile-inspector.ts" path="C:\Users\Jonathan Gonzalez\Documents\automation\BestLocator\src\app\mobile-inspector.ts">
        <metrics statements="69" coveredstatements="0" conditionals="13" coveredconditionals="0" methods="16" coveredmethods="0"/>
        <line num="10" count="0" type="stmt"/>
        <line num="13" count="0" type="stmt"/>
        <line num="14" count="0" type="stmt"/>
        <line num="15" count="0" type="stmt"/>
        <line num="16" count="0" type="stmt"/>
        <line num="17" count="0" type="stmt"/>
        <line num="18" count="0" type="stmt"/>
        <line num="19" count="0" type="stmt"/>
        <line num="20" count="0" type="stmt"/>
        <line num="23" count="0" type="stmt"/>
        <line num="25" count="0" type="stmt"/>
        <line num="26" count="0" type="stmt"/>
        <line num="27" count="0" type="stmt"/>
        <line num="28" count="0" type="stmt"/>
        <line num="29" count="0" type="stmt"/>
        <line num="35" count="0" type="stmt"/>
        <line num="38" count="0" type="stmt"/>
        <line num="39" count="0" type="stmt"/>
        <line num="40" count="0" type="stmt"/>
        <line num="41" count="0" type="stmt"/>
        <line num="43" count="0" type="stmt"/>
        <line num="44" count="0" type="stmt"/>
        <line num="46" count="0" type="stmt"/>
        <line num="47" count="0" type="stmt"/>
        <line num="48" count="0" type="stmt"/>
        <line num="50" count="0" type="stmt"/>
        <line num="51" count="0" type="cond" truecount="0" falsecount="2"/>
        <line num="52" count="0" type="stmt"/>
        <line num="53" count="0" type="stmt"/>
        <line num="55" count="0" type="stmt"/>
        <line num="56" count="0" type="stmt"/>
        <line num="57" count="0" type="stmt"/>
        <line num="58" count="0" type="stmt"/>
        <line num="59" count="0" type="stmt"/>
        <line num="60" count="0" type="stmt"/>
        <line num="61" count="0" type="stmt"/>
        <line num="62" count="0" type="stmt"/>
        <line num="63" count="0" type="stmt"/>
        <line num="64" count="0" type="stmt"/>
        <line num="65" count="0" type="stmt"/>
        <line num="66" count="0" type="stmt"/>
        <line num="67" count="0" type="stmt"/>
        <line num="69" count="0" type="stmt"/>
        <line num="70" count="0" type="stmt"/>
        <line num="71" count="0" type="stmt"/>
        <line num="72" count="0" type="stmt"/>
        <line num="75" count="0" type="stmt"/>
        <line num="77" count="0" type="stmt"/>
        <line num="78" count="0" type="stmt"/>
        <line num="80" count="0" type="stmt"/>
        <line num="83" count="0" type="stmt"/>
        <line num="84" count="0" type="stmt"/>
        <line num="85" count="0" type="stmt"/>
        <line num="86" count="0" type="stmt"/>
        <line num="87" count="0" type="stmt"/>
        <line num="88" count="0" type="stmt"/>
        <line num="90" count="0" type="stmt"/>
        <line num="94" count="0" type="stmt"/>
        <line num="95" count="0" type="stmt"/>
        <line num="96" count="0" type="stmt"/>
        <line num="97" count="0" type="cond" truecount="0" falsecount="4"/>
        <line num="98" count="0" type="stmt"/>
        <line num="100" count="0" type="cond" truecount="0" falsecount="4"/>
        <line num="101" count="0" type="stmt"/>
        <line num="104" count="0" type="stmt"/>
        <line num="107" count="0" type="stmt"/>
        <line num="111" count="0" type="cond" truecount="0" falsecount="2"/>
        <line num="112" count="0" type="stmt"/>
        <line num="113" count="0" type="stmt"/>
      </file>
    </package>
    <package name="commands">
      <metrics statements="185" coveredstatements="0" conditionals="90" coveredconditionals="0" methods="40" coveredmethods="0"/>
      <file name="ai-test.ts" path="C:\Users\Jonathan Gonzalez\Documents\automation\BestLocator\src\commands\ai-test.ts">
        <metrics statements="21" coveredstatements="0" conditionals="16" coveredconditionals="0" methods="1" coveredmethods="0"/>
        <line num="5" count="0" type="stmt"/>
        <line num="6" count="0" type="stmt"/>
        <line num="7" count="0" type="cond" truecount="0" falsecount="2"/>
        <line num="8" count="0" type="stmt"/>
        <line num="9" count="0" type="stmt"/>
        <line num="11" count="0" type="stmt"/>
        <line num="12" count="0" type="stmt"/>
        <line num="13" count="0" type="stmt"/>
        <line num="14" count="0" type="stmt"/>
        <line num="15" count="0" type="cond" truecount="0" falsecount="2"/>
        <line num="16" count="0" type="stmt"/>
        <line num="18" count="0" type="stmt"/>
        <line num="19" count="0" type="cond" truecount="0" falsecount="4"/>
        <line num="20" count="0" type="stmt"/>
        <line num="22" count="0" type="cond" truecount="0" falsecount="4"/>
        <line num="23" count="0" type="stmt"/>
        <line num="27" count="0" type="stmt"/>
        <line num="28" count="0" type="cond" truecount="0" falsecount="2"/>
        <line num="29" count="0" type="stmt"/>
        <line num="31" count="0" type="cond" truecount="0" falsecount="2"/>
        <line num="32" count="0" type="stmt"/>
      </file>
      <file name="config.ts" path="C:\Users\Jonathan Gonzalez\Documents\automation\BestLocator\src\commands\config.ts">
        <metrics statements="29" coveredstatements="0" conditionals="8" coveredconditionals="0" methods="3" coveredmethods="0"/>
        <line num="6" count="0" type="stmt"/>
        <line num="7" count="0" type="stmt"/>
        <line num="8" count="0" type="stmt"/>
        <line num="9" count="0" type="stmt"/>
        <line num="10" count="0" type="stmt"/>
        <line num="11" count="0" type="stmt"/>
        <line num="12" count="0" type="stmt"/>
        <line num="13" count="0" type="stmt"/>
        <line num="14" count="0" type="cond" truecount="0" falsecount="2"/>
        <line num="15" count="0" type="cond" truecount="0" falsecount="2"/>
        <line num="16" count="0" type="stmt"/>
        <line num="17" count="0" type="stmt"/>
        <line num="18" count="0" type="cond" truecount="0" falsecount="2"/>
        <line num="19" count="0" type="stmt"/>
        <line num="20" count="0" type="stmt"/>
        <line num="21" count="0" type="stmt"/>
        <line num="22" count="0" type="cond" truecount="0" falsecount="2"/>
        <line num="23" count="0" type="stmt"/>
        <line num="26" count="0" type="stmt"/>
        <line num="27" count="0" type="stmt"/>
        <line num="30" count="0" type="stmt"/>
        <line num="31" count="0" type="stmt"/>
        <line num="32" count="0" type="stmt"/>
        <line num="33" count="0" type="stmt"/>
        <line num="35" count="0" type="stmt"/>
        <line num="36" count="0" type="stmt"/>
        <line num="37" count="0" type="stmt"/>
        <line num="38" count="0" type="stmt"/>
        <line num="39" count="0" type="stmt"/>
      </file>
      <file name="go.ts" path="C:\Users\Jonathan Gonzalez\Documents\automation\BestLocator\src\commands\go.ts">
        <metrics statements="5" coveredstatements="0" conditionals="0" coveredconditionals="0" methods="2" coveredmethods="0"/>
        <line num="10" count="0" type="stmt"/>
        <line num="12" count="0" type="stmt"/>
        <line num="15" count="0" type="stmt"/>
        <line num="16" count="0" type="stmt"/>
        <line num="18" count="0" type="stmt"/>
      </file>
      <file name="hello.ts" path="C:\Users\Jonathan Gonzalez\Documents\automation\BestLocator\src\commands\hello.ts">
        <metrics statements="7" coveredstatements="0" conditionals="2" coveredconditionals="0" methods="1" coveredmethods="0"/>
        <line num="5" count="0" type="stmt"/>
        <line num="7" count="0" type="stmt"/>
        <line num="8" count="0" type="stmt"/>
        <line num="9" count="0" type="stmt"/>
        <line num="10" count="0" type="cond" truecount="0" falsecount="2"/>
        <line num="11" count="0" type="stmt"/>
        <line num="15" count="0" type="stmt"/>
      </file>
      <file name="init.ts" path="C:\Users\Jonathan Gonzalez\Documents\automation\BestLocator\src\commands\init.ts">
        <metrics statements="4" coveredstatements="0" conditionals="2" coveredconditionals="0" methods="1" coveredmethods="0"/>
        <line num="5" count="0" type="stmt"/>
        <line num="6" count="0" type="cond" truecount="0" falsecount="2"/>
        <line num="7" count="0" type="stmt"/>
        <line num="10" count="0" type="stmt"/>
      </file>
      <file name="mobile-inspector.ts" path="C:\Users\Jonathan Gonzalez\Documents\automation\BestLocator\src\commands\mobile-inspector.ts">
        <metrics statements="3" coveredstatements="0" conditionals="2" coveredconditionals="0" methods="3" coveredmethods="0"/>
        <line num="5" count="0" type="cond" truecount="0" falsecount="2"/>
        <line num="6" count="0" type="stmt"/>
        <line num="8" count="0" type="stmt"/>
      </file>
      <file name="pick-mobile-multiple.ts" path="C:\Users\Jonathan Gonzalez\Documents\automation\BestLocator\src\commands\pick-mobile-multiple.ts">
        <metrics statements="5" coveredstatements="0" conditionals="2" coveredconditionals="0" methods="2" coveredmethods="0"/>
        <line num="10" count="0" type="cond" truecount="0" falsecount="2"/>
        <line num="12" count="0" type="stmt"/>
        <line num="15" count="0" type="stmt"/>
        <line num="16" count="0" type="stmt"/>
        <line num="18" count="0" type="stmt"/>
      </file>
      <file name="pick-mobile.ts" path="C:\Users\Jonathan Gonzalez\Documents\automation\BestLocator\src\commands\pick-mobile.ts">
        <metrics statements="5" coveredstatements="0" conditionals="2" coveredconditionals="0" methods="2" coveredmethods="0"/>
        <line num="10" count="0" type="cond" truecount="0" falsecount="2"/>
        <line num="12" count="0" type="stmt"/>
        <line num="15" count="0" type="stmt"/>
        <line num="16" count="0" type="stmt"/>
        <line num="18" count="0" type="stmt"/>
      </file>
      <file name="pick-multiple.ts" path="C:\Users\Jonathan Gonzalez\Documents\automation\BestLocator\src\commands\pick-multiple.ts">
        <metrics statements="5" coveredstatements="0" conditionals="0" coveredconditionals="0" methods="2" coveredmethods="0"/>
        <line num="10" count="0" type="stmt"/>
        <line num="12" count="0" type="stmt"/>
        <line num="15" count="0" type="stmt"/>
        <line num="16" count="0" type="stmt"/>
        <line num="18" count="0" type="stmt"/>
      </file>
      <file name="pick-toggle.ts" path="C:\Users\Jonathan Gonzalez\Documents\automation\BestLocator\src\commands\pick-toggle.ts">
        <metrics statements="79" coveredstatements="0" conditionals="54" coveredconditionals="0" methods="20" coveredmethods="0"/>
        <line num="10" count="0" type="stmt"/>
        <line num="11" count="0" type="stmt"/>
        <line num="12" count="0" type="stmt"/>
        <line num="13" count="0" type="stmt"/>
        <line num="14" count="0" type="stmt"/>
        <line num="16" count="0" type="stmt"/>
        <line num="18" count="0" type="stmt"/>
        <line num="20" count="0" type="stmt"/>
        <line num="22" count="0" type="stmt"/>
        <line num="23" count="0" type="stmt"/>
        <line num="24" count="0" type="stmt"/>
        <line num="27" count="0" type="stmt"/>
        <line num="28" count="0" type="stmt"/>
        <line num="30" count="0" type="stmt"/>
        <line num="38" count="0" type="stmt"/>
        <line num="40" count="0" type="stmt"/>
        <line num="41" count="0" type="stmt"/>
        <line num="42" count="0" type="stmt"/>
        <line num="43" count="0" type="stmt"/>
        <line num="46" count="0" type="stmt"/>
        <line num="50" count="0" type="stmt"/>
        <line num="51" count="0" type="cond" truecount="0" falsecount="2"/>
        <line num="52" count="0" type="stmt"/>
        <line num="53" count="0" type="stmt"/>
        <line num="54" count="0" type="stmt"/>
        <line num="57" count="0" type="stmt"/>
        <line num="66" count="0" type="stmt"/>
        <line num="67" count="0" type="stmt"/>
        <line num="69" count="0" type="stmt"/>
        <line num="70" count="0" type="stmt"/>
        <line num="76" count="0" type="cond" truecount="0" falsecount="4"/>
        <line num="77" count="0" type="stmt"/>
        <line num="79" count="0" type="stmt"/>
        <line num="81" count="0" type="stmt"/>
        <line num="82" count="0" type="cond" truecount="0" falsecount="2"/>
        <line num="83" count="0" type="stmt"/>
        <line num="86" count="0" type="stmt"/>
        <line num="91" count="0" type="stmt"/>
        <line num="98" count="0" type="stmt"/>
        <line num="99" count="0" type="stmt"/>
        <line num="100" count="0" type="stmt"/>
        <line num="101" count="0" type="stmt"/>
        <line num="102" count="0" type="stmt"/>
        <line num="104" count="0" type="stmt"/>
        <line num="106" count="0" type="cond" truecount="0" falsecount="2"/>
        <line num="107" count="0" type="stmt"/>
        <line num="110" count="0" type="stmt"/>
        <line num="116" count="0" type="stmt"/>
        <line num="119" count="0" type="cond" truecount="0" falsecount="4"/>
        <line num="120" count="0" type="stmt"/>
        <line num="121" count="0" type="stmt"/>
        <line num="124" count="0" type="stmt"/>
        <line num="130" count="0" type="stmt"/>
        <line num="133" count="0" type="cond" truecount="0" falsecount="2"/>
        <line num="134" count="0" type="stmt"/>
        <line num="141" count="0" type="stmt"/>
        <line num="143" count="0" type="stmt"/>
        <line num="144" count="0" type="cond" truecount="0" falsecount="2"/>
        <line num="145" count="0" type="stmt"/>
        <line num="146" count="0" type="cond" truecount="0" falsecount="4"/>
        <line num="147" count="0" type="stmt"/>
        <line num="148" count="0" type="stmt"/>
        <line num="151" count="0" type="stmt"/>
        <line num="152" count="0" type="stmt"/>
        <line num="153" count="0" type="stmt"/>
        <line num="154" count="0" type="cond" truecount="0" falsecount="2"/>
        <line num="155" count="0" type="stmt"/>
        <line num="156" count="0" type="cond" truecount="0" falsecount="2"/>
        <line num="160" count="0" type="stmt"/>
        <line num="162" count="0" type="stmt"/>
        <line num="163" count="0" type="stmt"/>
        <line num="164" count="0" type="cond" truecount="0" falsecount="2"/>
        <line num="165" count="0" type="stmt"/>
        <line num="167" count="0" type="stmt"/>
        <line num="170" count="0" type="stmt"/>
        <line num="171" count="0" type="stmt"/>
        <line num="178" count="0" type="cond" truecount="0" falsecount="2"/>
        <line num="179" count="0" type="stmt"/>
        <line num="180" count="0" type="stmt"/>
      </file>
      <file name="pick.ts" path="C:\Users\Jonathan Gonzalez\Documents\automation\BestLocator\src\commands\pick.ts">
        <metrics statements="5" coveredstatements="0" conditionals="0" coveredconditionals="0" methods="2" coveredmethods="0"/>
        <line num="10" count="0" type="stmt"/>
        <line num="12" count="0" type="stmt"/>
        <line num="15" count="0" type="stmt"/>
        <line num="16" count="0" type="stmt"/>
        <line num="18" count="0" type="stmt"/>
      </file>
      <file name="validate.ts" path="C:\Users\Jonathan Gonzalez\Documents\automation\BestLocator\src\commands\validate.ts">
        <metrics statements="17" coveredstatements="0" conditionals="2" coveredconditionals="0" methods="1" coveredmethods="0"/>
        <line num="7" count="0" type="stmt"/>
        <line num="8" count="0" type="stmt"/>
        <line num="11" count="0" type="cond" truecount="0" falsecount="2"/>
        <line num="13" count="0" type="stmt"/>
        <line num="14" count="0" type="stmt"/>
        <line num="15" count="0" type="stmt"/>
        <line num="16" count="0" type="stmt"/>
        <line num="17" count="0" type="stmt"/>
        <line num="18" count="0" type="stmt"/>
        <line num="19" count="0" type="stmt"/>
        <line num="20" count="0" type="stmt"/>
        <line num="21" count="0" type="stmt"/>
        <line num="22" count="0" type="stmt"/>
        <line num="23" count="0" type="stmt"/>
        <line num="24" count="0" type="stmt"/>
        <line num="27" count="0" type="stmt"/>
        <line num="30" count="0" type="stmt"/>
      </file>
    </package>
    <package name="commands.shared">
      <metrics statements="112" coveredstatements="0" conditionals="65" coveredconditionals="0" methods="10" coveredmethods="0"/>
      <file name="browser-utils.ts" path="C:\Users\Jonathan Gonzalez\Documents\automation\BestLocator\src\commands\shared\browser-utils.ts">
        <metrics statements="13" coveredstatements="0" conditionals="4" coveredconditionals="0" methods="1" coveredmethods="0"/>
        <line num="5" count="0" type="stmt"/>
        <line num="6" count="0" type="stmt"/>
        <line num="7" count="0" type="cond" truecount="0" falsecount="2"/>
        <line num="8" count="0" type="stmt"/>
        <line num="9" count="0" type="stmt"/>
        <line num="10" count="0" type="stmt"/>
        <line num="11" count="0" type="stmt"/>
        <line num="12" count="0" type="stmt"/>
        <line num="13" count="0" type="stmt"/>
        <line num="16" count="0" type="cond" truecount="0" falsecount="2"/>
        <line num="17" count="0" type="stmt"/>
        <line num="19" count="0" type="stmt"/>
        <line num="22" count="0" type="stmt"/>
      </file>
      <file name="device-utils.ts" path="C:\Users\Jonathan Gonzalez\Documents\automation\BestLocator\src\commands\shared\device-utils.ts">
        <metrics statements="20" coveredstatements="0" conditionals="4" coveredconditionals="0" methods="1" coveredmethods="0"/>
        <line num="7" count="0" type="stmt"/>
        <line num="8" count="0" type="stmt"/>
        <line num="9" count="0" type="cond" truecount="0" falsecount="2"/>
        <line num="10" count="0" type="stmt"/>
        <line num="11" count="0" type="stmt"/>
        <line num="13" count="0" type="stmt"/>
        <line num="14" count="0" type="stmt"/>
        <line num="15" count="0" type="stmt"/>
        <line num="16" count="0" type="stmt"/>
        <line num="18" count="0" type="stmt"/>
        <line num="19" count="0" type="stmt"/>
        <line num="20" count="0" type="stmt"/>
        <line num="27" count="0" type="stmt"/>
        <line num="30" count="0" type="stmt"/>
        <line num="31" count="0" type="stmt"/>
        <line num="34" count="0" type="stmt"/>
        <line num="35" count="0" type="cond" truecount="0" falsecount="2"/>
        <line num="36" count="0" type="stmt"/>
        <line num="38" count="0" type="stmt"/>
        <line num="39" count="0" type="stmt"/>
      </file>
      <file name="element-capture.ts" path="C:\Users\Jonathan Gonzalez\Documents\automation\BestLocator\src\commands\shared\element-capture.ts">
        <metrics statements="18" coveredstatements="0" conditionals="10" coveredconditionals="0" methods="2" coveredmethods="0"/>
        <line num="2" count="0" type="stmt"/>
        <line num="5" count="0" type="stmt"/>
        <line num="10" count="0" type="stmt"/>
        <line num="16" count="0" type="stmt"/>
        <line num="17" count="0" type="stmt"/>
        <line num="18" count="0" type="stmt"/>
        <line num="19" count="0" type="stmt"/>
        <line num="20" count="0" type="stmt"/>
        <line num="21" count="0" type="cond" truecount="0" falsecount="2"/>
        <line num="22" count="0" type="stmt"/>
        <line num="23" count="0" type="cond" truecount="0" falsecount="2"/>
        <line num="26" count="0" type="stmt"/>
        <line num="27" count="0" type="cond" truecount="0" falsecount="2"/>
        <line num="28" count="0" type="stmt"/>
        <line num="29" count="0" type="cond" truecount="0" falsecount="2"/>
        <line num="30" count="0" type="stmt"/>
        <line num="31" count="0" type="cond" truecount="0" falsecount="2"/>
        <line num="32" count="0" type="stmt"/>
      </file>
      <file name="mobile-element-capture.ts" path="C:\Users\Jonathan Gonzalez\Documents\automation\BestLocator\src\commands\shared\mobile-element-capture.ts">
        <metrics statements="9" coveredstatements="0" conditionals="4" coveredconditionals="0" methods="1" coveredmethods="0"/>
        <line num="4" count="0" type="stmt"/>
        <line num="5" count="0" type="stmt"/>
        <line num="6" count="0" type="stmt"/>
        <line num="8" count="0" type="stmt"/>
        <line num="9" count="0" type="cond" truecount="0" falsecount="4"/>
        <line num="10" count="0" type="stmt"/>
        <line num="11" count="0" type="stmt"/>
        <line num="13" count="0" type="stmt"/>
        <line num="14" count="0" type="stmt"/>
      </file>
      <file name="selector-processor.ts" path="C:\Users\Jonathan Gonzalez\Documents\automation\BestLocator\src\commands\shared\selector-processor.ts">
        <metrics statements="52" coveredstatements="0" conditionals="43" coveredconditionals="0" methods="5" coveredmethods="0"/>
        <line num="7" count="0" type="stmt"/>
        <line num="14" count="0" type="cond" truecount="0" falsecount="2"/>
        <line num="15" count="0" type="stmt"/>
        <line num="16" count="0" type="stmt"/>
        <line num="18" count="0" type="stmt"/>
        <line num="19" count="0" type="cond" truecount="0" falsecount="2"/>
        <line num="20" count="0" type="cond" truecount="0" falsecount="2"/>
        <line num="21" count="0" type="stmt"/>
        <line num="22" count="0" type="stmt"/>
        <line num="23" count="0" type="stmt"/>
        <line num="24" count="0" type="stmt"/>
        <line num="27" count="0" type="cond" truecount="0" falsecount="6"/>
        <line num="28" count="0" type="stmt"/>
        <line num="29" count="0" type="stmt"/>
        <line num="32" count="0" type="stmt"/>
        <line num="35" count="0" type="cond" truecount="0" falsecount="2"/>
        <line num="38" count="0" type="cond" truecount="0" falsecount="2"/>
        <line num="39" count="0" type="stmt"/>
        <line num="41" count="0" type="stmt"/>
        <line num="42" count="0" type="cond" truecount="0" falsecount="2"/>
        <line num="43" count="0" type="stmt"/>
        <line num="44" count="0" type="cond" truecount="0" falsecount="3"/>
        <line num="45" count="0" type="stmt"/>
        <line num="46" count="0" type="stmt"/>
        <line num="49" count="0" type="stmt"/>
        <line num="50" count="0" type="stmt"/>
        <line num="51" count="0" type="stmt"/>
        <line num="52" count="0" type="cond" truecount="0" falsecount="4"/>
        <line num="53" count="0" type="stmt"/>
        <line num="57" count="0" type="cond" truecount="0" falsecount="6"/>
        <line num="58" count="0" type="stmt"/>
        <line num="60" count="0" type="stmt"/>
        <line num="61" count="0" type="stmt"/>
        <line num="62" count="0" type="stmt"/>
        <line num="63" count="0" type="stmt"/>
        <line num="66" count="0" type="stmt"/>
        <line num="67" count="0" type="stmt"/>
        <line num="68" count="0" type="stmt"/>
        <line num="71" count="0" type="cond" truecount="0" falsecount="2"/>
        <line num="72" count="0" type="stmt"/>
        <line num="73" count="0" type="stmt"/>
        <line num="74" count="0" type="stmt"/>
        <line num="75" count="0" type="cond" truecount="0" falsecount="6"/>
        <line num="78" count="0" type="stmt"/>
        <line num="79" count="0" type="stmt"/>
        <line num="80" count="0" type="cond" truecount="0" falsecount="2"/>
        <line num="81" count="0" type="cond" truecount="0" falsecount="2"/>
        <line num="82" count="0" type="stmt"/>
        <line num="85" count="0" type="stmt"/>
        <line num="87" count="0" type="stmt"/>
        <line num="88" count="0" type="stmt"/>
        <line num="92" count="0" type="stmt"/>
      </file>
    </package>
    <package name="core">
      <metrics statements="359" coveredstatements="158" conditionals="313" coveredconditionals="116" methods="61" coveredmethods="35"/>
      <file name="ai-config.ts" path="C:\Users\Jonathan Gonzalez\Documents\automation\BestLocator\src\core\ai-config.ts">
        <metrics statements="1" coveredstatements="0" conditionals="2" coveredconditionals="0" methods="0" coveredmethods="0"/>
        <line num="1" count="0" type="stmt"/>
      </file>
      <file name="ai-engine.ts" path="C:\Users\Jonathan Gonzalez\Documents\automation\BestLocator\src\core\ai-engine.ts">
        <metrics statements="16" coveredstatements="2" conditionals="6" coveredconditionals="0" methods="4" coveredmethods="1"/>
        <line num="6" count="2" type="stmt"/>
        <line num="7" count="2" type="stmt"/>
        <line num="10" count="0" type="cond" truecount="0" falsecount="2"/>
        <line num="11" count="0" type="stmt"/>
        <line num="13" count="0" type="stmt"/>
        <line num="14" count="0" type="stmt"/>
        <line num="15" count="0" type="stmt"/>
        <line num="16" count="0" type="stmt"/>
        <line num="25" count="0" type="stmt"/>
        <line num="26" count="0" type="stmt"/>
        <line num="30" count="0" type="cond" truecount="0" falsecount="2"/>
        <line num="31" count="0" type="stmt"/>
        <line num="33" count="0" type="stmt"/>
        <line num="36" count="0" type="cond" truecount="0" falsecount="2"/>
        <line num="37" count="0" type="stmt"/>
        <line num="38" count="0" type="stmt"/>
      </file>
      <file name="config-manager.ts" path="C:\Users\Jonathan Gonzalez\Documents\automation\BestLocator\src\core\config-manager.ts">
        <metrics statements="40" coveredstatements="30" conditionals="19" coveredconditionals="14" methods="8" coveredmethods="7"/>
        <line num="6" count="3" type="stmt"/>
        <line num="29" count="3" type="stmt"/>
        <line num="80" count="5" type="stmt"/>
        <line num="81" count="5" type="stmt"/>
        <line num="84" count="4" type="cond" truecount="1" falsecount="1"/>
        <line num="85" count="4" type="stmt"/>
        <line num="88" count="4" type="cond" truecount="2" falsecount="0"/>
        <line num="89" count="2" type="stmt"/>
        <line num="92" count="4" type="stmt"/>
        <line num="95" count="4" type="stmt"/>
        <line num="97" count="4" type="stmt"/>
        <line num="98" count="4" type="stmt"/>
        <line num="101" count="0" type="stmt"/>
        <line num="102" count="0" type="stmt"/>
        <line num="103" count="0" type="stmt"/>
        <line num="107" count="0" type="stmt"/>
        <line num="109" count="4" type="stmt"/>
        <line num="112" count="5" type="cond" truecount="4" falsecount="0"/>
        <line num="113" count="4" type="stmt"/>
        <line num="115" count="5" type="stmt"/>
        <line num="118" count="5" type="stmt"/>
        <line num="119" count="5" type="stmt"/>
        <line num="120" count="8" type="stmt"/>
        <line num="121" count="8" type="cond" truecount="2" falsecount="0"/>
        <line num="122" count="4" type="stmt"/>
        <line num="125" count="1" type="cond" truecount="1" falsecount="2"/>
        <line num="126" count="1" type="cond" truecount="1" falsecount="1"/>
        <line num="127" count="1" type="stmt"/>
        <line num="128" count="2" type="stmt"/>
        <line num="129" count="2" type="cond" truecount="1" falsecount="1"/>
        <line num="130" count="0" type="stmt"/>
        <line num="134" count="1" type="stmt"/>
        <line num="137" count="4" type="stmt"/>
        <line num="175" count="2" type="cond" truecount="2" falsecount="0"/>
        <line num="178" count="5" type="stmt"/>
        <line num="181" count="0" type="stmt"/>
        <line num="207" count="0" type="stmt"/>
        <line num="208" count="0" type="stmt"/>
        <line num="209" count="0" type="stmt"/>
        <line num="210" count="0" type="stmt"/>
      </file>
      <file name="framework-formatter.ts" path="C:\Users\Jonathan Gonzalez\Documents\automation\BestLocator\src\core\framework-formatter.ts">
        <metrics statements="11" coveredstatements="7" conditionals="8" coveredconditionals="3" methods="3" coveredmethods="2"/>
        <line num="8" count="44" type="stmt"/>
        <line num="9" count="44" type="cond" truecount="2" falsecount="0"/>
        <line num="10" count="1" type="stmt"/>
        <line num="11" count="43" type="stmt"/>
        <line num="14" count="11" type="stmt"/>
        <line num="15" count="11" type="cond" truecount="1" falsecount="1"/>
        <line num="16" count="0" type="stmt"/>
        <line num="17" count="11" type="stmt"/>
        <line num="20" count="0" type="cond" truecount="0" falsecount="4"/>
        <line num="21" count="0" type="stmt"/>
        <line num="23" count="0" type="stmt"/>
      </file>
      <file name="mobile-selector-generator.ts" path="C:\Users\Jonathan Gonzalez\Documents\automation\BestLocator\src\core\mobile-selector-generator.ts">
        <metrics statements="80" coveredstatements="0" conditionals="106" coveredconditionals="0" methods="8" coveredmethods="0"/>
        <line num="5" count="0" type="stmt"/>
        <line num="6" count="0" type="stmt"/>
        <line num="11" count="0" type="stmt"/>
        <line num="12" count="0" type="cond" truecount="0" falsecount="2"/>
        <line num="13" count="0" type="stmt"/>
        <line num="16" count="0" type="stmt"/>
        <line num="22" count="0" type="stmt"/>
        <line num="23" count="0" type="cond" truecount="0" falsecount="2"/>
        <line num="24" count="0" type="cond" truecount="0" falsecount="5"/>
        <line num="25" count="0" type="stmt"/>
        <line num="27" count="0" type="cond" truecount="0" falsecount="4"/>
        <line num="28" count="0" type="stmt"/>
        <line num="30" count="0" type="stmt"/>
        <line num="31" count="0" type="cond" truecount="0" falsecount="2"/>
        <line num="32" count="0" type="stmt"/>
        <line num="34" count="0" type="stmt"/>
        <line num="35" count="0" type="stmt"/>
        <line num="38" count="0" type="stmt"/>
        <line num="39" count="0" type="cond" truecount="0" falsecount="2"/>
        <line num="40" count="0" type="cond" truecount="0" falsecount="2"/>
        <line num="41" count="0" type="cond" truecount="0" falsecount="5"/>
        <line num="42" count="0" type="stmt"/>
        <line num="43" count="0" type="stmt"/>
        <line num="45" count="0" type="cond" truecount="0" falsecount="5"/>
        <line num="46" count="0" type="stmt"/>
        <line num="48" count="0" type="cond" truecount="0" falsecount="5"/>
        <line num="49" count="0" type="stmt"/>
        <line num="51" count="0" type="cond" truecount="0" falsecount="4"/>
        <line num="52" count="0" type="stmt"/>
        <line num="55" count="0" type="stmt"/>
        <line num="57" count="0" type="cond" truecount="0" falsecount="4"/>
        <line num="58" count="0" type="stmt"/>
        <line num="61" count="0" type="stmt"/>
        <line num="62" count="0" type="stmt"/>
        <line num="66" count="0" type="stmt"/>
        <line num="67" count="0" type="stmt"/>
        <line num="68" count="0" type="cond" truecount="0" falsecount="2"/>
        <line num="69" count="0" type="cond" truecount="0" falsecount="4"/>
        <line num="70" count="0" type="stmt"/>
        <line num="72" count="0" type="cond" truecount="0" falsecount="2"/>
        <line num="73" count="0" type="stmt"/>
        <line num="75" count="0" type="cond" truecount="0" falsecount="5"/>
        <line num="76" count="0" type="stmt"/>
        <line num="78" count="0" type="cond" truecount="0" falsecount="2"/>
        <line num="81" count="0" type="stmt"/>
        <line num="82" count="0" type="stmt"/>
        <line num="83" count="0" type="cond" truecount="0" falsecount="2"/>
        <line num="84" count="0" type="cond" truecount="0" falsecount="2"/>
        <line num="85" count="0" type="cond" truecount="0" falsecount="4"/>
        <line num="86" count="0" type="stmt"/>
        <line num="88" count="0" type="cond" truecount="0" falsecount="4"/>
        <line num="89" count="0" type="stmt"/>
        <line num="91" count="0" type="cond" truecount="0" falsecount="2"/>
        <line num="92" count="0" type="stmt"/>
        <line num="94" count="0" type="cond" truecount="0" falsecount="4"/>
        <line num="95" count="0" type="stmt"/>
        <line num="97" count="0" type="cond" truecount="0" falsecount="2"/>
        <line num="98" count="0" type="stmt"/>
        <line num="99" count="0" type="stmt"/>
        <line num="102" count="0" type="stmt"/>
        <line num="103" count="0" type="cond" truecount="0" falsecount="4"/>
        <line num="104" count="0" type="stmt"/>
        <line num="105" count="0" type="stmt"/>
        <line num="106" count="0" type="cond" truecount="0" falsecount="2"/>
        <line num="107" count="0" type="cond" truecount="0" falsecount="2"/>
        <line num="108" count="0" type="cond" truecount="0" falsecount="2"/>
        <line num="109" count="0" type="cond" truecount="0" falsecount="2"/>
        <line num="110" count="0" type="stmt"/>
        <line num="111" count="0" type="cond" truecount="0" falsecount="5"/>
        <line num="112" count="0" type="stmt"/>
        <line num="115" count="0" type="cond" truecount="0" falsecount="4"/>
        <line num="116" count="0" type="stmt"/>
        <line num="118" count="0" type="cond" truecount="0" falsecount="2"/>
        <line num="119" count="0" type="stmt"/>
        <line num="121" count="0" type="cond" truecount="0" falsecount="4"/>
        <line num="122" count="0" type="stmt"/>
        <line num="125" count="0" type="cond" truecount="0" falsecount="2"/>
        <line num="126" count="0" type="stmt"/>
        <line num="128" count="0" type="stmt"/>
        <line num="131" count="0" type="stmt"/>
      </file>
      <file name="prompt-templates.ts" path="C:\Users\Jonathan Gonzalez\Documents\automation\BestLocator\src\core\prompt-templates.ts">
        <metrics statements="14" coveredstatements="10" conditionals="6" coveredconditionals="2" methods="7" coveredmethods="5"/>
        <line num="5" count="5" type="stmt"/>
        <line num="17" count="6" type="stmt"/>
        <line num="20" count="6" type="stmt"/>
        <line num="24" count="6" type="stmt"/>
        <line num="25" count="6" type="stmt"/>
        <line num="26" count="6" type="cond" truecount="1" falsecount="1"/>
        <line num="27" count="6" type="cond" truecount="1" falsecount="1"/>
        <line num="28" count="6" type="stmt"/>
        <line num="75" count="4" type="stmt"/>
        <line num="78" count="4" type="stmt"/>
        <line num="104" count="0" type="stmt"/>
        <line num="126" count="0" type="stmt"/>
        <line num="127" count="0" type="stmt"/>
        <line num="128" count="0" type="stmt"/>
      </file>
      <file name="selector-generator.ts" path="C:\Users\Jonathan Gonzalez\Documents\automation\BestLocator\src\core\selector-generator.ts">
        <metrics statements="131" coveredstatements="109" conditionals="129" coveredconditionals="97" methods="21" coveredmethods="20"/>
        <line num="7" count="2" type="stmt"/>
        <line num="8" count="2" type="stmt"/>
        <line num="9" count="2" type="cond" truecount="1" falsecount="1"/>
        <line num="10" count="2" type="stmt"/>
        <line num="14" count="0" type="stmt"/>
        <line num="15" count="0" type="cond" truecount="0" falsecount="2"/>
        <line num="16" count="0" type="stmt"/>
        <line num="18" count="0" type="cond" truecount="0" falsecount="4"/>
        <line num="19" count="0" type="stmt"/>
        <line num="20" count="0" type="stmt"/>
        <line num="23" count="0" type="stmt"/>
        <line num="26" count="0" type="stmt"/>
        <line num="32" count="43" type="stmt"/>
        <line num="34" count="43" type="stmt"/>
        <line num="36" count="43" type="stmt"/>
        <line num="40" count="43" type="stmt"/>
        <line num="48" count="43" type="stmt"/>
        <line num="50" count="43" type="stmt"/>
        <line num="51" count="43" type="cond" truecount="2" falsecount="0"/>
        <line num="52" count="1" type="stmt"/>
        <line num="55" count="42" type="stmt"/>
        <line num="56" count="42" type="cond" truecount="4" falsecount="0"/>
        <line num="57" count="2" type="stmt"/>
        <line num="60" count="40" type="cond" truecount="2" falsecount="2"/>
        <line num="61" count="0" type="stmt"/>
        <line num="64" count="40" type="cond" truecount="1" falsecount="1"/>
        <line num="66" count="0" type="cond" truecount="0" falsecount="4"/>
        <line num="67" count="0" type="stmt"/>
        <line num="70" count="0" type="cond" truecount="0" falsecount="4"/>
        <line num="71" count="0" type="stmt"/>
        <line num="72" count="0" type="cond" truecount="0" falsecount="2"/>
        <line num="73" count="0" type="stmt"/>
        <line num="78" count="40" type="cond" truecount="2" falsecount="0"/>
        <line num="79" count="1" type="stmt"/>
        <line num="82" count="39" type="stmt"/>
        <line num="83" count="39" type="cond" truecount="4" falsecount="0"/>
        <line num="84" count="2" type="stmt"/>
        <line num="87" count="37" type="cond" truecount="2" falsecount="3"/>
        <line num="88" count="0" type="stmt"/>
        <line num="91" count="37" type="stmt"/>
        <line num="92" count="37" type="cond" truecount="2" falsecount="0"/>
        <line num="93" count="4" type="stmt"/>
        <line num="96" count="33" type="stmt"/>
        <line num="97" count="33" type="cond" truecount="2" falsecount="0"/>
        <line num="98" count="8" type="stmt"/>
        <line num="101" count="25" type="stmt"/>
        <line num="102" count="25" type="cond" truecount="2" falsecount="0"/>
        <line num="103" count="3" type="stmt"/>
        <line num="106" count="22" type="stmt"/>
        <line num="110" count="42" type="stmt"/>
        <line num="111" count="42" type="stmt"/>
        <line num="112" count="42" type="cond" truecount="2" falsecount="0"/>
        <line num="113" count="27" type="stmt"/>
        <line num="115" count="15" type="stmt"/>
        <line num="116" count="15" type="cond" truecount="2" falsecount="0"/>
        <line num="117" count="13" type="cond" truecount="6" falsecount="0"/>
        <line num="119" count="2" type="stmt"/>
        <line num="125" count="13" type="stmt"/>
        <line num="129" count="39" type="stmt"/>
        <line num="130" count="39" type="cond" truecount="4" falsecount="0"/>
        <line num="131" count="27" type="stmt"/>
        <line num="133" count="12" type="cond" truecount="2" falsecount="0"/>
        <line num="134" count="1" type="stmt"/>
        <line num="136" count="11" type="stmt"/>
        <line num="137" count="60" type="cond" truecount="2" falsecount="0"/>
        <line num="138" count="11" type="cond" truecount="2" falsecount="0"/>
        <line num="140" count="9" type="stmt"/>
        <line num="143" count="2" type="cond" truecount="1" falsecount="1"/>
        <line num="145" count="2" type="stmt"/>
        <line num="147" count="0" type="stmt"/>
        <line num="151" count="37" type="stmt"/>
        <line num="152" count="37" type="cond" truecount="4" falsecount="0"/>
        <line num="153" count="27" type="stmt"/>
        <line num="155" count="10" type="stmt"/>
        <line num="161" count="35" type="cond" truecount="2" falsecount="0"/>
        <line num="162" count="5" type="stmt"/>
        <line num="164" count="5" type="cond" truecount="2" falsecount="0"/>
        <line num="165" count="4" type="stmt"/>
        <line num="167" count="1" type="stmt"/>
        <line num="171" count="33" type="cond" truecount="2" falsecount="0"/>
        <line num="172" count="23" type="stmt"/>
        <line num="173" count="10" type="stmt"/>
        <line num="174" count="10" type="cond" truecount="2" falsecount="0"/>
        <line num="175" count="2" type="stmt"/>
        <line num="177" count="8" type="stmt"/>
        <line num="178" count="8" type="stmt"/>
        <line num="179" count="30" type="cond" truecount="2" falsecount="0"/>
        <line num="180" count="8" type="stmt"/>
        <line num="183" count="0" type="stmt"/>
        <line num="187" count="25" type="stmt"/>
        <line num="188" count="25" type="cond" truecount="4" falsecount="0"/>
        <line num="189" count="21" type="stmt"/>
        <line num="190" count="25" type="stmt"/>
        <line num="192" count="4" type="stmt"/>
        <line num="194" count="25" type="stmt"/>
        <line num="205" count="132" type="cond" truecount="2" falsecount="0"/>
        <line num="206" count="17" type="stmt"/>
        <line num="209" count="8" type="cond" truecount="1" falsecount="1"/>
        <line num="210" count="0" type="stmt"/>
        <line num="213" count="8" type="cond" truecount="3" falsecount="1"/>
        <line num="214" count="0" type="stmt"/>
        <line num="216" count="8" type="stmt"/>
        <line num="218" count="4" type="cond" truecount="2" falsecount="0"/>
        <line num="220" count="3" type="stmt"/>
        <line num="222" count="8" type="stmt"/>
        <line num="223" count="16" type="cond" truecount="2" falsecount="0"/>
        <line num="224" count="13" type="stmt"/>
        <line num="225" count="3" type="cond" truecount="1" falsecount="1"/>
        <line num="226" count="0" type="stmt"/>
        <line num="227" count="3" type="stmt"/>
        <line num="229" count="8" type="stmt"/>
        <line num="232" count="3" type="stmt"/>
        <line num="233" count="3" type="stmt"/>
        <line num="235" count="1" type="stmt"/>
        <line num="239" count="22" type="stmt"/>
        <line num="241" count="22" type="cond" truecount="2" falsecount="0"/>
        <line num="242" count="1" type="stmt"/>
        <line num="245" count="21" type="cond" truecount="2" falsecount="2"/>
        <line num="246" count="0" type="stmt"/>
        <line num="249" count="21" type="cond" truecount="2" falsecount="0"/>
        <line num="250" count="2" type="stmt"/>
        <line num="253" count="19" type="stmt"/>
        <line num="257" count="52" type="stmt"/>
        <line num="259" count="52" type="cond" truecount="2" falsecount="0"/>
        <line num="260" count="11" type="stmt"/>
        <line num="262" count="52" type="stmt"/>
        <line num="265" count="43" type="stmt"/>
        <line num="266" count="169" type="cond" truecount="2" falsecount="0"/>
        <line num="267" count="1" type="stmt"/>
        <line num="270" count="42" type="stmt"/>
        <line num="276" count="43" type="stmt"/>
      </file>
      <file name="selector-validator.ts" path="C:\Users\Jonathan Gonzalez\Documents\automation\BestLocator\src\core\selector-validator.ts">
        <metrics statements="66" coveredstatements="0" conditionals="37" coveredconditionals="0" methods="10" coveredmethods="0"/>
        <line num="4" count="0" type="stmt"/>
        <line num="5" count="0" type="stmt"/>
        <line num="7" count="0" type="stmt"/>
        <line num="8" count="0" type="cond" truecount="0" falsecount="2"/>
        <line num="9" count="0" type="stmt"/>
        <line num="16" count="0" type="cond" truecount="0" falsecount="2"/>
        <line num="17" count="0" type="stmt"/>
        <line num="25" count="0" type="stmt"/>
        <line num="26" count="0" type="stmt"/>
        <line num="27" count="0" type="stmt"/>
        <line num="34" count="0" type="stmt"/>
        <line num="42" count="0" type="stmt"/>
        <line num="43" count="0" type="stmt"/>
        <line num="44" count="0" type="cond" truecount="0" falsecount="2"/>
        <line num="45" count="0" type="stmt"/>
        <line num="46" count="0" type="stmt"/>
        <line num="48" count="0" type="stmt"/>
        <line num="49" count="0" type="stmt"/>
        <line num="50" count="0" type="stmt"/>
        <line num="51" count="0" type="stmt"/>
        <line num="52" count="0" type="cond" truecount="0" falsecount="2"/>
        <line num="53" count="0" type="stmt"/>
        <line num="55" count="0" type="stmt"/>
        <line num="57" count="0" type="stmt"/>
        <line num="66" count="0" type="stmt"/>
        <line num="72" count="0" type="stmt"/>
        <line num="73" count="0" type="stmt"/>
        <line num="75" count="0" type="cond" truecount="0" falsecount="2"/>
        <line num="76" count="0" type="stmt"/>
        <line num="77" count="0" type="stmt"/>
        <line num="78" count="0" type="cond" truecount="0" falsecount="2"/>
        <line num="79" count="0" type="stmt"/>
        <line num="83" count="0" type="cond" truecount="0" falsecount="2"/>
        <line num="84" count="0" type="stmt"/>
        <line num="85" count="0" type="stmt"/>
        <line num="86" count="0" type="cond" truecount="0" falsecount="2"/>
        <line num="87" count="0" type="stmt"/>
        <line num="94" count="0" type="stmt"/>
        <line num="97" count="0" type="stmt"/>
        <line num="98" count="0" type="stmt"/>
        <line num="99" count="0" type="cond" truecount="0" falsecount="3"/>
        <line num="101" count="0" type="stmt"/>
        <line num="102" count="0" type="stmt"/>
        <line num="103" count="0" type="cond" truecount="0" falsecount="2"/>
        <line num="104" count="0" type="stmt"/>
        <line num="105" count="0" type="cond" truecount="0" falsecount="2"/>
        <line num="106" count="0" type="cond" truecount="0" falsecount="2"/>
        <line num="107" count="0" type="cond" truecount="0" falsecount="2"/>
        <line num="108" count="0" type="cond" truecount="0" falsecount="2"/>
        <line num="109" count="0" type="cond" truecount="0" falsecount="4"/>
        <line num="110" count="0" type="stmt"/>
        <line num="111" count="0" type="stmt"/>
        <line num="112" count="0" type="stmt"/>
        <line num="116" count="0" type="stmt"/>
        <line num="118" count="0" type="stmt"/>
        <line num="119" count="0" type="stmt"/>
        <line num="120" count="0" type="stmt"/>
        <line num="121" count="0" type="stmt"/>
        <line num="123" count="0" type="stmt"/>
        <line num="124" count="0" type="stmt"/>
        <line num="125" count="0" type="stmt"/>
        <line num="126" count="0" type="cond" truecount="0" falsecount="4"/>
        <line num="127" count="0" type="stmt"/>
        <line num="128" count="0" type="stmt"/>
        <line num="129" count="0" type="stmt"/>
        <line num="132" count="0" type="stmt"/>
      </file>
    </package>
    <package name="core.ai">
      <metrics statements="100" coveredstatements="76" conditionals="71" coveredconditionals="47" methods="10" coveredmethods="10"/>
      <file name="ai-orchestrator.ts" path="C:\Users\Jonathan Gonzalez\Documents\automation\BestLocator\src\core\ai\ai-orchestrator.ts">
        <metrics statements="65" coveredstatements="52" conditionals="36" coveredconditionals="24" methods="6" coveredmethods="6"/>
        <line num="14" count="17" type="cond" truecount="2" falsecount="2"/>
        <line num="15" count="0" type="stmt"/>
        <line num="17" count="17" type="cond" truecount="3" falsecount="1"/>
        <line num="19" count="17" type="stmt"/>
        <line num="23" count="0" type="stmt"/>
        <line num="29" count="3" type="stmt"/>
        <line num="30" count="3" type="stmt"/>
        <line num="47" count="6" type="stmt"/>
        <line num="48" count="6" type="stmt"/>
        <line num="49" count="6" type="stmt"/>
        <line num="50" count="6" type="stmt"/>
        <line num="52" count="9" type="stmt"/>
        <line num="53" count="9" type="stmt"/>
        <line num="54" count="9" type="stmt"/>
        <line num="56" count="9" type="stmt"/>
        <line num="57" count="9" type="cond" truecount="1" falsecount="1"/>
        <line num="58" count="0" type="stmt"/>
        <line num="62" count="0" type="stmt"/>
        <line num="63" count="0" type="stmt"/>
        <line num="65" count="9" type="stmt"/>
        <line num="66" count="9" type="stmt"/>
        <line num="68" count="6" type="cond" truecount="1" falsecount="1"/>
        <line num="77" count="0" type="stmt"/>
        <line num="81" count="0" type="stmt"/>
        <line num="82" count="0" type="stmt"/>
        <line num="85" count="6" type="cond" truecount="4" falsecount="0"/>
        <line num="86" count="1" type="stmt"/>
        <line num="90" count="1" type="stmt"/>
        <line num="91" count="1" type="stmt"/>
        <line num="93" count="5" type="stmt"/>
        <line num="94" count="5" type="cond" truecount="1" falsecount="1"/>
        <line num="95" count="0" type="stmt"/>
        <line num="97" count="5" type="stmt"/>
        <line num="98" count="5" type="stmt"/>
        <line num="101" count="3" type="cond" truecount="1" falsecount="1"/>
        <line num="102" count="3" type="stmt"/>
        <line num="103" count="3" type="stmt"/>
        <line num="104" count="3" type="stmt"/>
        <line num="107" count="1" type="stmt"/>
        <line num="113" count="9" type="stmt"/>
        <line num="114" count="9" type="stmt"/>
        <line num="115" count="9" type="stmt"/>
        <line num="116" count="9" type="cond" truecount="1" falsecount="1"/>
        <line num="117" count="9" type="stmt"/>
        <line num="120" count="0" type="stmt"/>
        <line num="122" count="9" type="stmt"/>
        <line num="123" count="9" type="cond" truecount="1" falsecount="1"/>
        <line num="124" count="0" type="stmt"/>
        <line num="125" count="9" type="stmt"/>
        <line num="126" count="9" type="cond" truecount="1" falsecount="1"/>
        <line num="127" count="0" type="stmt"/>
        <line num="128" count="9" type="stmt"/>
        <line num="131" count="9" type="stmt"/>
        <line num="132" count="9" type="stmt"/>
        <line num="133" count="9" type="stmt"/>
        <line num="134" count="661" type="cond" truecount="2" falsecount="0"/>
        <line num="135" count="9" type="cond" truecount="1" falsecount="1"/>
        <line num="136" count="9" type="stmt"/>
        <line num="137" count="9" type="stmt"/>
        <line num="139" count="652" type="cond" truecount="2" falsecount="0"/>
        <line num="140" count="9" type="stmt"/>
        <line num="141" count="9" type="cond" truecount="3" falsecount="1"/>
        <line num="142" count="9" type="stmt"/>
        <line num="146" count="0" type="stmt"/>
        <line num="152" count="4" type="stmt"/>
      </file>
      <file name="ai-provider-factory.ts" path="C:\Users\Jonathan Gonzalez\Documents\automation\BestLocator\src\core\ai\ai-provider-factory.ts">
        <metrics statements="10" coveredstatements="4" conditionals="7" coveredconditionals="4" methods="1" coveredmethods="1"/>
        <line num="5" count="2" type="cond" truecount="3" falsecount="1"/>
        <line num="6" count="0" type="stmt"/>
        <line num="8" count="2" type="cond" truecount="1" falsecount="2"/>
        <line num="10" count="0" type="stmt"/>
        <line num="12" count="2" type="stmt"/>
        <line num="13" count="2" type="stmt"/>
        <line num="16" count="0" type="stmt"/>
        <line num="17" count="0" type="stmt"/>
        <line num="20" count="0" type="stmt"/>
        <line num="21" count="0" type="stmt"/>
      </file>
      <file name="aria-calculator.ts" path="C:\Users\Jonathan Gonzalez\Documents\automation\BestLocator\src\core\ai\aria-calculator.ts">
        <metrics statements="25" coveredstatements="20" conditionals="28" coveredconditionals="19" methods="3" coveredmethods="3"/>
        <line num="4" count="7" type="stmt"/>
        <line num="21" count="7" type="stmt"/>
        <line num="37" count="45" type="cond" truecount="2" falsecount="0"/>
        <line num="38" count="2" type="stmt"/>
        <line num="40" count="43" type="stmt"/>
        <line num="42" count="43" type="cond" truecount="4" falsecount="0"/>
        <line num="43" count="3" type="stmt"/>
        <line num="45" count="40" type="cond" truecount="2" falsecount="2"/>
        <line num="46" count="0" type="stmt"/>
        <line num="49" count="40" type="cond" truecount="2" falsecount="2"/>
        <line num="50" count="0" type="cond" truecount="0" falsecount="2"/>
        <line num="53" count="40" type="cond" truecount="2" falsecount="0"/>
        <line num="56" count="44" type="stmt"/>
        <line num="59" count="44" type="cond" truecount="2" falsecount="0"/>
        <line num="60" count="1" type="stmt"/>
        <line num="63" count="43" type="stmt"/>
        <line num="64" count="43" type="cond" truecount="2" falsecount="0"/>
        <line num="65" count="15" type="stmt"/>
        <line num="68" count="28" type="cond" truecount="1" falsecount="1"/>
        <line num="69" count="0" type="stmt"/>
        <line num="71" count="28" type="cond" truecount="1" falsecount="1"/>
        <line num="72" count="0" type="stmt"/>
        <line num="74" count="28" type="cond" truecount="1" falsecount="1"/>
        <line num="75" count="0" type="stmt"/>
        <line num="77" count="28" type="stmt"/>
      </file>
      <file name="iai-provider.ts" path="C:\Users\Jonathan Gonzalez\Documents\automation\BestLocator\src\core\ai\iai-provider.ts">
        <metrics statements="0" coveredstatements="0" conditionals="0" coveredconditionals="0" methods="0" coveredmethods="0"/>
      </file>
    </package>
    <package name="core.ai.providers">
      <metrics statements="53" coveredstatements="39" conditionals="20" coveredconditionals="14" methods="13" coveredmethods="7"/>
      <file name="ollama-provider.ts" path="C:\Users\Jonathan Gonzalez\Documents\automation\BestLocator\src\core\ai\providers\ollama-provider.ts">
        <metrics statements="24" coveredstatements="17" conditionals="6" coveredconditionals="2" methods="7" coveredmethods="4"/>
        <line num="4" count="3" type="stmt"/>
        <line num="7" count="1" type="stmt"/>
        <line num="8" count="1" type="cond" truecount="1" falsecount="1"/>
        <line num="11" count="0" type="stmt"/>
        <line num="12" count="0" type="stmt"/>
        <line num="15" count="2" type="stmt"/>
        <line num="16" count="2" type="stmt"/>
        <line num="17" count="2" type="stmt"/>
        <line num="18" count="2" type="stmt"/>
        <line num="19" count="1" type="stmt"/>
        <line num="20" count="1" type="stmt"/>
        <line num="23" count="1" type="stmt"/>
        <line num="28" count="1" type="stmt"/>
        <line num="29" count="1" type="stmt"/>
        <line num="30" count="1" type="stmt"/>
        <line num="31" count="1" type="stmt"/>
        <line num="42" count="1" type="stmt"/>
        <line num="43" count="1" type="cond" truecount="1" falsecount="1"/>
        <line num="44" count="0" type="stmt"/>
        <line num="45" count="1" type="stmt"/>
        <line num="48" count="0" type="stmt"/>
        <line num="49" count="0" type="cond" truecount="0" falsecount="2"/>
        <line num="50" count="0" type="stmt"/>
        <line num="51" count="0" type="stmt"/>
      </file>
      <file name="openai-provider.ts" path="C:\Users\Jonathan Gonzalez\Documents\automation\BestLocator\src\core\ai\providers\openai-provider.ts">
        <metrics statements="29" coveredstatements="22" conditionals="14" coveredconditionals="12" methods="6" coveredmethods="3"/>
        <line num="4" count="6" type="stmt"/>
        <line num="6" count="6" type="cond" truecount="2" falsecount="0"/>
        <line num="7" count="6" type="cond" truecount="4" falsecount="0"/>
        <line num="8" count="1" type="stmt"/>
        <line num="10" count="5" type="cond" truecount="2" falsecount="0"/>
        <line num="11" count="1" type="stmt"/>
        <line num="14" count="4" type="stmt"/>
        <line num="17" count="2" type="stmt"/>
        <line num="18" count="1" type="cond" truecount="1" falsecount="1"/>
        <line num="21" count="0" type="stmt"/>
        <line num="22" count="0" type="stmt"/>
        <line num="25" count="0" type="stmt"/>
        <line num="26" count="0" type="stmt"/>
        <line num="27" count="0" type="stmt"/>
        <line num="30" count="0" type="stmt"/>
        <line num="34" count="2" type="stmt"/>
        <line num="35" count="2" type="stmt"/>
        <line num="36" count="2" type="stmt"/>
        <line num="37" count="2" type="stmt"/>
        <line num="38" count="2" type="stmt"/>
        <line num="51" count="2" type="stmt"/>
        <line num="52" count="2" type="cond" truecount="2" falsecount="0"/>
        <line num="53" count="1" type="stmt"/>
        <line num="54" count="1" type="stmt"/>
        <line num="56" count="1" type="stmt"/>
        <line num="59" count="1" type="stmt"/>
        <line num="60" count="1" type="cond" truecount="1" falsecount="1"/>
        <line num="61" count="0" type="stmt"/>
        <line num="62" count="1" type="stmt"/>
      </file>
    </package>
    <package name="core.formatters">
      <metrics statements="2" coveredstatements="2" conditionals="0" coveredconditionals="0" methods="0" coveredmethods="0"/>
      <file name="registry.ts" path="C:\Users\Jonathan Gonzalez\Documents\automation\BestLocator\src\core\formatters\registry.ts">
        <metrics statements="2" coveredstatements="2" conditionals="0" coveredconditionals="0" methods="0" coveredmethods="0"/>
        <line num="8" count="2" type="stmt"/>
        <line num="15" count="2" type="stmt"/>
      </file>
      <file name="types.ts" path="C:\Users\Jonathan Gonzalez\Documents\automation\BestLocator\src\core\formatters\types.ts">
        <metrics statements="0" coveredstatements="0" conditionals="0" coveredconditionals="0" methods="0" coveredmethods="0"/>
      </file>
    </package>
    <package name="core.formatters.frameworks">
      <metrics statements="241" coveredstatements="121" conditionals="205" coveredconditionals="84" methods="28" coveredmethods="21"/>
      <file name="appium-formatter.ts" path="C:\Users\Jonathan Gonzalez\Documents\automation\BestLocator\src\core\formatters\frameworks\appium-formatter.ts">
        <metrics statements="64" coveredstatements="33" conditionals="58" coveredconditionals="28" methods="3" coveredmethods="3"/>
        <line num="1" count="5" type="stmt"/>
        <line num="2" count="9" type="stmt"/>
        <line num="5" count="11" type="stmt"/>
        <line num="6" count="11" type="stmt"/>
        <line num="7" count="11" type="stmt"/>
        <line num="8" count="11" type="cond" truecount="2" falsecount="0"/>
        <line num="10" count="11" type="cond" truecount="2" falsecount="0"/>
        <line num="11" count="11" type="cond" truecount="5" falsecount="1"/>
        <line num="13" count="5" type="cond" truecount="2" falsecount="0"/>
        <line num="14" count="2" type="stmt"/>
        <line num="16" count="3" type="cond" truecount="2" falsecount="0"/>
        <line num="17" count="1" type="stmt"/>
        <line num="19" count="2" type="cond" truecount="2" falsecount="0"/>
        <line num="20" count="1" type="stmt"/>
        <line num="22" count="1" type="cond" truecount="1" falsecount="1"/>
        <line num="23" count="1" type="stmt"/>
        <line num="25" count="0" type="stmt"/>
        <line num="27" count="1" type="cond" truecount="1" falsecount="1"/>
        <line num="28" count="0" type="stmt"/>
        <line num="30" count="1" type="cond" truecount="1" falsecount="1"/>
        <line num="31" count="1" type="stmt"/>
        <line num="33" count="0" type="cond" truecount="0" falsecount="2"/>
        <line num="34" count="0" type="stmt"/>
        <line num="36" count="0" type="cond" truecount="0" falsecount="2"/>
        <line num="37" count="0" type="stmt"/>
        <line num="39" count="0" type="stmt"/>
        <line num="41" count="1" type="cond" truecount="1" falsecount="1"/>
        <line num="42" count="0" type="stmt"/>
        <line num="44" count="1" type="cond" truecount="1" falsecount="1"/>
        <line num="45" count="0" type="stmt"/>
        <line num="47" count="1" type="cond" truecount="1" falsecount="1"/>
        <line num="48" count="1" type="stmt"/>
        <line num="50" count="0" type="cond" truecount="0" falsecount="2"/>
        <line num="51" count="0" type="stmt"/>
        <line num="53" count="0" type="stmt"/>
        <line num="55" count="1" type="cond" truecount="1" falsecount="1"/>
        <line num="56" count="0" type="stmt"/>
        <line num="58" count="1" type="cond" truecount="1" falsecount="1"/>
        <line num="59" count="0" type="stmt"/>
        <line num="61" count="1" type="cond" truecount="1" falsecount="1"/>
        <line num="62" count="0" type="stmt"/>
        <line num="64" count="1" type="cond" truecount="1" falsecount="1"/>
        <line num="65" count="1" type="stmt"/>
        <line num="67" count="0" type="stmt"/>
        <line num="69" count="3" type="stmt"/>
        <line num="70" count="3" type="cond" truecount="2" falsecount="0"/>
        <line num="71" count="2" type="stmt"/>
        <line num="73" count="1" type="cond" truecount="1" falsecount="1"/>
        <line num="74" count="1" type="stmt"/>
        <line num="76" count="0" type="cond" truecount="0" falsecount="2"/>
        <line num="77" count="0" type="stmt"/>
        <line num="79" count="0" type="cond" truecount="0" falsecount="2"/>
        <line num="80" count="0" type="stmt"/>
        <line num="82" count="0" type="stmt"/>
        <line num="85" count="0" type="stmt"/>
        <line num="86" count="0" type="cond" truecount="0" falsecount="2"/>
        <line num="87" count="0" type="stmt"/>
        <line num="89" count="0" type="cond" truecount="0" falsecount="2"/>
        <line num="90" count="0" type="stmt"/>
        <line num="92" count="0" type="cond" truecount="0" falsecount="2"/>
        <line num="93" count="0" type="stmt"/>
        <line num="95" count="0" type="cond" truecount="0" falsecount="2"/>
        <line num="96" count="0" type="stmt"/>
        <line num="98" count="0" type="stmt"/>
      </file>
      <file name="cypress-formatter.ts" path="C:\Users\Jonathan Gonzalez\Documents\automation\BestLocator\src\core\formatters\frameworks\cypress-formatter.ts">
        <metrics statements="14" coveredstatements="7" conditionals="12" coveredconditionals="3" methods="3" coveredmethods="2"/>
        <line num="1" count="2" type="stmt"/>
        <line num="2" count="2" type="stmt"/>
        <line num="5" count="3" type="cond" truecount="3" falsecount="5"/>
        <line num="7" count="1" type="stmt"/>
        <line num="9" count="1" type="stmt"/>
        <line num="11" count="0" type="stmt"/>
        <line num="13" count="0" type="stmt"/>
        <line num="15" count="1" type="stmt"/>
        <line num="16" count="1" type="stmt"/>
        <line num="19" count="0" type="stmt"/>
        <line num="20" count="0" type="cond" truecount="0" falsecount="2"/>
        <line num="23" count="0" type="stmt"/>
        <line num="24" count="0" type="cond" truecount="0" falsecount="2"/>
        <line num="27" count="0" type="stmt"/>
      </file>
      <file name="playwright-formatter.ts" path="C:\Users\Jonathan Gonzalez\Documents\automation\BestLocator\src\core\formatters\frameworks\playwright-formatter.ts">
        <metrics statements="108" coveredstatements="47" conditionals="93" coveredconditionals="33" methods="15" coveredmethods="9"/>
        <line num="1" count="17" type="stmt"/>
        <line num="2" count="5" type="stmt"/>
        <line num="5" count="16" type="stmt"/>
        <line num="6" count="16" type="stmt"/>
        <line num="7" count="16" type="stmt"/>
        <line num="8" count="16" type="cond" truecount="2" falsecount="0"/>
        <line num="10" count="16" type="stmt"/>
        <line num="12" count="6" type="cond" truecount="2" falsecount="0"/>
        <line num="13" count="1" type="stmt"/>
        <line num="14" count="5" type="cond" truecount="2" falsecount="0"/>
        <line num="15" count="1" type="stmt"/>
        <line num="16" count="4" type="cond" truecount="2" falsecount="0"/>
        <line num="17" count="1" type="stmt"/>
        <line num="18" count="3" type="stmt"/>
        <line num="21" count="0" type="cond" truecount="0" falsecount="2"/>
        <line num="22" count="0" type="stmt"/>
        <line num="23" count="0" type="cond" truecount="0" falsecount="2"/>
        <line num="24" count="0" type="stmt"/>
        <line num="25" count="0" type="cond" truecount="0" falsecount="2"/>
        <line num="26" count="0" type="stmt"/>
        <line num="27" count="0" type="stmt"/>
        <line num="30" count="6" type="cond" truecount="2" falsecount="0"/>
        <line num="31" count="1" type="cond" truecount="1" falsecount="1"/>
        <line num="33" count="5" type="cond" truecount="1" falsecount="1"/>
        <line num="34" count="0" type="cond" truecount="0" falsecount="2"/>
        <line num="36" count="5" type="cond" truecount="1" falsecount="1"/>
        <line num="37" count="0" type="cond" truecount="0" falsecount="2"/>
        <line num="39" count="5" type="cond" truecount="1" falsecount="1"/>
        <line num="42" count="2" type="cond" truecount="1" falsecount="1"/>
        <line num="43" count="0" type="stmt"/>
        <line num="44" count="2" type="cond" truecount="1" falsecount="1"/>
        <line num="45" count="0" type="stmt"/>
        <line num="46" count="2" type="cond" truecount="1" falsecount="1"/>
        <line num="47" count="0" type="stmt"/>
        <line num="48" count="2" type="stmt"/>
        <line num="51" count="1" type="stmt"/>
        <line num="52" count="1" type="cond" truecount="1" falsecount="1"/>
        <line num="53" count="0" type="stmt"/>
        <line num="54" count="1" type="cond" truecount="1" falsecount="1"/>
        <line num="55" count="0" type="stmt"/>
        <line num="56" count="1" type="cond" truecount="1" falsecount="1"/>
        <line num="57" count="0" type="stmt"/>
        <line num="58" count="1" type="stmt"/>
        <line num="61" count="1" type="cond" truecount="1" falsecount="1"/>
        <line num="62" count="0" type="stmt"/>
        <line num="63" count="1" type="cond" truecount="1" falsecount="1"/>
        <line num="64" count="0" type="stmt"/>
        <line num="65" count="1" type="cond" truecount="1" falsecount="1"/>
        <line num="66" count="0" type="stmt"/>
        <line num="67" count="1" type="stmt"/>
        <line num="70" count="0" type="stmt"/>
        <line num="71" count="0" type="cond" truecount="0" falsecount="2"/>
        <line num="72" count="0" type="stmt"/>
        <line num="73" count="0" type="cond" truecount="0" falsecount="2"/>
        <line num="74" count="0" type="stmt"/>
        <line num="75" count="0" type="cond" truecount="0" falsecount="2"/>
        <line num="76" count="0" type="stmt"/>
        <line num="77" count="0" type="stmt"/>
        <line num="80" count="0" type="cond" truecount="0" falsecount="2"/>
        <line num="81" count="0" type="stmt"/>
        <line num="82" count="0" type="cond" truecount="0" falsecount="2"/>
        <line num="83" count="0" type="stmt"/>
        <line num="85" count="0" type="cond" truecount="0" falsecount="2"/>
        <line num="86" count="0" type="stmt"/>
        <line num="87" count="0" type="cond" truecount="0" falsecount="2"/>
        <line num="88" count="0" type="stmt"/>
        <line num="90" count="0" type="cond" truecount="0" falsecount="2"/>
        <line num="91" count="0" type="stmt"/>
        <line num="92" count="0" type="cond" truecount="0" falsecount="2"/>
        <line num="93" count="0" type="stmt"/>
        <line num="95" count="0" type="stmt"/>
        <line num="96" count="0" type="cond" truecount="0" falsecount="2"/>
        <line num="97" count="0" type="stmt"/>
        <line num="101" count="16" type="stmt"/>
        <line num="103" count="4" type="stmt"/>
        <line num="104" count="4" type="cond" truecount="1" falsecount="1"/>
        <line num="105" count="4" type="stmt"/>
        <line num="107" count="0" type="stmt"/>
        <line num="108" count="0" type="stmt"/>
        <line num="109" count="0" type="stmt"/>
        <line num="110" count="0" type="stmt"/>
        <line num="111" count="0" type="cond" truecount="0" falsecount="4"/>
        <line num="112" count="0" type="stmt"/>
        <line num="114" count="0" type="cond" truecount="0" falsecount="2"/>
        <line num="115" count="0" type="stmt"/>
        <line num="116" count="0" type="stmt"/>
        <line num="118" count="16" type="cond" truecount="5" falsecount="4"/>
        <line num="120" count="6" type="stmt"/>
        <line num="122" count="0" type="stmt"/>
        <line num="124" count="6" type="stmt"/>
        <line num="126" count="6" type="cond" truecount="2" falsecount="0"/>
        <line num="127" count="6" type="cond" truecount="2" falsecount="0"/>
        <line num="128" count="4" type="stmt"/>
        <line num="130" count="2" type="stmt"/>
        <line num="131" count="2" type="stmt"/>
        <line num="134" count="2" type="stmt"/>
        <line num="136" count="1" type="stmt"/>
        <line num="138" count="1" type="stmt"/>
        <line num="140" count="0" type="stmt"/>
        <line num="142" count="0" type="stmt"/>
        <line num="143" count="0" type="stmt"/>
        <line num="147" count="0" type="cond" truecount="0" falsecount="2"/>
        <line num="148" count="0" type="stmt"/>
        <line num="149" count="0" type="cond" truecount="0" falsecount="2"/>
        <line num="150" count="0" type="stmt"/>
        <line num="151" count="0" type="cond" truecount="0" falsecount="2"/>
        <line num="152" count="0" type="stmt"/>
        <line num="153" count="0" type="stmt"/>
      </file>
      <file name="selenium-formatter.ts" path="C:\Users\Jonathan Gonzalez\Documents\automation\BestLocator\src\core\formatters\frameworks\selenium-formatter.ts">
        <metrics statements="24" coveredstatements="14" conditionals="18" coveredconditionals="6" methods="3" coveredmethods="3"/>
        <line num="1" count="4" type="stmt"/>
        <line num="4" count="4" type="stmt"/>
        <line num="5" count="4" type="stmt"/>
        <line num="6" count="4" type="stmt"/>
        <line num="8" count="4" type="stmt"/>
        <line num="9" count="4" type="cond" truecount="2" falsecount="0"/>
        <line num="10" count="2" type="stmt"/>
        <line num="12" count="2" type="cond" truecount="1" falsecount="1"/>
        <line num="13" count="2" type="cond" truecount="1" falsecount="1"/>
        <line num="14" count="2" type="stmt"/>
        <line num="16" count="0" type="cond" truecount="0" falsecount="2"/>
        <line num="17" count="0" type="cond" truecount="0" falsecount="2"/>
        <line num="18" count="0" type="stmt"/>
        <line num="21" count="0" type="stmt"/>
        <line num="23" count="4" type="cond" truecount="2" falsecount="6"/>
        <line num="25" count="3" type="stmt"/>
        <line num="27" count="0" type="stmt"/>
        <line num="29" count="0" type="stmt"/>
        <line num="30" count="0" type="stmt"/>
        <line num="33" count="1" type="stmt"/>
        <line num="34" count="1" type="stmt"/>
        <line num="37" count="0" type="stmt"/>
        <line num="38" count="0" type="stmt"/>
        <line num="43" count="0" type="stmt"/>
      </file>
      <file name="testcafe-formatter.ts" path="C:\Users\Jonathan Gonzalez\Documents\automation\BestLocator\src\core\formatters\frameworks\testcafe-formatter.ts">
        <metrics statements="17" coveredstatements="11" conditionals="13" coveredconditionals="8" methods="2" coveredmethods="2"/>
        <line num="2" count="13" type="stmt"/>
        <line num="7" count="10" type="cond" truecount="4" falsecount="5"/>
        <line num="9" count="3" type="stmt"/>
        <line num="11" count="2" type="stmt"/>
        <line num="12" count="2" type="cond" truecount="2" falsecount="0"/>
        <line num="14" count="1" type="stmt"/>
        <line num="17" count="1" type="stmt"/>
        <line num="22" count="3" type="cond" truecount="2" falsecount="0"/>
        <line num="23" count="2" type="stmt"/>
        <line num="26" count="1" type="stmt"/>
        <line num="28" count="0" type="stmt"/>
        <line num="30" count="0" type="stmt"/>
        <line num="31" count="0" type="stmt"/>
        <line num="34" count="2" type="stmt"/>
        <line num="36" count="0" type="stmt"/>
        <line num="40" count="0" type="stmt"/>
        <line num="42" count="0" type="stmt"/>
      </file>
      <file name="webdriverio-formatter.ts" path="C:\Users\Jonathan Gonzalez\Documents\automation\BestLocator\src\core\formatters\frameworks\webdriverio-formatter.ts">
        <metrics statements="14" coveredstatements="9" conditionals="11" coveredconditionals="6" methods="2" coveredmethods="2"/>
        <line num="1" count="10" type="stmt"/>
        <line num="5" count="10" type="cond" truecount="4" falsecount="5"/>
        <line num="7" count="3" type="stmt"/>
        <line num="9" count="2" type="stmt"/>
        <line num="11" count="2" type="cond" truecount="2" falsecount="0"/>
        <line num="12" count="1" type="stmt"/>
        <line num="14" count="1" type="stmt"/>
        <line num="18" count="2" type="stmt"/>
        <line num="20" count="0" type="stmt"/>
        <line num="23" count="0" type="stmt"/>
        <line num="26" count="3" type="stmt"/>
        <line num="28" count="0" type="stmt"/>
        <line num="30" count="0" type="stmt"/>
        <line num="32" count="0" type="stmt"/>
      </file>
    </package>
    <package name="core.processing">
      <metrics statements="0" coveredstatements="0" conditionals="0" coveredconditionals="0" methods="0" coveredmethods="0"/>
      <file name="types.ts" path="C:\Users\Jonathan Gonzalez\Documents\automation\BestLocator\src\core\processing\types.ts">
        <metrics statements="0" coveredstatements="0" conditionals="0" coveredconditionals="0" methods="0" coveredmethods="0"/>
      </file>
    </package>
  </project>
</coverage>
