{"C:\\Users\\Jonathan Gonzalez\\Documents\\automation\\BestLocator\\src\\app\\browser-manager.ts": {"path":"C:\\Users\\Jonathan Gonzalez\\Documents\\automation\\BestLocator\\src\\app\\browser-manager.ts","statementMap":{"0":{"start":{"line":12,"column":8},"end":{"line":12,"column":28}},"1":{"start":{"line":13,"column":8},"end":{"line":13,"column":25}},"2":{"start":{"line":14,"column":8},"end":{"line":14,"column":29}},"3":{"start":{"line":17,"column":8},"end":{"line":17,"column":44}},"4":{"start":{"line":18,"column":8},"end":{"line":37,"column":9}},"5":{"start":{"line":19,"column":12},"end":{"line":22,"column":15}},"6":{"start":{"line":23,"column":12},"end":{"line":23,"column":63}},"7":{"start":{"line":24,"column":28},"end":{"line":26,"column":14}},"8":{"start":{"line":27,"column":12},"end":{"line":27,"column":48}},"9":{"start":{"line":28,"column":12},"end":{"line":28,"column":43}},"10":{"start":{"line":29,"column":12},"end":{"line":29,"column":82}},"11":{"start":{"line":30,"column":12},"end":{"line":30,"column":58}},"12":{"start":{"line":31,"column":12},"end":{"line":31,"column":29}},"13":{"start":{"line":34,"column":12},"end":{"line":34,"column":73}},"14":{"start":{"line":35,"column":12},"end":{"line":35,"column":31}},"15":{"start":{"line":36,"column":12},"end":{"line":36,"column":24}},"16":{"start":{"line":40,"column":8},"end":{"line":42,"column":9}},"17":{"start":{"line":41,"column":12},"end":{"line":41,"column":86}},"18":{"start":{"line":43,"column":8},"end":{"line":43,"column":25}},"19":{"start":{"line":46,"column":8},"end":{"line":47,"column":50}},"20":{"start":{"line":47,"column":12},"end":{"line":47,"column":50}},"21":{"start":{"line":48,"column":8},"end":{"line":52,"column":10}},"22":{"start":{"line":59,"column":8},"end":{"line":61,"column":9}},"23":{"start":{"line":60,"column":12},"end":{"line":60,"column":65}},"24":{"start":{"line":62,"column":8},"end":{"line":76,"column":9}},"25":{"start":{"line":65,"column":30},"end":{"line":65,"column":74}},"26":{"start":{"line":68,"column":31},"end":{"line":68,"column":89}},"27":{"start":{"line":70,"column":34},"end":{"line":70,"column":72}},"28":{"start":{"line":71,"column":12},"end":{"line":71,"column":52}},"29":{"start":{"line":74,"column":12},"end":{"line":74,"column":79}},"30":{"start":{"line":75,"column":12},"end":{"line":75,"column":24}},"31":{"start":{"line":80,"column":8},"end":{"line":81,"column":19}},"32":{"start":{"line":81,"column":12},"end":{"line":81,"column":19}},"33":{"start":{"line":82,"column":28},"end":{"line":86,"column":5}},"34":{"start":{"line":87,"column":8},"end":{"line":98,"column":24}},"35":{"start":{"line":88,"column":28},"end":{"line":88,"column":57}},"36":{"start":{"line":89,"column":12},"end":{"line":89,"column":37}},"37":{"start":{"line":90,"column":12},"end":{"line":96,"column":8}},"38":{"start":{"line":97,"column":12},"end":{"line":97,"column":47}},"39":{"start":{"line":101,"column":8},"end":{"line":105,"column":9}},"40":{"start":{"line":102,"column":12},"end":{"line":102,"column":39}},"41":{"start":{"line":103,"column":12},"end":{"line":103,"column":32}},"42":{"start":{"line":104,"column":12},"end":{"line":104,"column":29}}},"fnMap":{"0":{"name":"(anonymous_0)","decl":{"start":{"line":11,"column":4},"end":{"line":11,"column":5}},"loc":{"start":{"line":11,"column":24},"end":{"line":15,"column":5}},"line":11},"1":{"name":"(anonymous_1)","decl":{"start":{"line":16,"column":4},"end":{"line":16,"column":5}},"loc":{"start":{"line":16,"column":33},"end":{"line":38,"column":5}},"line":16},"2":{"name":"(anonymous_2)","decl":{"start":{"line":39,"column":4},"end":{"line":39,"column":5}},"loc":{"start":{"line":39,"column":14},"end":{"line":44,"column":5}},"line":39},"3":{"name":"(anonymous_3)","decl":{"start":{"line":45,"column":4},"end":{"line":45,"column":5}},"loc":{"start":{"line":45,"column":27},"end":{"line":53,"column":5}},"line":45},"4":{"name":"(anonymous_4)","decl":{"start":{"line":58,"column":4},"end":{"line":58,"column":5}},"loc":{"start":{"line":58,"column":38},"end":{"line":77,"column":5}},"line":58},"5":{"name":"(anonymous_5)","decl":{"start":{"line":78,"column":4},"end":{"line":78,"column":5}},"loc":{"start":{"line":78,"column":51},"end":{"line":99,"column":5}},"line":78},"6":{"name":"(anonymous_6)","decl":{"start":{"line":87,"column":33},"end":{"line":87,"column":34}},"loc":{"start":{"line":87,"column":43},"end":{"line":98,"column":9}},"line":87},"7":{"name":"(anonymous_7)","decl":{"start":{"line":100,"column":4},"end":{"line":100,"column":5}},"loc":{"start":{"line":100,"column":18},"end":{"line":106,"column":5}},"line":100}},"branchMap":{"0":{"loc":{"start":{"line":40,"column":8},"end":{"line":42,"column":9}},"type":"if","locations":[{"start":{"line":40,"column":8},"end":{"line":42,"column":9}},{"start":{},"end":{}}],"line":40},"1":{"loc":{"start":{"line":46,"column":8},"end":{"line":47,"column":50}},"type":"if","locations":[{"start":{"line":46,"column":8},"end":{"line":47,"column":50}},{"start":{},"end":{}}],"line":46},"2":{"loc":{"start":{"line":59,"column":8},"end":{"line":61,"column":9}},"type":"if","locations":[{"start":{"line":59,"column":8},"end":{"line":61,"column":9}},{"start":{},"end":{}}],"line":59},"3":{"loc":{"start":{"line":80,"column":8},"end":{"line":81,"column":19}},"type":"if","locations":[{"start":{"line":80,"column":8},"end":{"line":81,"column":19}},{"start":{},"end":{}}],"line":80},"4":{"loc":{"start":{"line":101,"column":8},"end":{"line":105,"column":9}},"type":"if","locations":[{"start":{"line":101,"column":8},"end":{"line":105,"column":9}},{"start":{},"end":{}}],"line":101}},"s":{"0":0,"1":0,"2":0,"3":0,"4":0,"5":0,"6":0,"7":0,"8":0,"9":0,"10":0,"11":0,"12":0,"13":0,"14":0,"15":0,"16":0,"17":0,"18":0,"19":0,"20":0,"21":0,"22":0,"23":0,"24":0,"25":0,"26":0,"27":0,"28":0,"29":0,"30":0,"31":0,"32":0,"33":0,"34":0,"35":0,"36":0,"37":0,"38":0,"39":0,"40":0,"41":0,"42":0},"f":{"0":0,"1":0,"2":0,"3":0,"4":0,"5":0,"6":0,"7":0},"b":{"0":[0,0],"1":[0,0],"2":[0,0],"3":[0,0],"4":[0,0]}}
,"C:\\Users\\Jonathan Gonzalez\\Documents\\automation\\BestLocator\\src\\app\\device-manager.ts": {"path":"C:\\Users\\Jonathan Gonzalez\\Documents\\automation\\BestLocator\\src\\app\\device-manager.ts","statementMap":{"0":{"start":{"line":7,"column":8},"end":{"line":7,"column":27}},"1":{"start":{"line":8,"column":8},"end":{"line":8,"column":29}},"2":{"start":{"line":9,"column":8},"end":{"line":9,"column":33}},"3":{"start":{"line":12,"column":8},"end":{"line":12,"column":54}},"4":{"start":{"line":13,"column":29},"end":{"line":13,"column":60}},"5":{"start":{"line":14,"column":8},"end":{"line":25,"column":9}},"6":{"start":{"line":15,"column":12},"end":{"line":18,"column":15}},"7":{"start":{"line":19,"column":12},"end":{"line":19,"column":85}},"8":{"start":{"line":20,"column":12},"end":{"line":20,"column":31}},"9":{"start":{"line":23,"column":12},"end":{"line":23,"column":71}},"10":{"start":{"line":24,"column":12},"end":{"line":24,"column":24}},"11":{"start":{"line":28,"column":8},"end":{"line":29,"column":54}},"12":{"start":{"line":29,"column":12},"end":{"line":29,"column":54}},"13":{"start":{"line":30,"column":8},"end":{"line":30,"column":49}},"14":{"start":{"line":33,"column":8},"end":{"line":34,"column":54}},"15":{"start":{"line":34,"column":12},"end":{"line":34,"column":54}},"16":{"start":{"line":35,"column":8},"end":{"line":35,"column":50}},"17":{"start":{"line":38,"column":8},"end":{"line":39,"column":54}},"18":{"start":{"line":39,"column":12},"end":{"line":39,"column":54}},"19":{"start":{"line":40,"column":25},"end":{"line":40,"column":52}},"20":{"start":{"line":41,"column":29},"end":{"line":41,"column":31}},"21":{"start":{"line":43,"column":16},"end":{"line":43,"column":17}},"22":{"start":{"line":44,"column":8},"end":{"line":74,"column":9}},"23":{"start":{"line":46,"column":28},"end":{"line":46,"column":30}},"24":{"start":{"line":47,"column":12},"end":{"line":72,"column":13}},"25":{"start":{"line":48,"column":29},"end":{"line":48,"column":56}},"26":{"start":{"line":49,"column":29},"end":{"line":49,"column":52}},"27":{"start":{"line":50,"column":29},"end":{"line":50,"column":68}},"28":{"start":{"line":50,"column":65},"end":{"line":50,"column":67}},"29":{"start":{"line":51,"column":35},"end":{"line":51,"column":75}},"30":{"start":{"line":52,"column":16},"end":{"line":68,"column":19}},"31":{"start":{"line":73,"column":12},"end":{"line":73,"column":16}},"32":{"start":{"line":75,"column":8},"end":{"line":75,"column":28}},"33":{"start":{"line":78,"column":33},"end":{"line":78,"column":79}},"34":{"start":{"line":79,"column":28},"end":{"line":79,"column":80}},"35":{"start":{"line":80,"column":27},"end":{"line":80,"column":48}},"36":{"start":{"line":81,"column":8},"end":{"line":97,"column":9}},"37":{"start":{"line":82,"column":12},"end":{"line":86,"column":14}},"38":{"start":{"line":89,"column":12},"end":{"line":96,"column":14}},"39":{"start":{"line":100,"column":27},"end":{"line":100,"column":29}},"40":{"start":{"line":101,"column":8},"end":{"line":116,"column":9}},"41":{"start":{"line":102,"column":32},"end":{"line":102,"column":100}},"42":{"start":{"line":103,"column":12},"end":{"line":112,"column":13}},"43":{"start":{"line":104,"column":16},"end":{"line":111,"column":17}},"44":{"start":{"line":105,"column":34},"end":{"line":105,"column":66}},"45":{"start":{"line":106,"column":20},"end":{"line":107,"column":49}},"46":{"start":{"line":107,"column":24},"end":{"line":107,"column":49}},"47":{"start":{"line":117,"column":8},"end":{"line":117,"column":26}},"48":{"start":{"line":120,"column":8},"end":{"line":122,"column":9}},"49":{"start":{"line":121,"column":12},"end":{"line":121,"column":87}},"50":{"start":{"line":123,"column":8},"end":{"line":123,"column":27}},"51":{"start":{"line":126,"column":8},"end":{"line":129,"column":9}},"52":{"start":{"line":127,"column":12},"end":{"line":127,"column":46}},"53":{"start":{"line":128,"column":12},"end":{"line":128,"column":31}}},"fnMap":{"0":{"name":"(anonymous_0)","decl":{"start":{"line":6,"column":4},"end":{"line":6,"column":5}},"loc":{"start":{"line":6,"column":34},"end":{"line":10,"column":5}},"line":6},"1":{"name":"(anonymous_1)","decl":{"start":{"line":11,"column":4},"end":{"line":11,"column":5}},"loc":{"start":{"line":11,"column":36},"end":{"line":26,"column":5}},"line":11},"2":{"name":"(anonymous_2)","decl":{"start":{"line":27,"column":4},"end":{"line":27,"column":5}},"loc":{"start":{"line":27,"column":26},"end":{"line":31,"column":5}},"line":27},"3":{"name":"(anonymous_3)","decl":{"start":{"line":32,"column":4},"end":{"line":32,"column":5}},"loc":{"start":{"line":32,"column":27},"end":{"line":36,"column":5}},"line":32},"4":{"name":"(anonymous_4)","decl":{"start":{"line":37,"column":4},"end":{"line":37,"column":5}},"loc":{"start":{"line":37,"column":27},"end":{"line":76,"column":5}},"line":37},"5":{"name":"(anonymous_5)","decl":{"start":{"line":50,"column":59},"end":{"line":50,"column":60}},"loc":{"start":{"line":50,"column":65},"end":{"line":50,"column":67}},"line":50},"6":{"name":"(anonymous_6)","decl":{"start":{"line":77,"column":4},"end":{"line":77,"column":5}},"loc":{"start":{"line":77,"column":31},"end":{"line":98,"column":5}},"line":77},"7":{"name":"(anonymous_7)","decl":{"start":{"line":99,"column":4},"end":{"line":99,"column":5}},"loc":{"start":{"line":99,"column":40},"end":{"line":118,"column":5}},"line":99},"8":{"name":"(anonymous_8)","decl":{"start":{"line":119,"column":4},"end":{"line":119,"column":5}},"loc":{"start":{"line":119,"column":16},"end":{"line":124,"column":5}},"line":119},"9":{"name":"(anonymous_9)","decl":{"start":{"line":125,"column":4},"end":{"line":125,"column":5}},"loc":{"start":{"line":125,"column":18},"end":{"line":130,"column":5}},"line":125}},"branchMap":{"0":{"loc":{"start":{"line":28,"column":8},"end":{"line":29,"column":54}},"type":"if","locations":[{"start":{"line":28,"column":8},"end":{"line":29,"column":54}},{"start":{},"end":{}}],"line":28},"1":{"loc":{"start":{"line":33,"column":8},"end":{"line":34,"column":54}},"type":"if","locations":[{"start":{"line":33,"column":8},"end":{"line":34,"column":54}},{"start":{},"end":{}}],"line":33},"2":{"loc":{"start":{"line":38,"column":8},"end":{"line":39,"column":54}},"type":"if","locations":[{"start":{"line":38,"column":8},"end":{"line":39,"column":54}},{"start":{},"end":{}}],"line":38},"3":{"loc":{"start":{"line":53,"column":29},"end":{"line":53,"column":58}},"type":"binary-expr","locations":[{"start":{"line":53,"column":29},"end":{"line":53,"column":45}},{"start":{"line":53,"column":49},"end":{"line":53,"column":58}}],"line":53},"4":{"loc":{"start":{"line":79,"column":28},"end":{"line":79,"column":80}},"type":"binary-expr","locations":[{"start":{"line":79,"column":28},"end":{"line":79,"column":52}},{"start":{"line":79,"column":56},"end":{"line":79,"column":80}}],"line":79},"5":{"loc":{"start":{"line":81,"column":8},"end":{"line":97,"column":9}},"type":"if","locations":[{"start":{"line":81,"column":8},"end":{"line":97,"column":9}},{"start":{"line":88,"column":13},"end":{"line":97,"column":9}}],"line":81},"6":{"loc":{"start":{"line":84,"column":20},"end":{"line":84,"column":74}},"type":"binary-expr","locations":[{"start":{"line":84,"column":20},"end":{"line":84,"column":31}},{"start":{"line":84,"column":35},"end":{"line":84,"column":74}}],"line":84},"7":{"loc":{"start":{"line":85,"column":20},"end":{"line":85,"column":80}},"type":"binary-expr","locations":[{"start":{"line":85,"column":20},"end":{"line":85,"column":30}},{"start":{"line":85,"column":34},"end":{"line":85,"column":46}},{"start":{"line":85,"column":50},"end":{"line":85,"column":80}}],"line":85},"8":{"loc":{"start":{"line":91,"column":20},"end":{"line":91,"column":74}},"type":"binary-expr","locations":[{"start":{"line":91,"column":20},"end":{"line":91,"column":31}},{"start":{"line":91,"column":35},"end":{"line":91,"column":74}}],"line":91},"9":{"loc":{"start":{"line":92,"column":20},"end":{"line":95,"column":17}},"type":"binary-expr","locations":[{"start":{"line":92,"column":20},"end":{"line":92,"column":30}},{"start":{"line":92,"column":34},"end":{"line":92,"column":46}},{"start":{"line":92,"column":50},"end":{"line":95,"column":17}}],"line":92},"10":{"loc":{"start":{"line":106,"column":20},"end":{"line":107,"column":49}},"type":"if","locations":[{"start":{"line":106,"column":20},"end":{"line":107,"column":49}},{"start":{},"end":{}}],"line":106},"11":{"loc":{"start":{"line":120,"column":8},"end":{"line":122,"column":9}},"type":"if","locations":[{"start":{"line":120,"column":8},"end":{"line":122,"column":9}},{"start":{},"end":{}}],"line":120},"12":{"loc":{"start":{"line":126,"column":8},"end":{"line":129,"column":9}},"type":"if","locations":[{"start":{"line":126,"column":8},"end":{"line":129,"column":9}},{"start":{},"end":{}}],"line":126}},"s":{"0":0,"1":0,"2":0,"3":0,"4":0,"5":0,"6":0,"7":0,"8":0,"9":0,"10":0,"11":0,"12":0,"13":0,"14":0,"15":0,"16":0,"17":0,"18":0,"19":0,"20":0,"21":0,"22":0,"23":0,"24":0,"25":0,"26":0,"27":0,"28":0,"29":0,"30":0,"31":0,"32":0,"33":0,"34":0,"35":0,"36":0,"37":0,"38":0,"39":0,"40":0,"41":0,"42":0,"43":0,"44":0,"45":0,"46":0,"47":0,"48":0,"49":0,"50":0,"51":0,"52":0,"53":0},"f":{"0":0,"1":0,"2":0,"3":0,"4":0,"5":0,"6":0,"7":0,"8":0,"9":0},"b":{"0":[0,0],"1":[0,0],"2":[0,0],"3":[0,0],"4":[0,0],"5":[0,0],"6":[0,0],"7":[0,0,0],"8":[0,0],"9":[0,0,0],"10":[0,0],"11":[0,0],"12":[0,0]}}
,"C:\\Users\\Jonathan Gonzalez\\Documents\\automation\\BestLocator\\src\\app\\logger.ts": {"path":"C:\\Users\\Jonathan Gonzalez\\Documents\\automation\\BestLocator\\src\\app\\logger.ts","statementMap":{"0":{"start":{"line":5,"column":8},"end":{"line":5,"column":41}},"1":{"start":{"line":8,"column":8},"end":{"line":8,"column":42}},"2":{"start":{"line":11,"column":8},"end":{"line":11,"column":43}},"3":{"start":{"line":14,"column":8},"end":{"line":14,"column":47}},"4":{"start":{"line":15,"column":8},"end":{"line":17,"column":9}},"5":{"start":{"line":16,"column":12},"end":{"line":16,"column":50}},"6":{"start":{"line":20,"column":8},"end":{"line":20,"column":42}},"7":{"start":{"line":23,"column":8},"end":{"line":23,"column":42}},"8":{"start":{"line":26,"column":8},"end":{"line":26,"column":51}},"9":{"start":{"line":30,"column":8},"end":{"line":30,"column":24}},"10":{"start":{"line":34,"column":22},"end":{"line":34,"column":34}}},"fnMap":{"0":{"name":"(anonymous_0)","decl":{"start":{"line":4,"column":4},"end":{"line":4,"column":5}},"loc":{"start":{"line":4,"column":18},"end":{"line":6,"column":5}},"line":4},"1":{"name":"(anonymous_1)","decl":{"start":{"line":7,"column":4},"end":{"line":7,"column":5}},"loc":{"start":{"line":7,"column":21},"end":{"line":9,"column":5}},"line":7},"2":{"name":"(anonymous_2)","decl":{"start":{"line":10,"column":4},"end":{"line":10,"column":5}},"loc":{"start":{"line":10,"column":21},"end":{"line":12,"column":5}},"line":10},"3":{"name":"(anonymous_3)","decl":{"start":{"line":13,"column":4},"end":{"line":13,"column":5}},"loc":{"start":{"line":13,"column":26},"end":{"line":18,"column":5}},"line":13},"4":{"name":"(anonymous_4)","decl":{"start":{"line":19,"column":4},"end":{"line":19,"column":5}},"loc":{"start":{"line":19,"column":17},"end":{"line":21,"column":5}},"line":19},"5":{"name":"(anonymous_5)","decl":{"start":{"line":22,"column":4},"end":{"line":22,"column":5}},"loc":{"start":{"line":22,"column":18},"end":{"line":24,"column":5}},"line":22},"6":{"name":"(anonymous_6)","decl":{"start":{"line":25,"column":4},"end":{"line":25,"column":5}},"loc":{"start":{"line":25,"column":22},"end":{"line":27,"column":5}},"line":25},"7":{"name":"(anonymous_7)","decl":{"start":{"line":29,"column":4},"end":{"line":29,"column":5}},"loc":{"start":{"line":29,"column":9},"end":{"line":31,"column":5}},"line":29}},"branchMap":{"0":{"loc":{"start":{"line":15,"column":8},"end":{"line":17,"column":9}},"type":"if","locations":[{"start":{"line":15,"column":8},"end":{"line":17,"column":9}},{"start":{},"end":{}}],"line":15}},"s":{"0":17,"1":4,"2":2,"3":0,"4":0,"5":0,"6":0,"7":0,"8":0,"9":0,"10":4},"f":{"0":17,"1":4,"2":2,"3":0,"4":0,"5":0,"6":0,"7":0},"b":{"0":[0,0]},"_coverageSchema":"1a1c01bbd47fc00a2c39e90264f33305004495a9","hash":"9a56e074527fad4fdc2a7788588cc2f225563205"}
,"C:\\Users\\Jonathan Gonzalez\\Documents\\automation\\BestLocator\\src\\app\\mobile-inspector.ts": {"path":"C:\\Users\\Jonathan Gonzalez\\Documents\\automation\\BestLocator\\src\\app\\mobile-inspector.ts","statementMap":{"0":{"start":{"line":10,"column":18},"end":{"line":10,"column":62}},"1":{"start":{"line":13,"column":8},"end":{"line":13,"column":43}},"2":{"start":{"line":14,"column":8},"end":{"line":14,"column":29}},"3":{"start":{"line":15,"column":8},"end":{"line":15,"column":33}},"4":{"start":{"line":16,"column":8},"end":{"line":16,"column":25}},"5":{"start":{"line":17,"column":8},"end":{"line":17,"column":27}},"6":{"start":{"line":18,"column":8},"end":{"line":18,"column":35}},"7":{"start":{"line":19,"column":8},"end":{"line":19,"column":29}},"8":{"start":{"line":20,"column":8},"end":{"line":20,"column":27}},"9":{"start":{"line":23,"column":8},"end":{"line":23,"column":37}},"10":{"start":{"line":25,"column":8},"end":{"line":37,"column":11}},"11":{"start":{"line":26,"column":12},"end":{"line":36,"column":13}},"12":{"start":{"line":27,"column":35},"end":{"line":27,"column":76}},"13":{"start":{"line":28,"column":33},"end":{"line":28,"column":74}},"14":{"start":{"line":29,"column":16},"end":{"line":32,"column":19}},"15":{"start":{"line":35,"column":16},"end":{"line":35,"column":63}},"16":{"start":{"line":38,"column":8},"end":{"line":42,"column":11}},"17":{"start":{"line":39,"column":32},"end":{"line":39,"column":40}},"18":{"start":{"line":40,"column":12},"end":{"line":40,"column":48}},"19":{"start":{"line":41,"column":12},"end":{"line":41,"column":85}},"20":{"start":{"line":43,"column":8},"end":{"line":45,"column":11}},"21":{"start":{"line":44,"column":12},"end":{"line":44,"column":58}},"22":{"start":{"line":46,"column":8},"end":{"line":49,"column":11}},"23":{"start":{"line":47,"column":12},"end":{"line":47,"column":39}},"24":{"start":{"line":48,"column":12},"end":{"line":48,"column":40}},"25":{"start":{"line":50,"column":8},"end":{"line":79,"column":11}},"26":{"start":{"line":51,"column":12},"end":{"line":54,"column":13}},"27":{"start":{"line":52,"column":16},"end":{"line":52,"column":78}},"28":{"start":{"line":53,"column":16},"end":{"line":53,"column":97}},"29":{"start":{"line":55,"column":12},"end":{"line":55,"column":24}},"30":{"start":{"line":56,"column":12},"end":{"line":56,"column":66}},"31":{"start":{"line":57,"column":30},"end":{"line":57,"column":85}},"32":{"start":{"line":58,"column":30},"end":{"line":58,"column":54}},"33":{"start":{"line":59,"column":34},"end":{"line":59,"column":36}},"34":{"start":{"line":60,"column":12},"end":{"line":68,"column":15}},"35":{"start":{"line":61,"column":39},"end":{"line":61,"column":78}},"36":{"start":{"line":62,"column":38},"end":{"line":62,"column":120}},"37":{"start":{"line":63,"column":16},"end":{"line":63,"column":50}},"38":{"start":{"line":64,"column":16},"end":{"line":64,"column":93}},"39":{"start":{"line":65,"column":16},"end":{"line":65,"column":57}},"40":{"start":{"line":66,"column":16},"end":{"line":66,"column":43}},"41":{"start":{"line":67,"column":16},"end":{"line":67,"column":28}},"42":{"start":{"line":69,"column":12},"end":{"line":76,"column":13}},"43":{"start":{"line":70,"column":38},"end":{"line":70,"column":62}},"44":{"start":{"line":71,"column":16},"end":{"line":71,"column":54}},"45":{"start":{"line":72,"column":16},"end":{"line":72,"column":65}},"46":{"start":{"line":75,"column":16},"end":{"line":75,"column":66}},"47":{"start":{"line":77,"column":12},"end":{"line":77,"column":39}},"48":{"start":{"line":78,"column":12},"end":{"line":78,"column":40}},"49":{"start":{"line":80,"column":8},"end":{"line":80,"column":75}},"50":{"start":{"line":83,"column":8},"end":{"line":91,"column":11}},"51":{"start":{"line":84,"column":12},"end":{"line":89,"column":15}},"52":{"start":{"line":85,"column":28},"end":{"line":85,"column":59}},"53":{"start":{"line":86,"column":16},"end":{"line":86,"column":69}},"54":{"start":{"line":87,"column":16},"end":{"line":87,"column":32}},"55":{"start":{"line":88,"column":16},"end":{"line":88,"column":26}},"56":{"start":{"line":90,"column":12},"end":{"line":90,"column":44}},"57":{"start":{"line":94,"column":8},"end":{"line":94,"column":77}},"58":{"start":{"line":95,"column":8},"end":{"line":108,"column":11}},"59":{"start":{"line":96,"column":35},"end":{"line":106,"column":13}},"60":{"start":{"line":97,"column":16},"end":{"line":105,"column":17}},"61":{"start":{"line":98,"column":20},"end":{"line":98,"column":51}},"62":{"start":{"line":100,"column":21},"end":{"line":105,"column":17}},"63":{"start":{"line":101,"column":20},"end":{"line":101,"column":76}},"64":{"start":{"line":101,"column":37},"end":{"line":101,"column":67}},"65":{"start":{"line":104,"column":20},"end":{"line":104,"column":53}},"66":{"start":{"line":107,"column":12},"end":{"line":107,"column":29}},"67":{"start":{"line":111,"column":8},"end":{"line":114,"column":9}},"68":{"start":{"line":112,"column":12},"end":{"line":112,"column":32}},"69":{"start":{"line":113,"column":12},"end":{"line":113,"column":31}}},"fnMap":{"0":{"name":"(anonymous_0)","decl":{"start":{"line":12,"column":4},"end":{"line":12,"column":5}},"loc":{"start":{"line":12,"column":62},"end":{"line":21,"column":5}},"line":12},"1":{"name":"(anonymous_1)","decl":{"start":{"line":22,"column":4},"end":{"line":22,"column":5}},"loc":{"start":{"line":22,"column":18},"end":{"line":81,"column":5}},"line":22},"2":{"name":"(anonymous_2)","decl":{"start":{"line":25,"column":37},"end":{"line":25,"column":38}},"loc":{"start":{"line":25,"column":57},"end":{"line":37,"column":9}},"line":25},"3":{"name":"(anonymous_3)","decl":{"start":{"line":38,"column":45},"end":{"line":38,"column":46}},"loc":{"start":{"line":38,"column":59},"end":{"line":42,"column":9}},"line":38},"4":{"name":"(anonymous_4)","decl":{"start":{"line":43,"column":47},"end":{"line":43,"column":48}},"loc":{"start":{"line":43,"column":61},"end":{"line":45,"column":9}},"line":43},"5":{"name":"(anonymous_5)","decl":{"start":{"line":46,"column":46},"end":{"line":46,"column":47}},"loc":{"start":{"line":46,"column":60},"end":{"line":49,"column":9}},"line":46},"6":{"name":"(anonymous_6)","decl":{"start":{"line":50,"column":49},"end":{"line":50,"column":50}},"loc":{"start":{"line":50,"column":69},"end":{"line":79,"column":9}},"line":50},"7":{"name":"(anonymous_7)","decl":{"start":{"line":60,"column":42},"end":{"line":60,"column":43}},"loc":{"start":{"line":60,"column":57},"end":{"line":68,"column":13}},"line":60},"8":{"name":"(anonymous_8)","decl":{"start":{"line":82,"column":4},"end":{"line":82,"column":5}},"loc":{"start":{"line":82,"column":18},"end":{"line":92,"column":5}},"line":82},"9":{"name":"(anonymous_9)","decl":{"start":{"line":83,"column":27},"end":{"line":83,"column":28}},"loc":{"start":{"line":83,"column":48},"end":{"line":91,"column":9}},"line":83},"10":{"name":"(anonymous_10)","decl":{"start":{"line":84,"column":53},"end":{"line":84,"column":54}},"loc":{"start":{"line":84,"column":65},"end":{"line":89,"column":13}},"line":84},"11":{"name":"(anonymous_11)","decl":{"start":{"line":93,"column":4},"end":{"line":93,"column":5}},"loc":{"start":{"line":93,"column":33},"end":{"line":109,"column":5}},"line":93},"12":{"name":"(anonymous_12)","decl":{"start":{"line":95,"column":27},"end":{"line":95,"column":28}},"loc":{"start":{"line":95,"column":40},"end":{"line":108,"column":9}},"line":95},"13":{"name":"(anonymous_13)","decl":{"start":{"line":96,"column":35},"end":{"line":96,"column":36}},"loc":{"start":{"line":96,"column":41},"end":{"line":106,"column":13}},"line":96},"14":{"name":"(anonymous_14)","decl":{"start":{"line":101,"column":31},"end":{"line":101,"column":32}},"loc":{"start":{"line":101,"column":37},"end":{"line":101,"column":67}},"line":101},"15":{"name":"(anonymous_15)","decl":{"start":{"line":110,"column":4},"end":{"line":110,"column":5}},"loc":{"start":{"line":110,"column":17},"end":{"line":115,"column":5}},"line":110}},"branchMap":{"0":{"loc":{"start":{"line":12,"column":49},"end":{"line":12,"column":60}},"type":"default-arg","locations":[{"start":{"line":12,"column":56},"end":{"line":12,"column":60}}],"line":12},"1":{"loc":{"start":{"line":51,"column":12},"end":{"line":54,"column":13}},"type":"if","locations":[{"start":{"line":51,"column":12},"end":{"line":54,"column":13}},{"start":{},"end":{}}],"line":51},"2":{"loc":{"start":{"line":97,"column":16},"end":{"line":105,"column":17}},"type":"if","locations":[{"start":{"line":97,"column":16},"end":{"line":105,"column":17}},{"start":{"line":100,"column":21},"end":{"line":105,"column":17}}],"line":97},"3":{"loc":{"start":{"line":97,"column":20},"end":{"line":97,"column":74}},"type":"binary-expr","locations":[{"start":{"line":97,"column":20},"end":{"line":97,"column":37}},{"start":{"line":97,"column":41},"end":{"line":97,"column":74}}],"line":97},"4":{"loc":{"start":{"line":100,"column":21},"end":{"line":105,"column":17}},"type":"if","locations":[{"start":{"line":100,"column":21},"end":{"line":105,"column":17}},{"start":{"line":103,"column":21},"end":{"line":105,"column":17}}],"line":100},"5":{"loc":{"start":{"line":100,"column":25},"end":{"line":100,"column":80}},"type":"binary-expr","locations":[{"start":{"line":100,"column":25},"end":{"line":100,"column":44}},{"start":{"line":100,"column":48},"end":{"line":100,"column":80}}],"line":100},"6":{"loc":{"start":{"line":111,"column":8},"end":{"line":114,"column":9}},"type":"if","locations":[{"start":{"line":111,"column":8},"end":{"line":114,"column":9}},{"start":{},"end":{}}],"line":111}},"s":{"0":0,"1":0,"2":0,"3":0,"4":0,"5":0,"6":0,"7":0,"8":0,"9":0,"10":0,"11":0,"12":0,"13":0,"14":0,"15":0,"16":0,"17":0,"18":0,"19":0,"20":0,"21":0,"22":0,"23":0,"24":0,"25":0,"26":0,"27":0,"28":0,"29":0,"30":0,"31":0,"32":0,"33":0,"34":0,"35":0,"36":0,"37":0,"38":0,"39":0,"40":0,"41":0,"42":0,"43":0,"44":0,"45":0,"46":0,"47":0,"48":0,"49":0,"50":0,"51":0,"52":0,"53":0,"54":0,"55":0,"56":0,"57":0,"58":0,"59":0,"60":0,"61":0,"62":0,"63":0,"64":0,"65":0,"66":0,"67":0,"68":0,"69":0},"f":{"0":0,"1":0,"2":0,"3":0,"4":0,"5":0,"6":0,"7":0,"8":0,"9":0,"10":0,"11":0,"12":0,"13":0,"14":0,"15":0},"b":{"0":[0],"1":[0,0],"2":[0,0],"3":[0,0],"4":[0,0],"5":[0,0],"6":[0,0]}}
,"C:\\Users\\Jonathan Gonzalez\\Documents\\automation\\BestLocator\\src\\commands\\ai-test.ts": {"path":"C:\\Users\\Jonathan Gonzalez\\Documents\\automation\\BestLocator\\src\\commands\\ai-test.ts","statementMap":{"0":{"start":{"line":5,"column":26},"end":{"line":5,"column":45}},"1":{"start":{"line":6,"column":19},"end":{"line":6,"column":50}},"2":{"start":{"line":7,"column":4},"end":{"line":10,"column":5}},"3":{"start":{"line":8,"column":8},"end":{"line":8,"column":72}},"4":{"start":{"line":9,"column":8},"end":{"line":9,"column":15}},"5":{"start":{"line":11,"column":25},"end":{"line":11,"column":43}},"6":{"start":{"line":12,"column":4},"end":{"line":12,"column":62}},"7":{"start":{"line":13,"column":21},"end":{"line":13,"column":41}},"8":{"start":{"line":14,"column":24},"end":{"line":14,"column":52}},"9":{"start":{"line":15,"column":4},"end":{"line":34,"column":5}},"10":{"start":{"line":16,"column":8},"end":{"line":16,"column":73}},"11":{"start":{"line":18,"column":31},"end":{"line":18,"column":54}},"12":{"start":{"line":19,"column":8},"end":{"line":21,"column":9}},"13":{"start":{"line":20,"column":12},"end":{"line":20,"column":61}},"14":{"start":{"line":22,"column":8},"end":{"line":24,"column":9}},"15":{"start":{"line":23,"column":12},"end":{"line":23,"column":59}},"16":{"start":{"line":27,"column":8},"end":{"line":27,"column":67}},"17":{"start":{"line":28,"column":8},"end":{"line":33,"column":9}},"18":{"start":{"line":29,"column":12},"end":{"line":29,"column":76}},"19":{"start":{"line":31,"column":13},"end":{"line":33,"column":9}},"20":{"start":{"line":32,"column":12},"end":{"line":32,"column":106}}},"fnMap":{"0":{"name":"handleAiTestCommand","decl":{"start":{"line":4,"column":22},"end":{"line":4,"column":41}},"loc":{"start":{"line":4,"column":44},"end":{"line":35,"column":1}},"line":4}},"branchMap":{"0":{"loc":{"start":{"line":7,"column":4},"end":{"line":10,"column":5}},"type":"if","locations":[{"start":{"line":7,"column":4},"end":{"line":10,"column":5}},{"start":{},"end":{}}],"line":7},"1":{"loc":{"start":{"line":15,"column":4},"end":{"line":34,"column":5}},"type":"if","locations":[{"start":{"line":15,"column":4},"end":{"line":34,"column":5}},{"start":{"line":26,"column":9},"end":{"line":34,"column":5}}],"line":15},"2":{"loc":{"start":{"line":19,"column":8},"end":{"line":21,"column":9}},"type":"if","locations":[{"start":{"line":19,"column":8},"end":{"line":21,"column":9}},{"start":{},"end":{}}],"line":19},"3":{"loc":{"start":{"line":19,"column":12},"end":{"line":19,"column":55}},"type":"binary-expr","locations":[{"start":{"line":19,"column":12},"end":{"line":19,"column":26}},{"start":{"line":19,"column":30},"end":{"line":19,"column":55}}],"line":19},"4":{"loc":{"start":{"line":22,"column":8},"end":{"line":24,"column":9}},"type":"if","locations":[{"start":{"line":22,"column":8},"end":{"line":24,"column":9}},{"start":{},"end":{}}],"line":22},"5":{"loc":{"start":{"line":22,"column":12},"end":{"line":22,"column":54}},"type":"binary-expr","locations":[{"start":{"line":22,"column":12},"end":{"line":22,"column":26}},{"start":{"line":22,"column":30},"end":{"line":22,"column":54}}],"line":22},"6":{"loc":{"start":{"line":28,"column":8},"end":{"line":33,"column":9}},"type":"if","locations":[{"start":{"line":28,"column":8},"end":{"line":33,"column":9}},{"start":{"line":31,"column":13},"end":{"line":33,"column":9}}],"line":28},"7":{"loc":{"start":{"line":31,"column":13},"end":{"line":33,"column":9}},"type":"if","locations":[{"start":{"line":31,"column":13},"end":{"line":33,"column":9}},{"start":{},"end":{}}],"line":31}},"s":{"0":0,"1":0,"2":0,"3":0,"4":0,"5":0,"6":0,"7":0,"8":0,"9":0,"10":0,"11":0,"12":0,"13":0,"14":0,"15":0,"16":0,"17":0,"18":0,"19":0,"20":0},"f":{"0":0},"b":{"0":[0,0],"1":[0,0],"2":[0,0],"3":[0,0],"4":[0,0],"5":[0,0],"6":[0,0],"7":[0,0]}}
,"C:\\Users\\Jonathan Gonzalez\\Documents\\automation\\BestLocator\\src\\commands\\config.ts": {"path":"C:\\Users\\Jonathan Gonzalez\\Documents\\automation\\BestLocator\\src\\commands\\config.ts","statementMap":{"0":{"start":{"line":6,"column":26},"end":{"line":6,"column":45}},"1":{"start":{"line":7,"column":19},"end":{"line":7,"column":50}},"2":{"start":{"line":8,"column":4},"end":{"line":8,"column":16}},"3":{"start":{"line":9,"column":4},"end":{"line":9,"column":46}},"4":{"start":{"line":10,"column":4},"end":{"line":10,"column":67}},"5":{"start":{"line":11,"column":4},"end":{"line":11,"column":66}},"6":{"start":{"line":12,"column":4},"end":{"line":12,"column":16}},"7":{"start":{"line":13,"column":4},"end":{"line":13,"column":30}},"8":{"start":{"line":14,"column":4},"end":{"line":14,"column":91}},"9":{"start":{"line":15,"column":4},"end":{"line":15,"column":86}},"10":{"start":{"line":16,"column":4},"end":{"line":16,"column":16}},"11":{"start":{"line":17,"column":4},"end":{"line":17,"column":31}},"12":{"start":{"line":18,"column":4},"end":{"line":18,"column":73}},"13":{"start":{"line":19,"column":4},"end":{"line":19,"column":98}},"14":{"start":{"line":20,"column":4},"end":{"line":20,"column":16}},"15":{"start":{"line":21,"column":4},"end":{"line":21,"column":28}},"16":{"start":{"line":22,"column":4},"end":{"line":29,"column":5}},"17":{"start":{"line":23,"column":8},"end":{"line":23,"column":55}},"18":{"start":{"line":26,"column":8},"end":{"line":28,"column":11}},"19":{"start":{"line":27,"column":12},"end":{"line":27,"column":50}},"20":{"start":{"line":30,"column":4},"end":{"line":30,"column":16}},"21":{"start":{"line":31,"column":4},"end":{"line":31,"column":44}},"22":{"start":{"line":32,"column":4},"end":{"line":34,"column":7}},"23":{"start":{"line":33,"column":8},"end":{"line":33,"column":37}},"24":{"start":{"line":35,"column":4},"end":{"line":35,"column":16}},"25":{"start":{"line":36,"column":4},"end":{"line":36,"column":33}},"26":{"start":{"line":37,"column":4},"end":{"line":37,"column":70}},"27":{"start":{"line":38,"column":4},"end":{"line":38,"column":78}},"28":{"start":{"line":39,"column":4},"end":{"line":39,"column":72}}},"fnMap":{"0":{"name":"handleConfigCommand","decl":{"start":{"line":5,"column":22},"end":{"line":5,"column":41}},"loc":{"start":{"line":5,"column":44},"end":{"line":40,"column":1}},"line":5},"1":{"name":"(anonymous_1)","decl":{"start":{"line":26,"column":44},"end":{"line":26,"column":45}},"loc":{"start":{"line":26,"column":62},"end":{"line":28,"column":9}},"line":26},"2":{"name":"(anonymous_2)","decl":{"start":{"line":32,"column":37},"end":{"line":32,"column":38}},"loc":{"start":{"line":32,"column":45},"end":{"line":34,"column":5}},"line":32}},"branchMap":{"0":{"loc":{"start":{"line":14,"column":41},"end":{"line":14,"column":87}},"type":"cond-expr","locations":[{"start":{"line":14,"column":75},"end":{"line":14,"column":80}},{"start":{"line":14,"column":83},"end":{"line":14,"column":87}}],"line":14},"1":{"loc":{"start":{"line":15,"column":41},"end":{"line":15,"column":82}},"type":"cond-expr","locations":[{"start":{"line":15,"column":70},"end":{"line":15,"column":75}},{"start":{"line":15,"column":78},"end":{"line":15,"column":82}}],"line":15},"2":{"loc":{"start":{"line":18,"column":31},"end":{"line":18,"column":69}},"type":"cond-expr","locations":[{"start":{"line":18,"column":57},"end":{"line":18,"column":62}},{"start":{"line":18,"column":65},"end":{"line":18,"column":69}}],"line":18},"3":{"loc":{"start":{"line":22,"column":4},"end":{"line":29,"column":5}},"type":"if","locations":[{"start":{"line":22,"column":4},"end":{"line":29,"column":5}},{"start":{"line":25,"column":9},"end":{"line":29,"column":5}}],"line":22}},"s":{"0":0,"1":0,"2":0,"3":0,"4":0,"5":0,"6":0,"7":0,"8":0,"9":0,"10":0,"11":0,"12":0,"13":0,"14":0,"15":0,"16":0,"17":0,"18":0,"19":0,"20":0,"21":0,"22":0,"23":0,"24":0,"25":0,"26":0,"27":0,"28":0},"f":{"0":0,"1":0,"2":0},"b":{"0":[0,0],"1":[0,0],"2":[0,0],"3":[0,0]}}
,"C:\\Users\\Jonathan Gonzalez\\Documents\\automation\\BestLocator\\src\\commands\\go.ts": {"path":"C:\\Users\\Jonathan Gonzalez\\Documents\\automation\\BestLocator\\src\\commands\\go.ts","statementMap":{"0":{"start":{"line":10,"column":4},"end":{"line":20,"column":7}},"1":{"start":{"line":12,"column":25},"end":{"line":12,"column":65}},"2":{"start":{"line":15,"column":26},"end":{"line":15,"column":63}},"3":{"start":{"line":16,"column":26},"end":{"line":16,"column":50}},"4":{"start":{"line":18,"column":8},"end":{"line":18,"column":81}}},"fnMap":{"0":{"name":"handleGoCommand","decl":{"start":{"line":9,"column":22},"end":{"line":9,"column":37}},"loc":{"start":{"line":9,"column":54},"end":{"line":21,"column":1}},"line":9},"1":{"name":"(anonymous_1)","decl":{"start":{"line":10,"column":36},"end":{"line":10,"column":37}},"loc":{"start":{"line":10,"column":55},"end":{"line":20,"column":5}},"line":10}},"branchMap":{},"s":{"0":0,"1":0,"2":0,"3":0,"4":0},"f":{"0":0,"1":0},"b":{}}
,"C:\\Users\\Jonathan Gonzalez\\Documents\\automation\\BestLocator\\src\\commands\\hello.ts": {"path":"C:\\Users\\Jonathan Gonzalez\\Documents\\automation\\BestLocator\\src\\commands\\hello.ts","statementMap":{"0":{"start":{"line":5,"column":26},"end":{"line":5,"column":45}},"1":{"start":{"line":7,"column":4},"end":{"line":7,"column":36}},"2":{"start":{"line":8,"column":4},"end":{"line":8,"column":62}},"3":{"start":{"line":9,"column":4},"end":{"line":9,"column":58}},"4":{"start":{"line":10,"column":4},"end":{"line":17,"column":5}},"5":{"start":{"line":11,"column":8},"end":{"line":11,"column":58}},"6":{"start":{"line":15,"column":8},"end":{"line":15,"column":76}}},"fnMap":{"0":{"name":"handleHelloCommand","decl":{"start":{"line":4,"column":22},"end":{"line":4,"column":40}},"loc":{"start":{"line":4,"column":50},"end":{"line":18,"column":1}},"line":4}},"branchMap":{"0":{"loc":{"start":{"line":10,"column":4},"end":{"line":17,"column":5}},"type":"if","locations":[{"start":{"line":10,"column":4},"end":{"line":17,"column":5}},{"start":{"line":13,"column":9},"end":{"line":17,"column":5}}],"line":10}},"s":{"0":0,"1":0,"2":0,"3":0,"4":0,"5":0,"6":0},"f":{"0":0},"b":{"0":[0,0]}}
,"C:\\Users\\Jonathan Gonzalez\\Documents\\automation\\BestLocator\\src\\commands\\init.ts": {"path":"C:\\Users\\Jonathan Gonzalez\\Documents\\automation\\BestLocator\\src\\commands\\init.ts","statementMap":{"0":{"start":{"line":5,"column":26},"end":{"line":5,"column":45}},"1":{"start":{"line":6,"column":4},"end":{"line":11,"column":5}},"2":{"start":{"line":7,"column":8},"end":{"line":7,"column":66}},"3":{"start":{"line":10,"column":8},"end":{"line":10,"column":43}}},"fnMap":{"0":{"name":"handleInitCommand","decl":{"start":{"line":4,"column":16},"end":{"line":4,"column":33}},"loc":{"start":{"line":4,"column":36},"end":{"line":12,"column":1}},"line":4}},"branchMap":{"0":{"loc":{"start":{"line":6,"column":4},"end":{"line":11,"column":5}},"type":"if","locations":[{"start":{"line":6,"column":4},"end":{"line":11,"column":5}},{"start":{"line":9,"column":9},"end":{"line":11,"column":5}}],"line":6}},"s":{"0":0,"1":0,"2":0,"3":0},"f":{"0":0},"b":{"0":[0,0]}}
,"C:\\Users\\Jonathan Gonzalez\\Documents\\automation\\BestLocator\\src\\commands\\mobile-inspector.ts": {"path":"C:\\Users\\Jonathan Gonzalez\\Documents\\automation\\BestLocator\\src\\commands\\mobile-inspector.ts","statementMap":{"0":{"start":{"line":5,"column":4},"end":{"line":9,"column":7}},"1":{"start":{"line":6,"column":8},"end":{"line":6,"column":83}},"2":{"start":{"line":8,"column":8},"end":{"line":8,"column":67}},"3":{"start":{"line":8,"column":37},"end":{"line":8,"column":65}}},"fnMap":{"0":{"name":"handleMobileInspectorCommand","decl":{"start":{"line":4,"column":22},"end":{"line":4,"column":50}},"loc":{"start":{"line":4,"column":70},"end":{"line":10,"column":1}},"line":4},"1":{"name":"(anonymous_1)","decl":{"start":{"line":5,"column":56},"end":{"line":5,"column":57}},"loc":{"start":{"line":5,"column":75},"end":{"line":9,"column":5}},"line":5},"2":{"name":"(anonymous_2)","decl":{"start":{"line":8,"column":26},"end":{"line":8,"column":27}},"loc":{"start":{"line":8,"column":37},"end":{"line":8,"column":65}},"line":8}},"branchMap":{"0":{"loc":{"start":{"line":5,"column":37},"end":{"line":5,"column":54}},"type":"binary-expr","locations":[{"start":{"line":5,"column":37},"end":{"line":5,"column":45}},{"start":{"line":5,"column":49},"end":{"line":5,"column":54}}],"line":5}},"s":{"0":0,"1":0,"2":0,"3":0},"f":{"0":0,"1":0,"2":0},"b":{"0":[0,0]}}
,"C:\\Users\\Jonathan Gonzalez\\Documents\\automation\\BestLocator\\src\\commands\\pick-mobile-multiple.ts": {"path":"C:\\Users\\Jonathan Gonzalez\\Documents\\automation\\BestLocator\\src\\commands\\pick-mobile-multiple.ts","statementMap":{"0":{"start":{"line":10,"column":4},"end":{"line":20,"column":7}},"1":{"start":{"line":12,"column":25},"end":{"line":12,"column":73}},"2":{"start":{"line":15,"column":26},"end":{"line":15,"column":87}},"3":{"start":{"line":16,"column":26},"end":{"line":16,"column":50}},"4":{"start":{"line":18,"column":8},"end":{"line":18,"column":109}}},"fnMap":{"0":{"name":"handlePickMobileMultipleCommand","decl":{"start":{"line":9,"column":22},"end":{"line":9,"column":53}},"loc":{"start":{"line":9,"column":92},"end":{"line":21,"column":1}},"line":9},"1":{"name":"(anonymous_1)","decl":{"start":{"line":10,"column":56},"end":{"line":10,"column":57}},"loc":{"start":{"line":10,"column":75},"end":{"line":20,"column":5}},"line":10}},"branchMap":{"0":{"loc":{"start":{"line":10,"column":37},"end":{"line":10,"column":54}},"type":"binary-expr","locations":[{"start":{"line":10,"column":37},"end":{"line":10,"column":45}},{"start":{"line":10,"column":49},"end":{"line":10,"column":54}}],"line":10}},"s":{"0":0,"1":0,"2":0,"3":0,"4":0},"f":{"0":0,"1":0},"b":{"0":[0,0]}}
,"C:\\Users\\Jonathan Gonzalez\\Documents\\automation\\BestLocator\\src\\commands\\pick-mobile.ts": {"path":"C:\\Users\\Jonathan Gonzalez\\Documents\\automation\\BestLocator\\src\\commands\\pick-mobile.ts","statementMap":{"0":{"start":{"line":10,"column":4},"end":{"line":20,"column":7}},"1":{"start":{"line":12,"column":25},"end":{"line":12,"column":71}},"2":{"start":{"line":15,"column":26},"end":{"line":15,"column":87}},"3":{"start":{"line":16,"column":26},"end":{"line":16,"column":50}},"4":{"start":{"line":18,"column":8},"end":{"line":18,"column":109}}},"fnMap":{"0":{"name":"handlePickMobileCommand","decl":{"start":{"line":9,"column":22},"end":{"line":9,"column":45}},"loc":{"start":{"line":9,"column":84},"end":{"line":21,"column":1}},"line":9},"1":{"name":"(anonymous_1)","decl":{"start":{"line":10,"column":56},"end":{"line":10,"column":57}},"loc":{"start":{"line":10,"column":75},"end":{"line":20,"column":5}},"line":10}},"branchMap":{"0":{"loc":{"start":{"line":10,"column":37},"end":{"line":10,"column":54}},"type":"binary-expr","locations":[{"start":{"line":10,"column":37},"end":{"line":10,"column":45}},{"start":{"line":10,"column":49},"end":{"line":10,"column":54}}],"line":10}},"s":{"0":0,"1":0,"2":0,"3":0,"4":0},"f":{"0":0,"1":0},"b":{"0":[0,0]}}
,"C:\\Users\\Jonathan Gonzalez\\Documents\\automation\\BestLocator\\src\\commands\\pick-multiple.ts": {"path":"C:\\Users\\Jonathan Gonzalez\\Documents\\automation\\BestLocator\\src\\commands\\pick-multiple.ts","statementMap":{"0":{"start":{"line":10,"column":4},"end":{"line":20,"column":7}},"1":{"start":{"line":12,"column":25},"end":{"line":12,"column":67}},"2":{"start":{"line":15,"column":26},"end":{"line":15,"column":63}},"3":{"start":{"line":16,"column":26},"end":{"line":16,"column":50}},"4":{"start":{"line":18,"column":8},"end":{"line":18,"column":102}}},"fnMap":{"0":{"name":"handlePickMultipleCommand","decl":{"start":{"line":9,"column":22},"end":{"line":9,"column":47}},"loc":{"start":{"line":9,"column":83},"end":{"line":21,"column":1}},"line":9},"1":{"name":"(anonymous_1)","decl":{"start":{"line":10,"column":34},"end":{"line":10,"column":35}},"loc":{"start":{"line":10,"column":53},"end":{"line":20,"column":5}},"line":10}},"branchMap":{},"s":{"0":0,"1":0,"2":0,"3":0,"4":0},"f":{"0":0,"1":0},"b":{}}
,"C:\\Users\\Jonathan Gonzalez\\Documents\\automation\\BestLocator\\src\\commands\\pick-toggle.ts": {"path":"C:\\Users\\Jonathan Gonzalez\\Documents\\automation\\BestLocator\\src\\commands\\pick-toggle.ts","statementMap":{"0":{"start":{"line":10,"column":4},"end":{"line":32,"column":7}},"1":{"start":{"line":11,"column":41},"end":{"line":11,"column":48}},"2":{"start":{"line":12,"column":8},"end":{"line":12,"column":76}},"3":{"start":{"line":13,"column":8},"end":{"line":13,"column":77}},"4":{"start":{"line":14,"column":8},"end":{"line":14,"column":20}},"5":{"start":{"line":16,"column":8},"end":{"line":16,"column":63}},"6":{"start":{"line":18,"column":8},"end":{"line":18,"column":63}},"7":{"start":{"line":20,"column":8},"end":{"line":20,"column":88}},"8":{"start":{"line":22,"column":25},"end":{"line":22,"column":65}},"9":{"start":{"line":23,"column":8},"end":{"line":23,"column":20}},"10":{"start":{"line":24,"column":8},"end":{"line":24,"column":89}},"11":{"start":{"line":27,"column":26},"end":{"line":27,"column":63}},"12":{"start":{"line":28,"column":26},"end":{"line":28,"column":50}},"13":{"start":{"line":30,"column":8},"end":{"line":30,"column":102}},"14":{"start":{"line":38,"column":27},"end":{"line":38,"column":28}},"15":{"start":{"line":40,"column":4},"end":{"line":48,"column":7}},"16":{"start":{"line":41,"column":8},"end":{"line":47,"column":9}},"17":{"start":{"line":42,"column":12},"end":{"line":42,"column":44}},"18":{"start":{"line":43,"column":12},"end":{"line":43,"column":83}},"19":{"start":{"line":46,"column":12},"end":{"line":46,"column":77}},"20":{"start":{"line":50,"column":4},"end":{"line":60,"column":7}},"21":{"start":{"line":51,"column":8},"end":{"line":59,"column":9}},"22":{"start":{"line":52,"column":12},"end":{"line":58,"column":13}},"23":{"start":{"line":53,"column":16},"end":{"line":53,"column":48}},"24":{"start":{"line":54,"column":16},"end":{"line":54,"column":87}},"25":{"start":{"line":57,"column":16},"end":{"line":57,"column":79}},"26":{"start":{"line":66,"column":4},"end":{"line":92,"column":5}},"27":{"start":{"line":67,"column":27},"end":{"line":67,"column":43}},"28":{"start":{"line":69,"column":29},"end":{"line":75,"column":10}},"29":{"start":{"line":70,"column":12},"end":{"line":74,"column":14}},"30":{"start":{"line":76,"column":8},"end":{"line":88,"column":9}},"31":{"start":{"line":77,"column":12},"end":{"line":77,"column":95}},"32":{"start":{"line":79,"column":12},"end":{"line":79,"column":67}},"33":{"start":{"line":81,"column":29},"end":{"line":81,"column":100}},"34":{"start":{"line":81,"column":55},"end":{"line":81,"column":99}},"35":{"start":{"line":82,"column":12},"end":{"line":87,"column":13}},"36":{"start":{"line":83,"column":16},"end":{"line":83,"column":73}},"37":{"start":{"line":86,"column":16},"end":{"line":86,"column":78}},"38":{"start":{"line":91,"column":8},"end":{"line":91,"column":97}},"39":{"start":{"line":98,"column":22},"end":{"line":98,"column":32}},"40":{"start":{"line":99,"column":25},"end":{"line":99,"column":29}},"41":{"start":{"line":100,"column":4},"end":{"line":100,"column":74}},"42":{"start":{"line":101,"column":4},"end":{"line":132,"column":5}},"43":{"start":{"line":102,"column":8},"end":{"line":131,"column":9}},"44":{"start":{"line":104,"column":34},"end":{"line":117,"column":14}},"45":{"start":{"line":106,"column":16},"end":{"line":108,"column":17}},"46":{"start":{"line":107,"column":20},"end":{"line":107,"column":71}},"47":{"start":{"line":110,"column":16},"end":{"line":113,"column":18}},"48":{"start":{"line":116,"column":16},"end":{"line":116,"column":68}},"49":{"start":{"line":119,"column":12},"end":{"line":122,"column":13}},"50":{"start":{"line":120,"column":16},"end":{"line":120,"column":71}},"51":{"start":{"line":121,"column":16},"end":{"line":121,"column":22}},"52":{"start":{"line":124,"column":12},"end":{"line":126,"column":15}},"53":{"start":{"line":130,"column":12},"end":{"line":130,"column":76}},"54":{"start":{"line":130,"column":41},"end":{"line":130,"column":74}},"55":{"start":{"line":133,"column":4},"end":{"line":135,"column":5}},"56":{"start":{"line":134,"column":8},"end":{"line":134,"column":83}},"57":{"start":{"line":141,"column":4},"end":{"line":172,"column":5}},"58":{"start":{"line":143,"column":27},"end":{"line":145,"column":28}},"59":{"start":{"line":144,"column":12},"end":{"line":144,"column":69}},"60":{"start":{"line":145,"column":23},"end":{"line":145,"column":27}},"61":{"start":{"line":146,"column":8},"end":{"line":149,"column":9}},"62":{"start":{"line":147,"column":12},"end":{"line":147,"column":85}},"63":{"start":{"line":148,"column":12},"end":{"line":148,"column":48}},"64":{"start":{"line":151,"column":28},"end":{"line":163,"column":26}},"65":{"start":{"line":152,"column":12},"end":{"line":161,"column":13}},"66":{"start":{"line":153,"column":31},"end":{"line":153,"column":79}},"67":{"start":{"line":154,"column":16},"end":{"line":157,"column":17}},"68":{"start":{"line":155,"column":35},"end":{"line":155,"column":53}},"69":{"start":{"line":156,"column":20},"end":{"line":156,"column":57}},"70":{"start":{"line":160,"column":16},"end":{"line":160,"column":65}},"71":{"start":{"line":162,"column":12},"end":{"line":162,"column":22}},"72":{"start":{"line":163,"column":23},"end":{"line":163,"column":25}},"73":{"start":{"line":164,"column":8},"end":{"line":166,"column":9}},"74":{"start":{"line":165,"column":12},"end":{"line":165,"column":93}},"75":{"start":{"line":167,"column":8},"end":{"line":167,"column":45}},"76":{"start":{"line":170,"column":8},"end":{"line":170,"column":74}},"77":{"start":{"line":171,"column":8},"end":{"line":171,"column":18}},"78":{"start":{"line":178,"column":4},"end":{"line":179,"column":18}},"79":{"start":{"line":179,"column":8},"end":{"line":179,"column":18}},"80":{"start":{"line":180,"column":4},"end":{"line":189,"column":8}},"81":{"start":{"line":180,"column":45},"end":{"line":189,"column":5}}},"fnMap":{"0":{"name":"handlePickToggleCommand","decl":{"start":{"line":9,"column":22},"end":{"line":9,"column":45}},"loc":{"start":{"line":9,"column":81},"end":{"line":33,"column":1}},"line":9},"1":{"name":"(anonymous_1)","decl":{"start":{"line":10,"column":34},"end":{"line":10,"column":35}},"loc":{"start":{"line":10,"column":53},"end":{"line":32,"column":5}},"line":10},"2":{"name":"setupRobustAutoReinjection","decl":{"start":{"line":37,"column":15},"end":{"line":37,"column":41}},"loc":{"start":{"line":37,"column":64},"end":{"line":61,"column":1}},"line":37},"3":{"name":"(anonymous_3)","decl":{"start":{"line":40,"column":32},"end":{"line":40,"column":33}},"loc":{"start":{"line":40,"column":44},"end":{"line":48,"column":5}},"line":40},"4":{"name":"(anonymous_4)","decl":{"start":{"line":50,"column":30},"end":{"line":50,"column":31}},"loc":{"start":{"line":50,"column":47},"end":{"line":60,"column":5}},"line":50},"5":{"name":"ensureToggleModeActive","decl":{"start":{"line":65,"column":15},"end":{"line":65,"column":37}},"loc":{"start":{"line":65,"column":69},"end":{"line":93,"column":1}},"line":65},"6":{"name":"(anonymous_6)","decl":{"start":{"line":69,"column":49},"end":{"line":69,"column":50}},"loc":{"start":{"line":69,"column":55},"end":{"line":75,"column":9}},"line":69},"7":{"name":"(anonymous_7)","decl":{"start":{"line":81,"column":49},"end":{"line":81,"column":50}},"loc":{"start":{"line":81,"column":55},"end":{"line":81,"column":99}},"line":81},"8":{"name":"waitForSessionEndRobustly","decl":{"start":{"line":97,"column":15},"end":{"line":97,"column":40}},"loc":{"start":{"line":97,"column":56},"end":{"line":136,"column":1}},"line":97},"9":{"name":"(anonymous_9)","decl":{"start":{"line":104,"column":54},"end":{"line":104,"column":55}},"loc":{"start":{"line":104,"column":60},"end":{"line":114,"column":13}},"line":104},"10":{"name":"(anonymous_10)","decl":{"start":{"line":114,"column":21},"end":{"line":114,"column":22}},"loc":{"start":{"line":114,"column":27},"end":{"line":117,"column":13}},"line":114},"11":{"name":"(anonymous_11)","decl":{"start":{"line":124,"column":58},"end":{"line":124,"column":59}},"loc":{"start":{"line":124,"column":64},"end":{"line":126,"column":13}},"line":124},"12":{"name":"(anonymous_12)","decl":{"start":{"line":130,"column":30},"end":{"line":130,"column":31}},"loc":{"start":{"line":130,"column":41},"end":{"line":130,"column":74}},"line":130},"13":{"name":"captureElementsFromAnySource","decl":{"start":{"line":140,"column":15},"end":{"line":140,"column":43}},"loc":{"start":{"line":140,"column":50},"end":{"line":173,"column":1}},"line":140},"14":{"name":"(anonymous_14)","decl":{"start":{"line":143,"column":47},"end":{"line":143,"column":48}},"loc":{"start":{"line":143,"column":53},"end":{"line":145,"column":9}},"line":143},"15":{"name":"(anonymous_15)","decl":{"start":{"line":145,"column":17},"end":{"line":145,"column":18}},"loc":{"start":{"line":145,"column":23},"end":{"line":145,"column":27}},"line":145},"16":{"name":"(anonymous_16)","decl":{"start":{"line":151,"column":48},"end":{"line":151,"column":49}},"loc":{"start":{"line":151,"column":54},"end":{"line":163,"column":9}},"line":151},"17":{"name":"(anonymous_17)","decl":{"start":{"line":163,"column":17},"end":{"line":163,"column":18}},"loc":{"start":{"line":163,"column":23},"end":{"line":163,"column":25}},"line":163},"18":{"name":"sanitizeElements","decl":{"start":{"line":177,"column":9},"end":{"line":177,"column":25}},"loc":{"start":{"line":177,"column":36},"end":{"line":190,"column":1}},"line":177},"19":{"name":"(anonymous_19)","decl":{"start":{"line":180,"column":24},"end":{"line":180,"column":25}},"loc":{"start":{"line":180,"column":45},"end":{"line":189,"column":5}},"line":180}},"branchMap":{"0":{"loc":{"start":{"line":51,"column":8},"end":{"line":59,"column":9}},"type":"if","locations":[{"start":{"line":51,"column":8},"end":{"line":59,"column":9}},{"start":{},"end":{}}],"line":51},"1":{"loc":{"start":{"line":71,"column":29},"end":{"line":71,"column":135}},"type":"binary-expr","locations":[{"start":{"line":71,"column":29},"end":{"line":71,"column":87}},{"start":{"line":71,"column":91},"end":{"line":71,"column":135}}],"line":71},"2":{"loc":{"start":{"line":73,"column":31},"end":{"line":73,"column":78}},"type":"binary-expr","locations":[{"start":{"line":73,"column":31},"end":{"line":73,"column":69}},{"start":{"line":73,"column":73},"end":{"line":73,"column":78}}],"line":73},"3":{"loc":{"start":{"line":76,"column":8},"end":{"line":88,"column":9}},"type":"if","locations":[{"start":{"line":76,"column":8},"end":{"line":88,"column":9}},{"start":{},"end":{}}],"line":76},"4":{"loc":{"start":{"line":76,"column":12},"end":{"line":76,"column":66}},"type":"binary-expr","locations":[{"start":{"line":76,"column":12},"end":{"line":76,"column":37}},{"start":{"line":76,"column":41},"end":{"line":76,"column":66}}],"line":76},"5":{"loc":{"start":{"line":82,"column":12},"end":{"line":87,"column":13}},"type":"if","locations":[{"start":{"line":82,"column":12},"end":{"line":87,"column":13}},{"start":{"line":85,"column":17},"end":{"line":87,"column":13}}],"line":82},"6":{"loc":{"start":{"line":106,"column":16},"end":{"line":108,"column":17}},"type":"if","locations":[{"start":{"line":106,"column":16},"end":{"line":108,"column":17}},{"start":{},"end":{}}],"line":106},"7":{"loc":{"start":{"line":112,"column":28},"end":{"line":112,"column":107}},"type":"cond-expr","locations":[{"start":{"line":112,"column":78},"end":{"line":112,"column":90}},{"start":{"line":112,"column":93},"end":{"line":112,"column":107}}],"line":112},"8":{"loc":{"start":{"line":119,"column":12},"end":{"line":122,"column":13}},"type":"if","locations":[{"start":{"line":119,"column":12},"end":{"line":122,"column":13}},{"start":{},"end":{}}],"line":119},"9":{"loc":{"start":{"line":119,"column":16},"end":{"line":119,"column":78}},"type":"binary-expr","locations":[{"start":{"line":119,"column":16},"end":{"line":119,"column":37}},{"start":{"line":119,"column":41},"end":{"line":119,"column":78}}],"line":119},"10":{"loc":{"start":{"line":133,"column":4},"end":{"line":135,"column":5}},"type":"if","locations":[{"start":{"line":133,"column":4},"end":{"line":135,"column":5}},{"start":{},"end":{}}],"line":133},"11":{"loc":{"start":{"line":144,"column":19},"end":{"line":144,"column":68}},"type":"binary-expr","locations":[{"start":{"line":144,"column":19},"end":{"line":144,"column":60}},{"start":{"line":144,"column":64},"end":{"line":144,"column":68}}],"line":144},"12":{"loc":{"start":{"line":146,"column":8},"end":{"line":149,"column":9}},"type":"if","locations":[{"start":{"line":146,"column":8},"end":{"line":149,"column":9}},{"start":{},"end":{}}],"line":146},"13":{"loc":{"start":{"line":146,"column":12},"end":{"line":146,"column":47}},"type":"binary-expr","locations":[{"start":{"line":146,"column":12},"end":{"line":146,"column":22}},{"start":{"line":146,"column":26},"end":{"line":146,"column":47}}],"line":146},"14":{"loc":{"start":{"line":154,"column":16},"end":{"line":157,"column":17}},"type":"if","locations":[{"start":{"line":154,"column":16},"end":{"line":157,"column":17}},{"start":{},"end":{}}],"line":154},"15":{"loc":{"start":{"line":156,"column":27},"end":{"line":156,"column":56}},"type":"binary-expr","locations":[{"start":{"line":156,"column":27},"end":{"line":156,"column":50}},{"start":{"line":156,"column":54},"end":{"line":156,"column":56}}],"line":156},"16":{"loc":{"start":{"line":164,"column":8},"end":{"line":166,"column":9}},"type":"if","locations":[{"start":{"line":164,"column":8},"end":{"line":166,"column":9}},{"start":{},"end":{}}],"line":164},"17":{"loc":{"start":{"line":178,"column":4},"end":{"line":179,"column":18}},"type":"if","locations":[{"start":{"line":178,"column":4},"end":{"line":179,"column":18}},{"start":{},"end":{}}],"line":178},"18":{"loc":{"start":{"line":181,"column":24},"end":{"line":181,"column":48}},"type":"binary-expr","locations":[{"start":{"line":181,"column":24},"end":{"line":181,"column":39}},{"start":{"line":181,"column":43},"end":{"line":181,"column":48}}],"line":181},"19":{"loc":{"start":{"line":182,"column":19},"end":{"line":182,"column":35}},"type":"binary-expr","locations":[{"start":{"line":182,"column":19},"end":{"line":182,"column":29}},{"start":{"line":182,"column":33},"end":{"line":182,"column":35}}],"line":182},"20":{"loc":{"start":{"line":183,"column":19},"end":{"line":183,"column":81}},"type":"cond-expr","locations":[{"start":{"line":183,"column":59},"end":{"line":183,"column":76}},{"start":{"line":183,"column":79},"end":{"line":183,"column":81}}],"line":183},"21":{"loc":{"start":{"line":184,"column":28},"end":{"line":184,"column":53}},"type":"binary-expr","locations":[{"start":{"line":184,"column":28},"end":{"line":184,"column":47}},{"start":{"line":184,"column":51},"end":{"line":184,"column":53}}],"line":184},"22":{"loc":{"start":{"line":185,"column":20},"end":{"line":185,"column":106}},"type":"cond-expr","locations":[{"start":{"line":185,"column":83},"end":{"line":185,"column":101}},{"start":{"line":185,"column":104},"end":{"line":185,"column":106}}],"line":185},"23":{"loc":{"start":{"line":185,"column":20},"end":{"line":185,"column":80}},"type":"binary-expr","locations":[{"start":{"line":185,"column":20},"end":{"line":185,"column":38}},{"start":{"line":185,"column":42},"end":{"line":185,"column":80}}],"line":185},"24":{"loc":{"start":{"line":186,"column":15},"end":{"line":186,"column":43}},"type":"binary-expr","locations":[{"start":{"line":186,"column":15},"end":{"line":186,"column":28}},{"start":{"line":186,"column":33},"end":{"line":186,"column":42}}],"line":186},"25":{"loc":{"start":{"line":187,"column":22},"end":{"line":187,"column":50}},"type":"binary-expr","locations":[{"start":{"line":187,"column":22},"end":{"line":187,"column":42}},{"start":{"line":187,"column":46},"end":{"line":187,"column":50}}],"line":187},"26":{"loc":{"start":{"line":188,"column":24},"end":{"line":188,"column":54}},"type":"binary-expr","locations":[{"start":{"line":188,"column":24},"end":{"line":188,"column":46}},{"start":{"line":188,"column":50},"end":{"line":188,"column":54}}],"line":188}},"s":{"0":0,"1":0,"2":0,"3":0,"4":0,"5":0,"6":0,"7":0,"8":0,"9":0,"10":0,"11":0,"12":0,"13":0,"14":0,"15":0,"16":0,"17":0,"18":0,"19":0,"20":0,"21":0,"22":0,"23":0,"24":0,"25":0,"26":0,"27":0,"28":0,"29":0,"30":0,"31":0,"32":0,"33":0,"34":0,"35":0,"36":0,"37":0,"38":0,"39":0,"40":0,"41":0,"42":0,"43":0,"44":0,"45":0,"46":0,"47":0,"48":0,"49":0,"50":0,"51":0,"52":0,"53":0,"54":0,"55":0,"56":0,"57":0,"58":0,"59":0,"60":0,"61":0,"62":0,"63":0,"64":0,"65":0,"66":0,"67":0,"68":0,"69":0,"70":0,"71":0,"72":0,"73":0,"74":0,"75":0,"76":0,"77":0,"78":0,"79":0,"80":0,"81":0},"f":{"0":0,"1":0,"2":0,"3":0,"4":0,"5":0,"6":0,"7":0,"8":0,"9":0,"10":0,"11":0,"12":0,"13":0,"14":0,"15":0,"16":0,"17":0,"18":0,"19":0},"b":{"0":[0,0],"1":[0,0],"2":[0,0],"3":[0,0],"4":[0,0],"5":[0,0],"6":[0,0],"7":[0,0],"8":[0,0],"9":[0,0],"10":[0,0],"11":[0,0],"12":[0,0],"13":[0,0],"14":[0,0],"15":[0,0],"16":[0,0],"17":[0,0],"18":[0,0],"19":[0,0],"20":[0,0],"21":[0,0],"22":[0,0],"23":[0,0],"24":[0,0],"25":[0,0],"26":[0,0]}}
,"C:\\Users\\Jonathan Gonzalez\\Documents\\automation\\BestLocator\\src\\commands\\pick.ts": {"path":"C:\\Users\\Jonathan Gonzalez\\Documents\\automation\\BestLocator\\src\\commands\\pick.ts","statementMap":{"0":{"start":{"line":10,"column":4},"end":{"line":20,"column":7}},"1":{"start":{"line":12,"column":25},"end":{"line":12,"column":65}},"2":{"start":{"line":15,"column":26},"end":{"line":15,"column":63}},"3":{"start":{"line":16,"column":26},"end":{"line":16,"column":50}},"4":{"start":{"line":18,"column":8},"end":{"line":18,"column":102}}},"fnMap":{"0":{"name":"handlePickCommand","decl":{"start":{"line":9,"column":22},"end":{"line":9,"column":39}},"loc":{"start":{"line":9,"column":75},"end":{"line":21,"column":1}},"line":9},"1":{"name":"(anonymous_1)","decl":{"start":{"line":10,"column":34},"end":{"line":10,"column":35}},"loc":{"start":{"line":10,"column":53},"end":{"line":20,"column":5}},"line":10}},"branchMap":{},"s":{"0":0,"1":0,"2":0,"3":0,"4":0},"f":{"0":0,"1":0},"b":{}}
,"C:\\Users\\Jonathan Gonzalez\\Documents\\automation\\BestLocator\\src\\commands\\validate.ts": {"path":"C:\\Users\\Jonathan Gonzalez\\Documents\\automation\\BestLocator\\src\\commands\\validate.ts","statementMap":{"0":{"start":{"line":7,"column":26},"end":{"line":7,"column":45}},"1":{"start":{"line":8,"column":19},"end":{"line":8,"column":50}},"2":{"start":{"line":11,"column":24},"end":{"line":11,"column":56}},"3":{"start":{"line":13,"column":27},"end":{"line":13,"column":53}},"4":{"start":{"line":14,"column":4},"end":{"line":31,"column":5}},"5":{"start":{"line":15,"column":21},"end":{"line":15,"column":72}},"6":{"start":{"line":16,"column":8},"end":{"line":16,"column":20}},"7":{"start":{"line":17,"column":8},"end":{"line":17,"column":67}},"8":{"start":{"line":18,"column":26},"end":{"line":18,"column":49}},"9":{"start":{"line":19,"column":26},"end":{"line":19,"column":36}},"10":{"start":{"line":20,"column":23},"end":{"line":20,"column":63}},"11":{"start":{"line":21,"column":25},"end":{"line":21,"column":47}},"12":{"start":{"line":22,"column":8},"end":{"line":22,"column":50}},"13":{"start":{"line":23,"column":8},"end":{"line":23,"column":20}},"14":{"start":{"line":24,"column":8},"end":{"line":24,"column":58}},"15":{"start":{"line":27,"column":8},"end":{"line":27,"column":78}},"16":{"start":{"line":30,"column":8},"end":{"line":30,"column":37}}},"fnMap":{"0":{"name":"handleValidateCommand","decl":{"start":{"line":6,"column":22},"end":{"line":6,"column":43}},"loc":{"start":{"line":6,"column":59},"end":{"line":32,"column":1}},"line":6}},"branchMap":{"0":{"loc":{"start":{"line":11,"column":24},"end":{"line":11,"column":56}},"type":"binary-expr","locations":[{"start":{"line":11,"column":24},"end":{"line":11,"column":49}},{"start":{"line":11,"column":53},"end":{"line":11,"column":56}}],"line":11}},"s":{"0":0,"1":0,"2":0,"3":0,"4":0,"5":0,"6":0,"7":0,"8":0,"9":0,"10":0,"11":0,"12":0,"13":0,"14":0,"15":0,"16":0},"f":{"0":0},"b":{"0":[0,0]}}
,"C:\\Users\\Jonathan Gonzalez\\Documents\\automation\\BestLocator\\src\\commands\\shared\\browser-utils.ts": {"path":"C:\\Users\\Jonathan Gonzalez\\Documents\\automation\\BestLocator\\src\\commands\\shared\\browser-utils.ts","statementMap":{"0":{"start":{"line":5,"column":26},"end":{"line":5,"column":45}},"1":{"start":{"line":6,"column":19},"end":{"line":6,"column":50}},"2":{"start":{"line":7,"column":24},"end":{"line":7,"column":56}},"3":{"start":{"line":8,"column":27},"end":{"line":8,"column":53}},"4":{"start":{"line":9,"column":4},"end":{"line":23,"column":5}},"5":{"start":{"line":10,"column":21},"end":{"line":10,"column":72}},"6":{"start":{"line":11,"column":28},"end":{"line":11,"column":65}},"7":{"start":{"line":12,"column":24},"end":{"line":12,"column":69}},"8":{"start":{"line":13,"column":8},"end":{"line":13,"column":40}},"9":{"start":{"line":16,"column":8},"end":{"line":18,"column":9}},"10":{"start":{"line":17,"column":12},"end":{"line":17,"column":92}},"11":{"start":{"line":19,"column":8},"end":{"line":19,"column":25}},"12":{"start":{"line":22,"column":8},"end":{"line":22,"column":37}}},"fnMap":{"0":{"name":"withBrowserSession","decl":{"start":{"line":4,"column":22},"end":{"line":4,"column":40}},"loc":{"start":{"line":4,"column":57},"end":{"line":24,"column":1}},"line":4}},"branchMap":{"0":{"loc":{"start":{"line":7,"column":24},"end":{"line":7,"column":56}},"type":"binary-expr","locations":[{"start":{"line":7,"column":24},"end":{"line":7,"column":49}},{"start":{"line":7,"column":53},"end":{"line":7,"column":56}}],"line":7},"1":{"loc":{"start":{"line":16,"column":8},"end":{"line":18,"column":9}},"type":"if","locations":[{"start":{"line":16,"column":8},"end":{"line":18,"column":9}},{"start":{},"end":{}}],"line":16}},"s":{"0":0,"1":0,"2":0,"3":0,"4":0,"5":0,"6":0,"7":0,"8":0,"9":0,"10":0,"11":0,"12":0},"f":{"0":0},"b":{"0":[0,0],"1":[0,0]}}
,"C:\\Users\\Jonathan Gonzalez\\Documents\\automation\\BestLocator\\src\\commands\\shared\\device-utils.ts": {"path":"C:\\Users\\Jonathan Gonzalez\\Documents\\automation\\BestLocator\\src\\commands\\shared\\device-utils.ts","statementMap":{"0":{"start":{"line":7,"column":26},"end":{"line":7,"column":45}},"1":{"start":{"line":8,"column":19},"end":{"line":8,"column":50}},"2":{"start":{"line":9,"column":4},"end":{"line":12,"column":5}},"3":{"start":{"line":10,"column":8},"end":{"line":10,"column":69}},"4":{"start":{"line":11,"column":8},"end":{"line":11,"column":25}},"5":{"start":{"line":13,"column":26},"end":{"line":13,"column":61}},"6":{"start":{"line":14,"column":20},"end":{"line":14,"column":24}},"7":{"start":{"line":15,"column":4},"end":{"line":40,"column":5}},"8":{"start":{"line":16,"column":23},"end":{"line":16,"column":68}},"9":{"start":{"line":18,"column":8},"end":{"line":18,"column":103}},"10":{"start":{"line":19,"column":8},"end":{"line":19,"column":32}},"11":{"start":{"line":20,"column":24},"end":{"line":26,"column":9}},"12":{"start":{"line":27,"column":8},"end":{"line":27,"column":40}},"13":{"start":{"line":30,"column":8},"end":{"line":30,"column":76}},"14":{"start":{"line":31,"column":8},"end":{"line":31,"column":25}},"15":{"start":{"line":34,"column":8},"end":{"line":34,"column":49}},"16":{"start":{"line":35,"column":8},"end":{"line":37,"column":9}},"17":{"start":{"line":36,"column":12},"end":{"line":36,"column":35}},"18":{"start":{"line":38,"column":8},"end":{"line":38,"column":36}},"19":{"start":{"line":39,"column":8},"end":{"line":39,"column":50}}},"fnMap":{"0":{"name":"withDeviceSession","decl":{"start":{"line":6,"column":22},"end":{"line":6,"column":39}},"loc":{"start":{"line":6,"column":70},"end":{"line":41,"column":1}},"line":6}},"branchMap":{"0":{"loc":{"start":{"line":9,"column":4},"end":{"line":12,"column":5}},"type":"if","locations":[{"start":{"line":9,"column":4},"end":{"line":12,"column":5}},{"start":{},"end":{}}],"line":9},"1":{"loc":{"start":{"line":35,"column":8},"end":{"line":37,"column":9}},"type":"if","locations":[{"start":{"line":35,"column":8},"end":{"line":37,"column":9}},{"start":{},"end":{}}],"line":35}},"s":{"0":0,"1":0,"2":0,"3":0,"4":0,"5":0,"6":0,"7":0,"8":0,"9":0,"10":0,"11":0,"12":0,"13":0,"14":0,"15":0,"16":0,"17":0,"18":0,"19":0},"f":{"0":0},"b":{"0":[0,0],"1":[0,0]}}
,"C:\\Users\\Jonathan Gonzalez\\Documents\\automation\\BestLocator\\src\\commands\\shared\\element-capture.ts": {"path":"C:\\Users\\Jonathan Gonzalez\\Documents\\automation\\BestLocator\\src\\commands\\shared\\element-capture.ts","statementMap":{"0":{"start":{"line":2,"column":18},"end":{"line":4,"column":1}},"1":{"start":{"line":5,"column":26},"end":{"line":9,"column":1}},"2":{"start":{"line":10,"column":26},"end":{"line":14,"column":1}},"3":{"start":{"line":16,"column":45},"end":{"line":16,"column":52}},"4":{"start":{"line":17,"column":4},"end":{"line":17,"column":58}},"5":{"start":{"line":18,"column":4},"end":{"line":18,"column":31}},"6":{"start":{"line":19,"column":4},"end":{"line":19,"column":109}},"7":{"start":{"line":20,"column":19},"end":{"line":20,"column":63}},"8":{"start":{"line":21,"column":4},"end":{"line":22,"column":18}},"9":{"start":{"line":22,"column":8},"end":{"line":22,"column":18}},"10":{"start":{"line":23,"column":4},"end":{"line":23,"column":53}},"11":{"start":{"line":26,"column":4},"end":{"line":26,"column":16}},"12":{"start":{"line":27,"column":4},"end":{"line":28,"column":81}},"13":{"start":{"line":28,"column":8},"end":{"line":28,"column":81}},"14":{"start":{"line":29,"column":4},"end":{"line":30,"column":101}},"15":{"start":{"line":30,"column":8},"end":{"line":30,"column":101}},"16":{"start":{"line":31,"column":4},"end":{"line":32,"column":88}},"17":{"start":{"line":32,"column":8},"end":{"line":32,"column":88}}},"fnMap":{"0":{"name":"captureElements","decl":{"start":{"line":15,"column":22},"end":{"line":15,"column":37}},"loc":{"start":{"line":15,"column":53},"end":{"line":24,"column":1}},"line":15},"1":{"name":"showUserInstructions","decl":{"start":{"line":25,"column":9},"end":{"line":25,"column":29}},"loc":{"start":{"line":25,"column":36},"end":{"line":33,"column":1}},"line":25}},"branchMap":{"0":{"loc":{"start":{"line":21,"column":4},"end":{"line":22,"column":18}},"type":"if","locations":[{"start":{"line":21,"column":4},"end":{"line":22,"column":18}},{"start":{},"end":{}}],"line":21},"1":{"loc":{"start":{"line":23,"column":11},"end":{"line":23,"column":52}},"type":"cond-expr","locations":[{"start":{"line":23,"column":35},"end":{"line":23,"column":41}},{"start":{"line":23,"column":44},"end":{"line":23,"column":52}}],"line":23},"2":{"loc":{"start":{"line":27,"column":4},"end":{"line":28,"column":81}},"type":"if","locations":[{"start":{"line":27,"column":4},"end":{"line":28,"column":81}},{"start":{},"end":{}}],"line":27},"3":{"loc":{"start":{"line":29,"column":4},"end":{"line":30,"column":101}},"type":"if","locations":[{"start":{"line":29,"column":4},"end":{"line":30,"column":101}},{"start":{},"end":{}}],"line":29},"4":{"loc":{"start":{"line":31,"column":4},"end":{"line":32,"column":88}},"type":"if","locations":[{"start":{"line":31,"column":4},"end":{"line":32,"column":88}},{"start":{},"end":{}}],"line":31}},"s":{"0":0,"1":0,"2":0,"3":0,"4":0,"5":0,"6":0,"7":0,"8":0,"9":0,"10":0,"11":0,"12":0,"13":0,"14":0,"15":0,"16":0,"17":0},"f":{"0":0,"1":0},"b":{"0":[0,0],"1":[0,0],"2":[0,0],"3":[0,0],"4":[0,0]}}
,"C:\\Users\\Jonathan Gonzalez\\Documents\\automation\\BestLocator\\src\\commands\\shared\\mobile-element-capture.ts": {"path":"C:\\Users\\Jonathan Gonzalez\\Documents\\automation\\BestLocator\\src\\commands\\shared\\mobile-element-capture.ts","statementMap":{"0":{"start":{"line":4,"column":26},"end":{"line":4,"column":33}},"1":{"start":{"line":5,"column":4},"end":{"line":5,"column":106}},"2":{"start":{"line":6,"column":4},"end":{"line":6,"column":76}},"3":{"start":{"line":8,"column":21},"end":{"line":8,"column":59}},"4":{"start":{"line":9,"column":4},"end":{"line":12,"column":5}},"5":{"start":{"line":10,"column":8},"end":{"line":10,"column":53}},"6":{"start":{"line":11,"column":8},"end":{"line":11,"column":18}},"7":{"start":{"line":13,"column":4},"end":{"line":13,"column":71}},"8":{"start":{"line":14,"column":4},"end":{"line":14,"column":20}}},"fnMap":{"0":{"name":"captureMobileElements","decl":{"start":{"line":3,"column":22},"end":{"line":3,"column":43}},"loc":{"start":{"line":3,"column":59},"end":{"line":15,"column":1}},"line":3}},"branchMap":{"0":{"loc":{"start":{"line":9,"column":4},"end":{"line":12,"column":5}},"type":"if","locations":[{"start":{"line":9,"column":4},"end":{"line":12,"column":5}},{"start":{},"end":{}}],"line":9},"1":{"loc":{"start":{"line":9,"column":8},"end":{"line":9,"column":42}},"type":"binary-expr","locations":[{"start":{"line":9,"column":8},"end":{"line":9,"column":17}},{"start":{"line":9,"column":21},"end":{"line":9,"column":42}}],"line":9}},"s":{"0":0,"1":0,"2":0,"3":0,"4":0,"5":0,"6":0,"7":0,"8":0},"f":{"0":0},"b":{"0":[0,0],"1":[0,0]}}
,"C:\\Users\\Jonathan Gonzalez\\Documents\\automation\\BestLocator\\src\\commands\\shared\\selector-processor.ts": {"path":"C:\\Users\\Jonathan Gonzalez\\Documents\\automation\\BestLocator\\src\\commands\\shared\\selector-processor.ts","statementMap":{"0":{"start":{"line":7,"column":4},"end":{"line":7,"column":38}},"1":{"start":{"line":14,"column":4},"end":{"line":17,"column":5}},"2":{"start":{"line":15,"column":8},"end":{"line":15,"column":76}},"3":{"start":{"line":16,"column":8},"end":{"line":16,"column":15}},"4":{"start":{"line":18,"column":23},"end":{"line":18,"column":30}},"5":{"start":{"line":19,"column":27},"end":{"line":19,"column":63}},"6":{"start":{"line":20,"column":26},"end":{"line":20,"column":60}},"7":{"start":{"line":21,"column":20},"end":{"line":21,"column":22}},"8":{"start":{"line":22,"column":24},"end":{"line":22,"column":26}},"9":{"start":{"line":23,"column":4},"end":{"line":23,"column":81}},"10":{"start":{"line":24,"column":4},"end":{"line":70,"column":5}},"11":{"start":{"line":27,"column":8},"end":{"line":33,"column":9}},"12":{"start":{"line":28,"column":12},"end":{"line":28,"column":100}},"13":{"start":{"line":29,"column":12},"end":{"line":29,"column":128}},"14":{"start":{"line":32,"column":12},"end":{"line":32,"column":69}},"15":{"start":{"line":35,"column":30},"end":{"line":37,"column":83}},"16":{"start":{"line":38,"column":8},"end":{"line":38,"column":93}},"17":{"start":{"line":39,"column":8},"end":{"line":39,"column":46}},"18":{"start":{"line":41,"column":32},"end":{"line":41,"column":55}},"19":{"start":{"line":42,"column":8},"end":{"line":69,"column":9}},"20":{"start":{"line":43,"column":12},"end":{"line":43,"column":24}},"21":{"start":{"line":44,"column":12},"end":{"line":44,"column":121}},"22":{"start":{"line":45,"column":12},"end":{"line":45,"column":53}},"23":{"start":{"line":46,"column":12},"end":{"line":46,"column":47}},"24":{"start":{"line":49,"column":12},"end":{"line":49,"column":24}},"25":{"start":{"line":50,"column":12},"end":{"line":50,"column":45}},"26":{"start":{"line":51,"column":12},"end":{"line":51,"column":45}},"27":{"start":{"line":52,"column":12},"end":{"line":54,"column":13}},"28":{"start":{"line":53,"column":16},"end":{"line":53,"column":75}},"29":{"start":{"line":57,"column":12},"end":{"line":64,"column":13}},"30":{"start":{"line":58,"column":33},"end":{"line":58,"column":53}},"31":{"start":{"line":60,"column":36},"end":{"line":60,"column":104}},"32":{"start":{"line":61,"column":16},"end":{"line":61,"column":28}},"33":{"start":{"line":62,"column":16},"end":{"line":62,"column":50}},"34":{"start":{"line":63,"column":16},"end":{"line":63,"column":48}},"35":{"start":{"line":66,"column":12},"end":{"line":66,"column":24}},"36":{"start":{"line":67,"column":12},"end":{"line":67,"column":44}},"37":{"start":{"line":68,"column":12},"end":{"line":68,"column":39}},"38":{"start":{"line":71,"column":4},"end":{"line":76,"column":5}},"39":{"start":{"line":72,"column":8},"end":{"line":72,"column":20}},"40":{"start":{"line":73,"column":8},"end":{"line":73,"column":65}},"41":{"start":{"line":74,"column":8},"end":{"line":74,"column":53}},"42":{"start":{"line":75,"column":8},"end":{"line":75,"column":123}},"43":{"start":{"line":75,"column":31},"end":{"line":75,"column":62}},"44":{"start":{"line":75,"column":77},"end":{"line":75,"column":121}},"45":{"start":{"line":78,"column":4},"end":{"line":93,"column":5}},"46":{"start":{"line":79,"column":27},"end":{"line":79,"column":47}},"47":{"start":{"line":80,"column":8},"end":{"line":89,"column":9}},"48":{"start":{"line":81,"column":12},"end":{"line":86,"column":13}},"49":{"start":{"line":82,"column":16},"end":{"line":82,"column":101}},"50":{"start":{"line":82,"column":52},"end":{"line":82,"column":87}},"51":{"start":{"line":85,"column":16},"end":{"line":85,"column":51}},"52":{"start":{"line":87,"column":12},"end":{"line":87,"column":24}},"53":{"start":{"line":88,"column":12},"end":{"line":88,"column":53}},"54":{"start":{"line":92,"column":8},"end":{"line":92,"column":58}}},"fnMap":{"0":{"name":"isBrowserSession","decl":{"start":{"line":6,"column":9},"end":{"line":6,"column":25}},"loc":{"start":{"line":6,"column":35},"end":{"line":8,"column":1}},"line":6},"1":{"name":"processAndOutput","decl":{"start":{"line":13,"column":22},"end":{"line":13,"column":38}},"loc":{"start":{"line":13,"column":110},"end":{"line":94,"column":1}},"line":13},"2":{"name":"(anonymous_2)","decl":{"start":{"line":75,"column":21},"end":{"line":75,"column":22}},"loc":{"start":{"line":75,"column":31},"end":{"line":75,"column":62}},"line":75},"3":{"name":"(anonymous_3)","decl":{"start":{"line":75,"column":72},"end":{"line":75,"column":73}},"loc":{"start":{"line":75,"column":77},"end":{"line":75,"column":121}},"line":75},"4":{"name":"(anonymous_4)","decl":{"start":{"line":82,"column":44},"end":{"line":82,"column":45}},"loc":{"start":{"line":82,"column":52},"end":{"line":82,"column":87}},"line":82}},"branchMap":{"0":{"loc":{"start":{"line":14,"column":4},"end":{"line":17,"column":5}},"type":"if","locations":[{"start":{"line":14,"column":4},"end":{"line":17,"column":5}},{"start":{},"end":{}}],"line":14},"1":{"loc":{"start":{"line":19,"column":27},"end":{"line":19,"column":63}},"type":"binary-expr","locations":[{"start":{"line":19,"column":27},"end":{"line":19,"column":36}},{"start":{"line":19,"column":40},"end":{"line":19,"column":63}}],"line":19},"2":{"loc":{"start":{"line":20,"column":26},"end":{"line":20,"column":60}},"type":"binary-expr","locations":[{"start":{"line":20,"column":26},"end":{"line":20,"column":34}},{"start":{"line":20,"column":38},"end":{"line":20,"column":60}}],"line":20},"3":{"loc":{"start":{"line":27,"column":8},"end":{"line":33,"column":9}},"type":"if","locations":[{"start":{"line":27,"column":8},"end":{"line":33,"column":9}},{"start":{"line":31,"column":13},"end":{"line":33,"column":9}}],"line":27},"4":{"loc":{"start":{"line":27,"column":12},"end":{"line":27,"column":108}},"type":"binary-expr","locations":[{"start":{"line":27,"column":12},"end":{"line":27,"column":22}},{"start":{"line":27,"column":26},"end":{"line":27,"column":43}},{"start":{"line":27,"column":47},"end":{"line":27,"column":79}},{"start":{"line":27,"column":83},"end":{"line":27,"column":108}}],"line":27},"5":{"loc":{"start":{"line":35,"column":30},"end":{"line":37,"column":83}},"type":"cond-expr","locations":[{"start":{"line":36,"column":14},"end":{"line":36,"column":77}},{"start":{"line":37,"column":14},"end":{"line":37,"column":83}}],"line":35},"6":{"loc":{"start":{"line":38,"column":30},"end":{"line":38,"column":68}},"type":"binary-expr","locations":[{"start":{"line":38,"column":30},"end":{"line":38,"column":47}},{"start":{"line":38,"column":51},"end":{"line":38,"column":68}}],"line":38},"7":{"loc":{"start":{"line":42,"column":8},"end":{"line":69,"column":9}},"type":"if"
[...]
lumn":113}},{"start":{"line":34,"column":116},"end":{"line":34,"column":145}}],"line":34},"11":{"loc":{"start":{"line":36,"column":16},"end":{"line":38,"column":17}},"type":"if","locations":[{"start":{"line":36,"column":16},"end":{"line":38,"column":17}},{"start":{},"end":{}}],"line":36},"12":{"loc":{"start":{"line":37,"column":27},"end":{"line":37,"column":215}},"type":"cond-expr","locations":[{"start":{"line":37,"column":34},"end":{"line":37,"column":138}},{"start":{"line":37,"column":141},"end":{"line":37,"column":215}}],"line":37},"13":{"loc":{"start":{"line":39,"column":23},"end":{"line":39,"column":126}},"type":"cond-expr","locations":[{"start":{"line":39,"column":30},"end":{"line":39,"column":88}},{"start":{"line":39,"column":91},"end":{"line":39,"column":126}}],"line":39},"14":{"loc":{"start":{"line":42,"column":16},"end":{"line":43,"column":56}},"type":"if","locations":[{"start":{"line":42,"column":16},"end":{"line":43,"column":56}},{"start":{},"end":{}}],"line":42},"15":{"loc":{"start":{"line":44,"column":16},"end":{"line":45,"column":54}},"type":"if","locations":[{"start":{"line":44,"column":16},"end":{"line":45,"column":54}},{"start":{},"end":{}}],"line":44},"16":{"loc":{"start":{"line":46,"column":16},"end":{"line":47,"column":54}},"type":"if","locations":[{"start":{"line":46,"column":16},"end":{"line":47,"column":54}},{"start":{},"end":{}}],"line":46},"17":{"loc":{"start":{"line":52,"column":16},"end":{"line":53,"column":54}},"type":"if","locations":[{"start":{"line":52,"column":16},"end":{"line":53,"column":54}},{"start":{},"end":{}}],"line":52},"18":{"loc":{"start":{"line":54,"column":16},"end":{"line":55,"column":54}},"type":"if","locations":[{"start":{"line":54,"column":16},"end":{"line":55,"column":54}},{"start":{},"end":{}}],"line":54},"19":{"loc":{"start":{"line":56,"column":16},"end":{"line":57,"column":54}},"type":"if","locations":[{"start":{"line":56,"column":16},"end":{"line":57,"column":54}},{"start":{},"end":{}}],"line":56},"20":{"loc":{"start":{"line":61,"column":16},"end":{"line":62,"column":54}},"type":"if","locations":[{"start":{"line":61,"column":16},"end":{"line":62,"column":54}},{"start":{},"end":{}}],"line":61},"21":{"loc":{"start":{"line":63,"column":16},"end":{"line":64,"column":54}},"type":"if","locations":[{"start":{"line":63,"column":16},"end":{"line":64,"column":54}},{"start":{},"end":{}}],"line":63},"22":{"loc":{"start":{"line":65,"column":16},"end":{"line":66,"column":54}},"type":"if","locations":[{"start":{"line":65,"column":16},"end":{"line":66,"column":54}},{"start":{},"end":{}}],"line":65},"23":{"loc":{"start":{"line":71,"column":16},"end":{"line":72,"column":54}},"type":"if","locations":[{"start":{"line":71,"column":16},"end":{"line":72,"column":54}},{"start":{},"end":{}}],"line":71},"24":{"loc":{"start":{"line":73,"column":16},"end":{"line":74,"column":54}},"type":"if","locations":[{"start":{"line":73,"column":16},"end":{"line":74,"column":54}},{"start":{},"end":{}}],"line":73},"25":{"loc":{"start":{"line":75,"column":16},"end":{"line":76,"column":54}},"type":"if","locations":[{"start":{"line":75,"column":16},"end":{"line":76,"column":54}},{"start":{},"end":{}}],"line":75},"26":{"loc":{"start":{"line":80,"column":16},"end":{"line":84,"column":17}},"type":"if","locations":[{"start":{"line":80,"column":16},"end":{"line":84,"column":17}},{"start":{},"end":{}}],"line":80},"27":{"loc":{"start":{"line":82,"column":47},"end":{"line":82,"column":57}},"type":"binary-expr","locations":[{"start":{"line":82,"column":47},"end":{"line":82,"column":50}},{"start":{"line":82,"column":54},"end":{"line":82,"column":57}}],"line":82},"28":{"loc":{"start":{"line":85,"column":16},"end":{"line":89,"column":17}},"type":"if","locations":[{"start":{"line":85,"column":16},"end":{"line":89,"column":17}},{"start":{},"end":{}}],"line":85},"29":{"loc":{"start":{"line":87,"column":47},"end":{"line":87,"column":57}},"type":"binary-expr","locations":[{"start":{"line":87,"column":47},"end":{"line":87,"column":50}},{"start":{"line":87,"column":54},"end":{"line":87,"column":57}}],"line":87},"30":{"loc":{"start":{"line":90,"column":16},"end":{"line":94,"column":17}},"type":"if","locations":[{"start":{"line":90,"column":16},"end":{"line":94,"column":17}},{"start":{},"end":{}}],"line":90},"31":{"loc":{"start":{"line":92,"column":47},"end":{"line":92,"column":57}},"type":"binary-expr","locations":[{"start":{"line":92,"column":47},"end":{"line":92,"column":50}},{"start":{"line":92,"column":54},"end":{"line":92,"column":57}}],"line":92},"32":{"loc":{"start":{"line":96,"column":43},"end":{"line":96,"column":53}},"type":"binary-expr","locations":[{"start":{"line":96,"column":43},"end":{"line":96,"column":46}},{"start":{"line":96,"column":50},"end":{"line":96,"column":53}}],"line":96},"33":{"loc":{"start":{"line":104,"column":12},"end":{"line":105,"column":50}},"type":"if","locations":[{"start":{"line":104,"column":12},"end":{"line":105,"column":50}},{"start":{},"end":{}}],"line":104},"34":{"loc":{"start":{"line":111,"column":16},"end":{"line":112,"column":57}},"type":"if","locations":[{"start":{"line":111,"column":16},"end":{"line":112,"column":57}},{"start":{},"end":{}}],"line":111},"35":{"loc":{"start":{"line":111,"column":20},"end":{"line":111,"column":32}},"type":"binary-expr","locations":[{"start":{"line":111,"column":20},"end":{"line":111,"column":23}},{"start":{"line":111,"column":27},"end":{"line":111,"column":32}}],"line":111},"36":{"loc":{"start":{"line":114,"column":12},"end":{"line":115,"column":56}},"type":"if","locations":[{"start":{"line":114,"column":12},"end":{"line":115,"column":56}},{"start":{},"end":{}}],"line":114},"37":{"loc":{"start":{"line":118,"column":8},"end":{"line":154,"column":9}},"type":"switch","locations":[{"start":{"line":119,"column":12},"end":{"line":120,"column":52}},{"start":{"line":121,"column":12},"end":{"line":122,"column":53}},{"start":{"line":123,"column":12},"end":{"line":132,"column":13}},{"start":{"line":133,"column":12},"end":{"line":134,"column":50}},{"start":{"line":135,"column":12},"end":{"line":136,"column":54}},{"start":{"line":137,"column":12},"end":{"line":138,"column":49}},{"start":{"line":139,"column":12},"end":{"line":140,"column":51}},{"start":{"line":141,"column":12},"end":{"line":144,"column":13}},{"start":{"line":145,"column":12},"end":{"line":153,"column":68}}],"line":118},"38":{"loc":{"start":{"line":126,"column":30},"end":{"line":126,"column":75}},"type":"cond-expr","locations":[{"start":{"line":126,"column":50},"end":{"line":126,"column":54}},{"start":{"line":126,"column":57},"end":{"line":126,"column":75}}],"line":126},"39":{"loc":{"start":{"line":127,"column":16},"end":{"line":128,"column":61}},"type":"if","locations":[{"start":{"line":127,"column":16},"end":{"line":128,"column":61}},{"start":{},"end":{}}],"line":127},"40":{"loc":{"start":{"line":147,"column":16},"end":{"line":148,"column":66}},"type":"if","locations":[{"start":{"line":147,"column":16},"end":{"line":148,"column":66}},{"start":{},"end":{}}],"line":147},"41":{"loc":{"start":{"line":149,"column":16},"end":{"line":150,"column":66}},"type":"if","locations":[{"start":{"line":149,"column":16},"end":{"line":150,"column":66}},{"start":{},"end":{}}],"line":149},"42":{"loc":{"start":{"line":151,"column":16},"end":{"line":152,"column":66}},"type":"if","locations":[{"start":{"line":151,"column":16},"end":{"line":152,"column":66}},{"start":{},"end":{}}],"line":151}},"s":{"0":2,"1":17,"2":2,"3":5,"4":16,"5":16,"6":16,"7":16,"8":16,"9":6,"10":1,"11":5,"12":1,"13":4,"14":1,"15":3,"16":0,"17":0,"18":0,"19":0,"20":0,"21":0,"22":0,"23":6,"24":1,"25":5,"26":0,"27":5,"28":0,"29":5,"30":2,"31":0,"32":2,"33":0,"34":2,"35":0,"36":2,"37":1,"38":1,"39":0,"40":1,"41":0,"42":1,"43":0,"44":1,"45":1,"46":0,"47":1,"48":0,"49":1,"50":0,"51":1,"52":0,"53":0,"54":0,"55":0,"56":0,"57":0,"58":0,"59":0,"60":0,"61":0,"62":0,"63":0,"64":0,"65":0,"66":0,"67":0,"68":0,"69":0,"70":0,"71":0,"72":0,"73":0,"74":0,"75":16,"76":4,"77":4,"78":4,"79":0,"80":0,"81":0,"82":0,"83":0,"84":0,"85":0,"86":0,"87":0,"88":0,"89":0,"90":16,"91":6,"92":0,"93":6,"94":6,"95":6,"96":4,"97":2,"98":2,"99":2,"100":1,"101":1,"102":0,"103":0,"104":0,"105":0,"106":0,"107":0,"108":0,"109":0,"110":0,"111":0},"f":{"0":17,"1":5,"2":16,"3":6,"4":0,"5":6,"6":2,"7":1,"8":1,"9":0,"10":0,"11":4,"12":0,"13":0,"14":0},"b":{"0":[16,5],"1":[1,5],"2":[1,4],"3":[1,3],"4":[0,0],"5":[0,0],"6":[0,0],"7":[1,5],"8":[1,0],"9":[0,5],"10":[0,0],"11":[0,5],"12":[0,0],"13":[5,0],"14":[0,2],"15":[0,2],"16":[0,2],"17":[0,1],"18":[0,1],"19":[0,1],"20":[0,1],"21":[0,1],"22":[0,1],"23":[0,0],"24":[0,0],"25":[0,0],"26":[0,0],"27":[0,0],"28":[0,0],"29":[0,0],"30":[0,0],"31":[0,0],"32":[0,0],"33":[4,0],"34":[0,0],"35":[0,0],"36":[0,0],"37":[6,0,6,2,1,1,0,0,0],"38":[2,4],"39":[4,2],"40":[0,0],"41":[0,0],"42":[0,0]},"_coverageSchema":"1a1c01bbd47fc00a2c39e90264f33305004495a9","hash":"dfec111facd952f69979816d6b6f050ccb322f8c"}
,"C:\\Users\\Jonathan Gonzalez\\Documents\\automation\\BestLocator\\src\\core\\formatters\\frameworks\\selenium-formatter.ts": {"path":"C:\\Users\\Jonathan Gonzalez\\Documents\\automation\\BestLocator\\src\\core\\formatters\\frameworks\\selenium-formatter.ts","statementMap":{"0":{"start":{"line":1,"column":11},"end":{"line":1,"column":55}},"1":{"start":{"line":1,"column":18},"end":{"line":1,"column":55}},"2":{"start":{"line":4,"column":25},"end":{"line":4,"column":46}},"3":{"start":{"line":5,"column":23},"end":{"line":5,"column":42}},"4":{"start":{"line":6,"column":25},"end":{"line":6,"column":46}},"5":{"start":{"line":8,"column":28},"end":{"line":22,"column":9}},"6":{"start":{"line":9,"column":12},"end":{"line":19,"column":13}},"7":{"start":{"line":10,"column":16},"end":{"line":10,"column":69}},"8":{"start":{"line":12,"column":17},"end":{"line":19,"column":13}},"9":{"start":{"line":13,"column":35},"end":{"line":13,"column":91}},"10":{"start":{"line":14,"column":16},"end":{"line":14,"column":76}},"11":{"start":{"line":16,"column":17},"end":{"line":19,"column":13}},"12":{"start":{"line":17,"column":35},"end":{"line":17,"column":129}},"13":{"start":{"line":18,"column":16},"end":{"line":18,"column":76}},"14":{"start":{"line":21,"column":12},"end":{"line":21,"column":78}},"15":{"start":{"line":23,"column":8},"end":{"line":44,"column":9}},"16":{"start":{"line":25,"column":16},"end":{"line":25,"column":68}},"17":{"start":{"line":27,"column":16},"end":{"line":27,"column":61}},"18":{"start":{"line":29,"column":28},"end":{"line":29,"column":64}},"19":{"start":{"line":30,"column":16},"end":{"line":30,"column":56}},"20":{"start":{"line":33,"column":28},"end":{"line":33,"column":59}},"21":{"start":{"line":34,"column":16},"end":{"line":34,"column":56}},"22":{"start":{"line":37,"column":30},"end":{"line":37,"column":81}},"23":{"start":{"line":38,"column":16},"end":{"line":38,"column":51}},"24":{"start":{"line":43,"column":16},"end":{"line":43,"column":68}}},"fnMap":{"0":{"name":"(anonymous_0)","decl":{"start":{"line":1,"column":11},"end":{"line":1,"column":12}},"loc":{"start":{"line":1,"column":18},"end":{"line":1,"column":55}},"line":1},"1":{"name":"(anonymous_1)","decl":{"start":{"line":3,"column":4},"end":{"line":3,"column":5}},"loc":{"start":{"line":3,"column":41},"end":{"line":45,"column":5}},"line":3},"2":{"name":"(anonymous_2)","decl":{"start":{"line":8,"column":28},"end":{"line":8,"column":29}},"loc":{"start":{"line":8,"column":43},"end":{"line":22,"column":9}},"line":8}},"branchMap":{"0":{"loc":{"start":{"line":9,"column":12},"end":{"line":19,"column":13}},"type":"if","locations":[{"start":{"line":9,"column":12},"end":{"line":19,"column":13}},{"start":{"line":12,"column":17},"end":{"line":19,"column":13}}],"line":9},"1":{"loc":{"start":{"line":12,"column":17},"end":{"line":19,"column":13}},"type":"if","locations":[{"start":{"line":12,"column":17},"end":{"line":19,"column":13}},{"start":{"line":16,"column":17},"end":{"line":19,"column":13}}],"line":12},"2":{"loc":{"start":{"line":13,"column":35},"end":{"line":13,"column":91}},"type":"cond-expr","locations":[{"start":{"line":13,"column":59},"end":{"line":13,"column":72}},{"start":{"line":13,"column":75},"end":{"line":13,"column":91}}],"line":13},"3":{"loc":{"start":{"line":16,"column":17},"end":{"line":19,"column":13}},"type":"if","locations":[{"start":{"line":16,"column":17},"end":{"line":19,"column":13}},{"start":{},"end":{}}],"line":16},"4":{"loc":{"start":{"line":17,"column":35},"end":{"line":17,"column":129}},"type":"cond-expr","locations":[{"start":{"line":17,"column":59},"end":{"line":17,"column":72}},{"start":{"line":17,"column":75},"end":{"line":17,"column":129}}],"line":17},"5":{"loc":{"start":{"line":23,"column":8},"end":{"line":44,"column":9}},"type":"switch","locations":[{"start":{"line":24,"column":12},"end":{"line":25,"column":68}},{"start":{"line":26,"column":12},"end":{"line":27,"column":61}},{"start":{"line":28,"column":12},"end":{"line":31,"column":13}},{"start":{"line":32,"column":12},"end":{"line":35,"column":13}},{"start":{"line":36,"column":12},"end":{"line":39,"column":13}},{"start":{"line":40,"column":12},"end":{"line":40,"column":24}},{"start":{"line":41,"column":12},"end":{"line":41,"column":28}},{"start":{"line":42,"column":12},"end":{"line":43,"column":68}}],"line":23}},"s":{"0":2,"1":4,"2":4,"3":4,"4":4,"5":4,"6":4,"7":2,"8":2,"9":2,"10":2,"11":0,"12":0,"13":0,"14":0,"15":4,"16":3,"17":0,"18":0,"19":0,"20":1,"21":1,"22":0,"23":0,"24":0},"f":{"0":4,"1":4,"2":4},"b":{"0":[2,2],"1":[2,0],"2":[2,0],"3":[0,0],"4":[0,0],"5":[3,0,0,1,0,0,0,0]},"_coverageSchema":"1a1c01bbd47fc00a2c39e90264f33305004495a9","hash":"9a99c7b0152fa5d6c33f413236dbd6bc9efb91a1"}
,"C:\\Users\\Jonathan Gonzalez\\Documents\\automation\\BestLocator\\src\\core\\formatters\\frameworks\\testcafe-formatter.ts": {"path":"C:\\Users\\Jonathan Gonzalez\\Documents\\automation\\BestLocator\\src\\core\\formatters\\frameworks\\testcafe-formatter.ts","statementMap":{"0":{"start":{"line":2,"column":11},"end":{"line":2,"column":55}},"1":{"start":{"line":2,"column":18},"end":{"line":2,"column":55}},"2":{"start":{"line":7,"column":8},"end":{"line":43,"column":9}},"3":{"start":{"line":9,"column":16},"end":{"line":9,"column":79}},"4":{"start":{"line":11,"column":37},"end":{"line":11,"column":71}},"5":{"start":{"line":12,"column":16},"end":{"line":15,"column":17}},"6":{"start":{"line":14,"column":20},"end":{"line":14,"column":73}},"7":{"start":{"line":17,"column":16},"end":{"line":17,"column":47}},"8":{"start":{"line":22,"column":16},"end":{"line":24,"column":17}},"9":{"start":{"line":23,"column":20},"end":{"line":23,"column":94}},"10":{"start":{"line":26,"column":16},"end":{"line":26,"column":72}},"11":{"start":{"line":28,"column":16},"end":{"line":28,"column":79}},"12":{"start":{"line":30,"column":28},"end":{"line":30,"column":59}},"13":{"start":{"line":31,"column":16},"end":{"line":31,"column":46}},"14":{"start":{"line":34,"column":16},"end":{"line":34,"column":58}},"15":{"start":{"line":36,"column":16},"end":{"line":36,"column":64}},"16":{"start":{"line":40,"column":16},"end":{"line":40,"column":58}},"17":{"start":{"line":42,"column":16},"end":{"line":42,"column":58}}},"fnMap":{"0":{"name":"(anonymous_0)","decl":{"start":{"line":2,"column":11},"end":{"line":2,"column":12}},"loc":{"start":{"line":2,"column":18},"end":{"line":2,"column":55}},"line":2},"1":{"name":"(anonymous_1)","decl":{"start":{"line":4,"column":4},"end":{"line":4,"column":5}},"loc":{"start":{"line":4,"column":42},"end":{"line":44,"column":5}},"line":4}},"branchMap":{"0":{"loc":{"start":{"line":7,"column":8},"end":{"line":43,"column":9}},"type":"switch","locations":[{"start":{"line":8,"column":12},"end":{"line":9,"column":79}},{"start":{"line":10,"column":12},"end":{"line":18,"column":13}},{"start":{"line":19,"column":12},"end":{"line":26,"column":72}},{"start":{"line":27,"column":12},"end":{"line":28,"column":79}},{"start":{"line":29,"column":12},"end":{"line":32,"column":13}},{"start":{"line":33,"column":12},"end":{"line":34,"column":58}},{"start":{"line":35,"column":12},"end":{"line":36,"column":64}},{"start":{"line":39,"column":12},"end":{"line":40,"column":58}},{"start":{"line":41,"column":12},"end":{"line":42,"column":58}}],"line":7},"1":{"loc":{"start":{"line":12,"column":16},"end":{"line":15,"column":17}},"type":"if","locations":[{"start":{"line":12,"column":16},"end":{"line":15,"column":17}},{"start":{},"end":{}}],"line":12},"2":{"loc":{"start":{"line":22,"column":16},"end":{"line":24,"column":17}},"type":"if","locations":[{"start":{"line":22,"column":16},"end":{"line":24,"column":17}},{"start":{},"end":{}}],"line":22}},"s":{"0":2,"1":13,"2":10,"3":3,"4":2,"5":2,"6":1,"7":1,"8":3,"9":2,"10":1,"11":0,"12":0,"13":0,"14":2,"15":0,"16":0,"17":0},"f":{"0":13,"1":10},"b":{"0":[3,2,3,0,0,2,0,0,0],"1":[1,1],"2":[2,1]},"_coverageSchema":"1a1c01bbd47fc00a2c39e90264f33305004495a9","hash":"d446a64ea6cc4bf435306aaec647903839392513"}
,"C:\\Users\\Jonathan Gonzalez\\Documents\\automation\\BestLocator\\src\\core\\formatters\\frameworks\\webdriverio-formatter.ts": {"path":"C:\\Users\\Jonathan Gonzalez\\Documents\\automation\\BestLocator\\src\\core\\formatters\\frameworks\\webdriverio-formatter.ts","statementMap":{"0":{"start":{"line":1,"column":11},"end":{"line":1,"column":55}},"1":{"start":{"line":1,"column":18},"end":{"line":1,"column":55}},"2":{"start":{"line":5,"column":8},"end":{"line":33,"column":9}},"3":{"start":{"line":7,"column":16},"end":{"line":7,"column":86}},"4":{"start":{"line":9,"column":37},"end":{"line":9,"column":71}},"5":{"start":{"line":11,"column":16},"end":{"line":13,"column":17}},"6":{"start":{"line":12,"column":20},"end":{"line":12,"column":79}},"7":{"start":{"line":14,"column":16},"end":{"line":14,"column":54}},"8":{"start":{"line":18,"column":16},"end":{"line":18,"column":72}},"9":{"start":{"line":20,"column":16},"end":{"line":20,"column":86}},"10":{"start":{"line":23,"column":16},"end":{"line":23,"column":81}},"11":{"start":{"line":26,"column":16},"end":{"line":26,"column":65}},"12":{"start":{"line":28,"column":16},"end":{"line":28,"column":71}},"13":{"start":{"line":30,"column":16},"end":{"line":30,"column":65}},"14":{"start":{"line":32,"column":16},"end":{"line":32,"column":65}}},"fnMap":{"0":{"name":"(anonymous_0)","decl":{"start":{"line":1,"column":11},"end":{"line":1,"column":12}},"loc":{"start":{"line":1,"column":18},"end":{"line":1,"column":55}},"line":1},"1":{"name":"(anonymous_1)","decl":{"start":{"line":3,"column":4},"end":{"line":3,"column":5}},"loc":{"start":{"line":3,"column":42},"end":{"line":34,"column":5}},"line":3}},"branchMap":{"0":{"loc":{"start":{"line":5,"column":8},"end":{"line":33,"column":9}},"type":"switch","locations":[{"start":{"line":6,"column":12},"end":{"line":7,"column":86}},{"start":{"line":8,"column":12},"end":{"line":15,"column":13}},{"start":{"line":16,"column":12},"end":{"line":18,"column":72}},{"start":{"line":19,"column":12},"end":{"line":20,"column":86}},{"start":{"line":21,"column":12},"end":{"line":24,"column":13}},{"start":{"line":25,"column":12},"end":{"line":26,"column":65}},{"start":{"line":27,"column":12},"end":{"line":28,"column":71}},{"start":{"line":29,"column":12},"end":{"line":30,"column":65}},{"start":{"line":31,"column":12},"end":{"line":32,"column":65}}],"line":5},"1":{"loc":{"start":{"line":11,"column":16},"end":{"line":13,"column":17}},"type":"if","locations":[{"start":{"line":11,"column":16},"end":{"line":13,"column":17}},{"start":{},"end":{}}],"line":11}},"s":{"0":2,"1":10,"2":10,"3":3,"4":2,"5":2,"6":1,"7":1,"8":2,"9":0,"10":0,"11":3,"12":0,"13":0,"14":0},"f":{"0":10,"1":10},"b":{"0":[3,2,2,0,0,3,0,0,0],"1":[1,1]},"_coverageSchema":"1a1c01bbd47fc00a2c39e90264f33305004495a9","hash":"0d74dfbd5183c253a6f842ed70071b60eaff5b97"}
,"C:\\Users\\Jonathan Gonzalez\\Documents\\automation\\BestLocator\\src\\core\\processing\\types.ts": {"path":"C:\\Users\\Jonathan Gonzalez\\Documents\\automation\\BestLocator\\src\\core\\processing\\types.ts","statementMap":{},"fnMap":{},"branchMap":{},"s":{},"f":{},"b":{}}
}
