TN:
SF:src\app\browser-manager.ts
FN:11,(anonymous_0)
FN:16,(anonymous_1)
FN:39,(anonymous_2)
FN:45,(anonymous_3)
FN:58,(anonymous_4)
FN:78,(anonymous_5)
FN:87,(anonymous_6)
FN:100,(anonymous_7)
FNF:8
FNH:0
FNDA:0,(anonymous_0)
FNDA:0,(anonymous_1)
FNDA:0,(anonymous_2)
FNDA:0,(anonymous_3)
FNDA:0,(anonymous_4)
FNDA:0,(anonymous_5)
FNDA:0,(anonymous_6)
FNDA:0,(anonymous_7)
DA:12,0
DA:13,0
DA:14,0
DA:17,0
DA:18,0
DA:19,0
DA:23,0
DA:24,0
DA:27,0
DA:28,0
DA:29,0
DA:30,0
DA:31,0
DA:34,0
DA:35,0
DA:36,0
DA:40,0
DA:41,0
DA:43,0
DA:46,0
DA:47,0
DA:48,0
DA:59,0
DA:60,0
DA:62,0
DA:65,0
DA:68,0
DA:70,0
DA:71,0
DA:74,0
DA:75,0
DA:80,0
DA:81,0
DA:82,0
DA:87,0
DA:88,0
DA:89,0
DA:90,0
DA:97,0
DA:101,0
DA:102,0
DA:103,0
DA:104,0
LF:43
LH:0
BRDA:40,0,0,0
BRDA:40,0,1,0
BRDA:46,1,0,0
BRDA:46,1,1,0
BRDA:59,2,0,0
BRDA:59,2,1,0
BRDA:80,3,0,0
BRDA:80,3,1,0
BRDA:101,4,0,0
BRDA:101,4,1,0
BRF:10
BRH:0
end_of_record
TN:
SF:src\app\device-manager.ts
FN:6,(anonymous_0)
FN:11,(anonymous_1)
FN:27,(anonymous_2)
FN:32,(anonymous_3)
FN:37,(anonymous_4)
FN:50,(anonymous_5)
FN:77,(anonymous_6)
FN:99,(anonymous_7)
FN:119,(anonymous_8)
FN:125,(anonymous_9)
FNF:10
FNH:0
FNDA:0,(anonymous_0)
FNDA:0,(anonymous_1)
FNDA:0,(anonymous_2)
FNDA:0,(anonymous_3)
FNDA:0,(anonymous_4)
FNDA:0,(anonymous_5)
FNDA:0,(anonymous_6)
FNDA:0,(anonymous_7)
FNDA:0,(anonymous_8)
FNDA:0,(anonymous_9)
DA:7,0
DA:8,0
DA:9,0
DA:12,0
DA:13,0
DA:14,0
DA:15,0
DA:19,0
DA:20,0
DA:23,0
DA:24,0
DA:28,0
DA:29,0
DA:30,0
DA:33,0
DA:34,0
DA:35,0
DA:38,0
DA:39,0
DA:40,0
DA:41,0
DA:43,0
DA:44,0
DA:46,0
DA:47,0
DA:48,0
DA:49,0
DA:50,0
DA:51,0
DA:52,0
DA:73,0
DA:75,0
DA:78,0
DA:79,0
DA:80,0
DA:81,0
DA:82,0
DA:89,0
DA:100,0
DA:101,0
DA:102,0
DA:103,0
DA:104,0
DA:105,0
DA:106,0
DA:107,0
DA:117,0
DA:120,0
DA:121,0
DA:123,0
DA:126,0
DA:127,0
DA:128,0
LF:53
LH:0
BRDA:28,0,0,0
BRDA:28,0,1,0
BRDA:33,1,0,0
BRDA:33,1,1,0
BRDA:38,2,0,0
BRDA:38,2,1,0
BRDA:53,3,0,0
BRDA:53,3,1,0
BRDA:79,4,0,0
BRDA:79,4,1,0
BRDA:81,5,0,0
BRDA:81,5,1,0
BRDA:84,6,0,0
BRDA:84,6,1,0
BRDA:85,7,0,0
BRDA:85,7,1,0
BRDA:85,7,2,0
BRDA:91,8,0,0
BRDA:91,8,1,0
BRDA:92,9,0,0
BRDA:92,9,1,0
BRDA:92,9,2,0
BRDA:106,10,0,0
BRDA:106,10,1,0
BRDA:120,11,0,0
BRDA:120,11,1,0
BRDA:126,12,0,0
BRDA:126,12,1,0
BRF:28
BRH:0
end_of_record
TN:
SF:src\app\logger.ts
FN:4,(anonymous_0)
FN:7,(anonymous_1)
FN:10,(anonymous_2)
FN:13,(anonymous_3)
FN:19,(anonymous_4)
FN:22,(anonymous_5)
FN:25,(anonymous_6)
FN:29,(anonymous_7)
FNF:8
FNH:3
FNDA:17,(anonymous_0)
FNDA:4,(anonymous_1)
FNDA:2,(anonymous_2)
FNDA:0,(anonymous_3)
FNDA:0,(anonymous_4)
FNDA:0,(anonymous_5)
FNDA:0,(anonymous_6)
FNDA:0,(anonymous_7)
DA:5,17
DA:8,4
DA:11,2
DA:14,0
DA:15,0
DA:16,0
DA:20,0
DA:23,0
DA:26,0
DA:30,0
DA:34,4
LF:11
LH:4
BRDA:15,0,0,0
BRDA:15,0,1,0
BRF:2
BRH:0
end_of_record
TN:
SF:src\app\mobile-inspector.ts
FN:12,(anonymous_0)
FN:22,(anonymous_1)
FN:25,(anonymous_2)
FN:38,(anonymous_3)
FN:43,(anonymous_4)
FN:46,(anonymous_5)
FN:50,(anonymous_6)
FN:60,(anonymous_7)
FN:82,(anonymous_8)
FN:83,(anonymous_9)
FN:84,(anonymous_10)
FN:93,(anonymous_11)
FN:95,(anonymous_12)
FN:96,(anonymous_13)
FN:101,(anonymous_14)
FN:110,(anonymous_15)
FNF:16
FNH:0
FNDA:0,(anonymous_0)
FNDA:0,(anonymous_1)
FNDA:0,(anonymous_2)
FNDA:0,(anonymous_3)
FNDA:0,(anonymous_4)
FNDA:0,(anonymous_5)
FNDA:0,(anonymous_6)
FNDA:0,(anonymous_7)
FNDA:0,(anonymous_8)
FNDA:0,(anonymous_9)
FNDA:0,(anonymous_10)
FNDA:0,(anonymous_11)
FNDA:0,(anonymous_12)
FNDA:0,(anonymous_13)
FNDA:0,(anonymous_14)
FNDA:0,(anonymous_15)
DA:10,0
DA:13,0
DA:14,0
DA:15,0
DA:16,0
DA:17,0
DA:18,0
DA:19,0
DA:20,0
DA:23,0
DA:25,0
DA:26,0
DA:27,0
DA:28,0
DA:29,0
DA:35,0
DA:38,0
DA:39,0
DA:40,0
DA:41,0
DA:43,0
DA:44,0
DA:46,0
DA:47,0
DA:48,0
DA:50,0
DA:51,0
DA:52,0
DA:53,0
DA:55,0
DA:56,0
DA:57,0
DA:58,0
DA:59,0
DA:60,0
DA:61,0
DA:62,0
DA:63,0
DA:64,0
DA:65,0
DA:66,0
DA:67,0
DA:69,0
DA:70,0
DA:71,0
DA:72,0
DA:75,0
DA:77,0
DA:78,0
DA:80,0
DA:83,0
DA:84,0
DA:85,0
DA:86,0
DA:87,0
DA:88,0
DA:90,0
DA:94,0
DA:95,0
DA:96,0
DA:97,0
DA:98,0
DA:100,0
DA:101,0
DA:104,0
DA:107,0
DA:111,0
DA:112,0
DA:113,0
LF:69
LH:0
BRDA:12,0,0,0
BRDA:51,1,0,0
BRDA:51,1,1,0
BRDA:97,2,0,0
BRDA:97,2,1,0
BRDA:97,3,0,0
BRDA:97,3,1,0
BRDA:100,4,0,0
BRDA:100,4,1,0
BRDA:100,5,0,0
BRDA:100,5,1,0
BRDA:111,6,0,0
BRDA:111,6,1,0
BRF:13
BRH:0
end_of_record
TN:
SF:src\commands\ai-test.ts
FN:4,handleAiTestCommand
FNF:1
FNH:0
FNDA:0,handleAiTestCommand
DA:5,0
DA:6,0
DA:7,0
DA:8,0
DA:9,0
DA:11,0
DA:12,0
DA:13,0
DA:14,0
DA:15,0
DA:16,0
DA:18,0
DA:19,0
DA:20,0
DA:22,0
DA:23,0
DA:27,0
DA:28,0
DA:29,0
DA:31,0
DA:32,0
LF:21
LH:0
BRDA:7,0,0,0
BRDA:7,0,1,0
BRDA:15,1,0,0
BRDA:15,1,1,0
BRDA:19,2,0,0
BRDA:19,2,1,0
BRDA:19,3,0,0
BRDA:19,3,1,0
BRDA:22,4,0,0
BRDA:22,4,1,0
BRDA:22,5,0,0
BRDA:22,5,1,0
BRDA:28,6,0,0
BRDA:28,6,1,0
BRDA:31,7,0,0
BRDA:31,7,1,0
BRF:16
BRH:0
end_of_record
TN:
SF:src\commands\config.ts
FN:5,handleConfigCommand
FN:26,(anonymous_1)
FN:32,(anonymous_2)
FNF:3
FNH:0
FNDA:0,handleConfigCommand
FNDA:0,(anonymous_1)
FNDA:0,(anonymous_2)
DA:6,0
DA:7,0
DA:8,0
DA:9,0
DA:10,0
DA:11,0
DA:12,0
DA:13,0
DA:14,0
DA:15,0
DA:16,0
DA:17,0
DA:18,0
DA:19,0
DA:20,0
DA:21,0
DA:22,0
DA:23,0
DA:26,0
DA:27,0
DA:30,0
DA:31,0
DA:32,0
DA:33,0
DA:35,0
DA:36,0
DA:37,0
DA:38,0
DA:39,0
LF:29
LH:0
BRDA:14,0,0,0
BRDA:14,0,1,0
BRDA:15,1,0,0
BRDA:15,1,1,0
BRDA:18,2,0,0
BRDA:18,2,1,0
BRDA:22,3,0,0
BRDA:22,3,1,0
BRF:8
BRH:0
end_of_record
TN:
SF:src\commands\go.ts
FN:9,handleGoCommand
FN:10,(anonymous_1)
FNF:2
FNH:0
FNDA:0,handleGoCommand
FNDA:0,(anonymous_1)
DA:10,0
DA:12,0
DA:15,0
DA:16,0
DA:18,0
LF:5
LH:0
BRF:0
BRH:0
end_of_record
TN:
SF:src\commands\hello.ts
FN:4,handleHelloCommand
FNF:1
FNH:0
FNDA:0,handleHelloCommand
DA:5,0
DA:7,0
DA:8,0
DA:9,0
DA:10,0
DA:11,0
DA:15,0
LF:7
LH:0
BRDA:10,0,0,0
BRDA:10,0,1,0
BRF:2
BRH:0
end_of_record
TN:
SF:src\commands\init.ts
FN:4,handleInitCommand
FNF:1
FNH:0
FNDA:0,handleInitCommand
DA:5,0
DA:6,0
DA:7,0
DA:10,0
LF:4
LH:0
BRDA:6,0,0,0
BRDA:6,0,1,0
BRF:2
BRH:0
end_of_record
TN:
SF:src\commands\mobile-inspector.ts
FN:4,handleMobileInspectorCommand
FN:5,(anonymous_1)
FN:8,(anonymous_2)
FNF:3
FNH:0
FNDA:0,handleMobileInspectorCommand
FNDA:0,(anonymous_1)
FNDA:0,(anonymous_2)
DA:5,0
DA:6,0
DA:8,0
LF:3
LH:0
BRDA:5,0,0,0
BRDA:5,0,1,0
BRF:2
BRH:0
end_of_record
TN:
SF:src\commands\pick-mobile-multiple.ts
FN:9,handlePickMobileMultipleCommand
FN:10,(anonymous_1)
FNF:2
FNH:0
FNDA:0,handlePickMobileMultipleCommand
FNDA:0,(anonymous_1)
DA:10,0
DA:12,0
DA:15,0
DA:16,0
DA:18,0
LF:5
LH:0
BRDA:10,0,0,0
BRDA:10,0,1,0
BRF:2
BRH:0
end_of_record
TN:
SF:src\commands\pick-mobile.ts
FN:9,handlePickMobileCommand
FN:10,(anonymous_1)
FNF:2
FNH:0
FNDA:0,handlePickMobileCommand
FNDA:0,(anonymous_1)
DA:10,0
DA:12,0
DA:15,0
DA:16,0
DA:18,0
LF:5
LH:0
BRDA:10,0,0,0
BRDA:10,0,1,0
BRF:2
BRH:0
end_of_record
TN:
SF:src\commands\pick-multiple.ts
FN:9,handlePickMultipleCommand
FN:10,(anonymous_1)
FNF:2
FNH:0
FNDA:0,handlePickMultipleCommand
FNDA:0,(anonymous_1)
DA:10,0
DA:12,0
DA:15,0
DA:16,0
DA:18,0
LF:5
LH:0
BRF:0
BRH:0
end_of_record
TN:
SF:src\commands\pick-toggle.ts
FN:9,handlePickToggleCommand
FN:10,(anonymous_1)
FN:37,setupRobustAutoReinjection
FN:40,(anonymous_3)
FN:50,(anonymous_4)
FN:65,ensureToggleModeActive
FN:69,(anonymous_6)
FN:81,(anonymous_7)
FN:97,waitForSessionEndRobustly
FN:104,(anonymous_9)
FN:114,(anonymous_10)
FN:124,(anonymous_11)
FN:130,(anonymous_12)
FN:140,captureElementsFromAnySource
FN:143,(anonymous_14)
FN:145,(anonymous_15)
FN:151,(anonymous_16)
FN:163,(anonymous_17)
FN:177,sanitizeElements
FN:180,(anonymous_19)
FNF:20
FNH:0
FNDA:0,handlePickToggleCommand
FNDA:0,(anonymous_1)
FNDA:0,setupRobustAutoReinjection
FNDA:0,(anonymous_3)
FNDA:0,(anonymous_4)
FNDA:0,ensureToggleModeActive
FNDA:0,(anonymous_6)
FNDA:0,(anonymous_7)
FNDA:0,waitForSessionEndRobustly
FNDA:0,(anonymous_9)
FNDA:0,(anonymous_10)
FNDA:0,(anonymous_11)
FNDA:0,(anonymous_12)
FNDA:0,captureElementsFromAnySource
FNDA:0,(anonymous_14)
FNDA:0,(anonymous_15)
FNDA:0,(anonymous_16)
FNDA:0,(anonymous_17)
FNDA:0,sanitizeElements
FNDA:0,(anonymous_19)
DA:10,0
DA:11,0
DA:12,0
DA:13,0
DA:14,0
DA:16,0
DA:18,0
DA:20,0
DA:22,0
DA:23,0
DA:24,0
DA:27,0
DA:28,0
DA:30,0
DA:38,0
DA:40,0
DA:41,0
DA:42,0
DA:43,0
DA:46,0
DA:50,0
DA:51,0
DA:52,0
DA:53,0
DA:54,0
DA:57,0
DA:66,0
DA:67,0
DA:69,0
DA:70,0
DA:76,0
DA:77,0
DA:79,0
DA:81,0
DA:82,0
DA:83,0
DA:86,0
DA:91,0
DA:98,0
DA:99,0
DA:100,0
DA:101,0
DA:102,0
DA:104,0
DA:106,0
DA:107,0
DA:110,0
DA:116,0
DA:119,0
DA:120,0
DA:121,0
DA:124,0
DA:130,0
DA:133,0
DA:134,0
DA:141,0
DA:143,0
DA:144,0
DA:145,0
DA:146,0
DA:147,0
DA:148,0
DA:151,0
DA:152,0
DA:153,0
DA:154,0
DA:155,0
DA:156,0
DA:160,0
DA:162,0
DA:163,0
DA:164,0
DA:165,0
DA:167,0
DA:170,0
DA:171,0
DA:178,0
DA:179,0
DA:180,0
LF:79
LH:0
BRDA:51,0,0,0
BRDA:51,0,1,0
BRDA:71,1,0,0
BRDA:71,1,1,0
BRDA:73,2,0,0
BRDA:73,2,1,0
BRDA:76,3,0,0
BRDA:76,3,1,0
BRDA:76,4,0,0
BRDA:76,4,1,0
BRDA:82,5,0,0
BRDA:82,5,1,0
BRDA:106,6,0,0
BRDA:106,6,1,0
BRDA:112,7,0,0
BRDA:112,7,1,0
BRDA:119,8,0,0
BRDA:119,8,1,0
BRDA:119,9,0,0
BRDA:119,9,1,0
BRDA:133,10,0,0
BRDA:133,10,1,0
BRDA:144,11,0,0
BRDA:144,11,1,0
BRDA:146,12,0,0
BRDA:146,12,1,0
BRDA:146,13,0,0
BRDA:146,13,1,0
BRDA:154,14,0,0
BRDA:154,14,1,0
BRDA:156,15,0,0
BRDA:156,15,1,0
BRDA:164,16,0,0
BRDA:164,16,1,0
BRDA:178,17,0,0
BRDA:178,17,1,0
BRDA:181,18,0,0
BRDA:181,18,1,0
BRDA:182,19,0,0
BRDA:182,19,1,0
BRDA:183,20,0,0
BRDA:183,20,1,0
BRDA:184,21,0,0
BRDA:184,21,1,0
BRDA:185,22,0,0
BRDA:185,22,1,0
BRDA:185,23,0,0
BRDA:185,23,1,0
BRDA:186,24,0,0
BRDA:186,24,1,0
BRDA:187,25,0,0
BRDA:187,25,1,0
BRDA:188,26,0,0
BRDA:188,26,1,0
BRF:54
BRH:0
end_of_record
TN:
SF:src\commands\pick.ts
FN:9,handlePickCommand
FN:10,(anonymous_1)
FNF:2
FNH:0
FNDA:0,handlePickCommand
FNDA:0,(anonymous_1)
DA:10,0
DA:12,0
DA:15,0
DA:16,0
DA:18,0
LF:5
LH:0
BRF:0
BRH:0
end_of_record
TN:
SF:src\commands\validate.ts
FN:6,handleValidateCommand
FNF:1
FNH:0
FNDA:0,handleValidateCommand
DA:7,0
DA:8,0
DA:11,0
DA:13,0
DA:14,0
DA:15,0
DA:16,0
DA:17,0
DA:18,0
DA:19,0
DA:20,0
DA:21,0
DA:22,0
DA:23,0
DA:24,0
DA:27,0
DA:30,0
LF:17
LH:0
BRDA:11,0,0,0
BRDA:11,0,1,0
BRF:2
BRH:0
end_of_record
TN:
SF:src\commands\shared\browser-utils.ts
FN:4,withBrowserSession
FNF:1
FNH:0
FNDA:0,withBrowserSession
DA:5,0
DA:6,0
DA:7,0
DA:8,0
DA:9,0
DA:10,0
DA:11,0
DA:12,0
DA:13,0
DA:16,0
DA:17,0
DA:19,0
DA:22,0
LF:13
LH:0
BRDA:7,0,0,0
BRDA:7,0,1,0
BRDA:16,1,0,0
BRDA:16,1,1,0
BRF:4
BRH:0
end_of_record
TN:
SF:src\commands\shared\device-utils.ts
FN:6,withDeviceSession
FNF:1
FNH:0
FNDA:0,withDeviceSession
DA:7,0
DA:8,0
DA:9,0
DA:10,0
DA:11,0
DA:13,0
DA:14,0
DA:15,0
DA:16,0
DA:18,0
DA:19,0
DA:20,0
DA:27,0
DA:30,0
DA:31,0
DA:34,0
DA:35,0
DA:36,0
DA:38,0
DA:39,0
LF:20
LH:0
BRDA:9,0,0,0
BRDA:9,0,1,0
BRDA:35,1,0,0
BRDA:35,1,1,0
BRF:4
BRH:0
end_of_record
TN:
SF:src\commands\shared\element-capture.ts
FN:15,captureElements
FN:25,showUserInstructions
FNF:2
FNH:0
FNDA:0,captureElements
FNDA:0,showUserInstructions
DA:2,0
DA:5,0
DA:10,0
DA:16,0
DA:17,0
DA:18,0
DA:19,0
DA:20,0
DA:21,0
DA:22,0
DA:23,0
DA:26,0
DA:27,0
DA:28,0
DA:29,0
DA:30,0
DA:31,0
DA:32,0
LF:18
LH:0
BRDA:21,0,0,0
BRDA:21,0,1,0
BRDA:23,1,0,0
BRDA:23,1,1,0
BRDA:27,2,0,0
BRDA:27,2,1,0
BRDA:29,3,0,0
BRDA:29,3,1,0
BRDA:31,4,0,0
BRDA:31,4,1,0
BRF:10
BRH:0
end_of_record
TN:
SF:src\commands\shared\mobile-element-capture.ts
FN:3,captureMobileElements
FNF:1
FNH:0
FNDA:0,captureMobileElements
DA:4,0
DA:5,0
DA:6,0
DA:8,0
DA:9,0
DA:10,0
DA:11,0
DA:13,0
DA:14,0
LF:9
LH:0
BRDA:9,0,0,0
BRDA:9,0,1,0
BRDA:9,1,0,0
BRDA:9,1,1,0
BRF:4
BRH:0
end_of_record
TN:
SF:src\commands\shared\selector-processor.ts
FN:6,isBrowserSession
FN:13,processAndOutput
FN:75,(anonymous_2)
FN:75,(anonymous_3)
FN:82,(anonymous_4)
FNF:5
FNH:0
FNDA:0,isBrowserSession
FNDA:0,processAndOutput
FNDA:0,(anonymous_2)
FNDA:0,(anonymous_3)
FNDA:0,(anonymous_4)
DA:7,0
DA:14,0
DA:15,0
DA:16,0
DA:18,0
DA:19,0
DA:20,0
DA:21,0
DA:22,0
DA:23,0
DA:24,0
DA:27,0
DA:28,0
DA:29,0
DA:32,0
DA:35,0
DA:38,0
DA:39,0
DA:41,0
DA:42,0
DA:43,0
DA:44,0
DA:45,0
DA:46,0
DA:49,0
DA:50,0
DA:51,0
DA:52,0
DA:53,0
DA:57,0
DA:58,0
DA:60,0
DA:61,0
DA:62,0
DA:63,0
DA:66,0
DA:67,0
DA:68,0
DA:71,0
DA:72,0
DA:73,0
DA:74,0
DA:75,0
DA:78,0
DA:79,0
DA:80,0
DA:81,0
DA:82,0
DA:85,0
DA:87,0
DA:88,0
DA:92,0
LF:52
LH:0
BRDA:14,0,0,0
BRDA:14,0,1,0
BRDA:19,1,0,0
BRDA:19,1,1,0
BRDA:20,2,0,0
BRDA:20,2,1,0
BRDA:27,3,0,0
BRDA:27,3,1,0
BRDA:27,4,0,0
BRDA:27,4,1,0
BRDA:27,4,2,0
BRDA:27,4,3,0
BRDA:35,5,0,0
BRDA:35,5,1,0
BRDA:38,6,0,0
BRDA:38,6,1,0
BRDA:42,7,0,0
BRDA:42,7,1,0
BRDA:44,8,0,0
BRDA:44,8,1,0
BRDA:44,8,2,0
BRDA:52,9,0,0
BRDA:52,9,1,0
BRDA:52,10,0,0
BRDA:52,10,1,0
BRDA:57,11,0,0
BRDA:57,11,1,0
BRDA:57,12,0,0
BRDA:57,12,1,0
BRDA:57,12,2,0
BRDA:57,12,3,0
BRDA:71,13,0,0
BRDA:71,13,1,0
BRDA:75,14,0,0
BRDA:75,14,1,0
BRDA:75,15,0,0
BRDA:75,15,1,0
BRDA:75,16,0,0
BRDA:75,16,1,0
BRDA:80,17,0,0
BRDA:80,17,1,0
BRDA:81,18,0,0
BRDA:81,18,1,0
BRF:43
BRH:0
end_of_record
TN:
SF:src\core\ai-config.ts
FNF:0
FNH:0
DA:1,0
LF:1
LH:0
BRDA:11,0,0,0
BRDA:11,0,1,0
BRF:2
BRH:0
end_of_record
TN:
SF:src\core\ai-engine.ts
FN:5,(anonymous_0)
FN:9,(anonymous_1)
FN:29,(anonymous_2)
FN:35,(anonymous_3)
FNF:4
FNH:1
FNDA:2,(anonymous_0)
FNDA:0,(anonymous_1)
FNDA:0,(anonymous_2)
FNDA:0,(anonymous_3)
DA:6,2
DA:7,2
DA:10,0
DA:11,0
DA:13,0
DA:14,0
DA:15,0
DA:16,0
DA:25,0
DA:26,0
DA:30,0
DA:31,0
DA:33,0
DA:36,0
DA:37,0
DA:38,0
LF:16
LH:2
BRDA:10,0,0,0
BRDA:10,0,1,0
BRDA:30,1,0,0
BRDA:30,1,1,0
BRDA:36,2,0,0
BRDA:36,2,1,0
BRF:6
BRH:0
end_of_record
TN:
SF:src\core\config-manager.ts
FN:79,(anonymous_0)
FN:83,(anonymous_1)
FN:111,(anonymous_2)
FN:117,(anonymous_3)
FN:136,(anonymous_4)
FN:174,(anonymous_5)
FN:177,(anonymous_6)
FN:180,(anonymous_7)
FNF:8
FNH:7
FNDA:5,(anonymous_0)
FNDA:4,(anonymous_1)
FNDA:5,(anonymous_2)
FNDA:5,(anonymous_3)
FNDA:4,(anonymous_4)
FNDA:2,(anonymous_5)
FNDA:5,(anonymous_6)
FNDA:0,(anonymous_7)
DA:6,3
DA:29,3
DA:80,5
DA:81,5
DA:84,4
DA:85,4
DA:88,4
DA:89,2
DA:92,4
DA:95,4
DA:97,4
DA:98,4
DA:101,0
DA:102,0
DA:103,0
DA:107,0
DA:109,4
DA:112,5
DA:113,4
DA:115,5
DA:118,5
DA:119,5
DA:120,8
DA:121,8
DA:122,4
DA:125,1
DA:126,1
DA:127,1
DA:128,2
DA:129,2
DA:130,0
DA:134,1
DA:137,4
DA:175,2
DA:178,5
DA:181,0
DA:207,0
DA:208,0
DA:209,0
DA:210,0
LF:40
LH:30
BRDA:84,0,0,4
BRDA:84,0,1,0
BRDA:88,1,0,2
BRDA:88,1,1,2
BRDA:112,2,0,4
BRDA:112,2,1,1
BRDA:112,3,0,5
BRDA:112,3,1,5
BRDA:121,4,0,4
BRDA:121,4,1,4
BRDA:125,5,0,1
BRDA:125,5,1,0
BRDA:125,5,2,0
BRDA:126,6,0,1
BRDA:126,6,1,0
BRDA:129,7,0,0
BRDA:129,7,1,2
BRDA:175,8,0,2
BRDA:175,8,1,1
BRF:19
BRH:14
end_of_record
TN:
SF:src\core\framework-formatter.ts
FN:7,(anonymous_0)
FN:13,(anonymous_1)
FN:19,(anonymous_2)
FNF:3
FNH:2
FNDA:44,(anonymous_0)
FNDA:11,(anonymous_1)
FNDA:0,(anonymous_2)
DA:8,44
DA:9,44
DA:10,1
DA:11,43
DA:14,11
DA:15,11
DA:16,0
DA:17,11
DA:20,0
DA:21,0
DA:23,0
LF:11
LH:7
BRDA:9,0,0,1
BRDA:9,0,1,43
BRDA:15,1,0,0
BRDA:15,1,1,11
BRDA:20,2,0,0
BRDA:20,2,1,0
BRDA:20,3,0,0
BRDA:20,3,1,0
BRF:8
BRH:3
end_of_record
TN:
SF:src\core\mobile-selector-generator.ts
FN:4,(anonymous_0)
FN:10,(anonymous_1)
FN:20,(anonymous_2)
FN:37,(anonymous_3)
FN:65,(anonymous_4)
FN:80,(anonymous_5)
FN:101,(anonymous_6)
FN:130,(anonymous_7)
FNF:8
FNH:0
FNDA:0,(anonymous_0)
FNDA:0,(anonymous_1)
FNDA:0,(anonymous_2)
FNDA:0,(anonymous_3)
FNDA:0,(anonymous_4)
FNDA:0,(anonymous_5)
FNDA:0,(anonymous_6)
FNDA:0,(anonymous_7)
DA:5,0
DA:6,0
DA:11,0
DA:12,0
DA:13,0
DA:16,0
DA:22,0
DA:23,0
DA:24,0
DA:25,0
DA:27,0
DA:28,0
DA:30,0
DA:31,0
DA:32,0
DA:34,0
DA:35,0
DA:38,0
DA:39,0
DA:40,0
DA:41,0
DA:42,0
DA:43,0
DA:45,0
DA:46,0
DA:48,0
DA:49,0
DA:51,0
DA:52,0
DA:55,0
DA:57,0
DA:58,0
DA:61,0
DA:62,0
DA:66,0
DA:67,0
DA:68,0
DA:69,0
DA:70,0
DA:72,0
DA:73,0
DA:75,0
DA:76,0
DA:78,0
DA:81,0
DA:82,0
DA:83,0
DA:84,0
DA:85,0
DA:86,0
DA:88,0
DA:89,0
DA:91,0
DA:92,0
DA:94,0
DA:95,0
DA:97,0
DA:98,0
DA:99,0
DA:102,0
DA:103,0
DA:104,0
DA:105,0
DA:106,0
DA:107,0
DA:108,0
DA:109,0
DA:110,0
DA:111,0
DA:112,0
DA:115,0
DA:116,0
DA:118,0
DA:119,0
DA:121,0
DA:122,0
DA:125,0
DA:126,0
DA:128,0
DA:131,0
LF:80
LH:0
BRDA:12,0,0,0
BRDA:12,0,1,0
BRDA:23,1,0,0
BRDA:23,1,1,0
BRDA:24,2,0,0
BRDA:24,2,1,0
BRDA:24,3,0,0
BRDA:24,3,1,0
BRDA:24,3,2,0
BRDA:27,4,0,0
BRDA:27,4,1,0
BRDA:27,5,0,0
BRDA:27,5,1,0
BRDA:31,6,0,0
BRDA:31,6,1,0
BRDA:39,7,0,0
BRDA:39,7,1,0
BRDA:40,8,0,0
BRDA:40,8,1,0
BRDA:41,9,0,0
BRDA:41,9,1,0
BRDA:41,10,0,0
BRDA:41,10,1,0
BRDA:41,10,2,0
BRDA:45,11,0,0
BRDA:45,11,1,0
BRDA:45,12,0,0
BRDA:45,12,1,0
BRDA:45,12,2,0
BRDA:48,13,0,0
BRDA:48,13,1,0
BRDA:48,14,0,0
BRDA:48,14,1,0
BRDA:48,14,2,0
BRDA:51,15,0,0
BRDA:51,15,1,0
BRDA:51,16,0,0
BRDA:51,16,1,0
BRDA:57,17,0,0
BRDA:57,17,1,0
BRDA:57,18,0,0
BRDA:57,18,1,0
BRDA:68,19,0,0
BRDA:68,19,1,0
BRDA:69,20,0,0
BRDA:69,20,1,0
BRDA:69,21,0,0
BRDA:69,21,1,0
BRDA:72,22,0,0
BRDA:72,22,1,0
BRDA:75,23,0,0
BRDA:75,23,1,0
BRDA:75,24,0,0
BRDA:75,24,1,0
BRDA:75,24,2,0
BRDA:78,25,0,0
BRDA:78,25,1,0
BRDA:83,26,0,0
BRDA:83,26,1,0
BRDA:84,27,0,0
BRDA:84,27,1,0
BRDA:85,28,0,0
BRDA:85,28,1,0
BRDA:85,29,0,0
BRDA:85,29,1,0
BRDA:88,30,0,0
BRDA:88,30,1,0
BRDA:88,31,0,0
BRDA:88,31,1,0
BRDA:91,32,0,0
BRDA:91,32,1,0
BRDA:94,33,0,0
BRDA:94,33,1,0
BRDA:94,34,0,0
BRDA:94,34,1,0
BRDA:97,35,0,0
BRDA:97,35,1,0
BRDA:103,36,0,0
BRDA:103,36,1,0
BRDA:103,36,2,0
BRDA:103,36,3,0
BRDA:106,37,0,0
BRDA:106,37,1,0
BRDA:107,38,0,0
BRDA:107,38,1,0
BRDA:108,39,0,0
BRDA:108,39,1,0
BRDA:109,40,0,0
BRDA:109,40,1,0
BRDA:111,41,0,0
BRDA:111,41,1,0
BRDA:111,42,0,0
BRDA:111,42,1,0
BRDA:111,42,2,0
BRDA:115,43,0,0
BRDA:115,43,1,0
BRDA:115,44,0,0
BRDA:115,44,1,0
BRDA:118,45,0,0
BRDA:118,45,1,0
BRDA:121,46,0,0
BRDA:121,46,1,0
BRDA:121,47,0,0
BRDA:121,47,1,0
BRDA:125,48,0,0
BRDA:125,48,1,0
BRF:106
BRH:0
end_of_record
TN:
SF:src\core\prompt-templates.ts
FN:16,(anonymous_0)
FN:19,(anonymous_1)
FN:23,(anonymous_2)
FN:74,(anonymous_3)
FN:78,(anonymous_4)
FN:103,(anonymous_5)
FN:125,(anonymous_6)
FNF:7
FNH:5
FNDA:6,(anonymous_0)
FNDA:6,(anonymous_1)
FNDA:6,(anonymous_2)
FNDA:4,(anonymous_3)
FNDA:4,(anonymous_4)
FNDA:0,(anonymous_5)
FNDA:0,(anonymous_6)
DA:5,5
DA:17,6
DA:20,6
DA:24,6
DA:25,6
DA:26,6
DA:27,6
DA:28,6
DA:75,4
DA:78,4
DA:104,0
DA:126,0
DA:127,0
DA:128,0
LF:14
LH:10
BRDA:16,0,0,0
BRDA:16,1,0,0
BRDA:26,2,0,6
BRDA:26,2,1,0
BRDA:27,3,0,6
BRDA:27,3,1,0
BRF:6
BRH:2
end_of_record
TN:
SF:src\core\selector-generator.ts
FN:6,(anonymous_0)
FN:13,(anonymous_1)
FN:29,(anonymous_2)
FN:39,(anonymous_3)
FN:47,(anonymous_4)
FN:109,(anonymous_5)
FN:128,(anonymous_6)
FN:137,(anonymous_7)
FN:150,(anonymous_8)
FN:161,(anonymous_9)
FN:170,(anonymous_10)
FN:186,(anonymous_11)
FN:190,(anonymous_12)
FN:192,(anonymous_13)
FN:205,(anonymous_14)
FN:220,(anonymous_15)
FN:222,(anonymous_16)
FN:238,(anonymous_17)
FN:256,(anonymous_18)
FN:264,(anonymous_19)
FN:275,(anonymous_20)
FNF:21
FNH:20
FNDA:2,(anonymous_0)
FNDA:0,(anonymous_1)
FNDA:43,(anonymous_2)
FNDA:43,(anonymous_3)
FNDA:43,(anonymous_4)
FNDA:42,(anonymous_5)
FNDA:39,(anonymous_6)
FNDA:60,(anonymous_7)
FNDA:37,(anonymous_8)
FNDA:35,(anonymous_9)
FNDA:33,(anonymous_10)
FNDA:25,(anonymous_11)
FNDA:25,(anonymous_12)
FNDA:25,(anonymous_13)
FNDA:132,(anonymous_14)
FNDA:8,(anonymous_15)
FNDA:16,(anonymous_16)
FNDA:22,(anonymous_17)
FNDA:52,(anonymous_18)
FNDA:43,(anonymous_19)
FNDA:43,(anonymous_20)
DA:7,2
DA:8,2
DA:9,2
DA:10,2
DA:14,0
DA:15,0
DA:16,0
DA:18,0
DA:19,0
DA:20,0
DA:23,0
DA:26,0
DA:32,43
DA:34,43
DA:36,43
DA:40,43
DA:48,43
DA:50,43
DA:51,43
DA:52,1
DA:55,42
DA:56,42
DA:57,2
DA:60,40
DA:61,0
DA:64,40
DA:66,0
DA:67,0
DA:70,0
DA:71,0
DA:72,0
DA:73,0
DA:78,40
DA:79,1
DA:82,39
DA:83,39
DA:84,2
DA:87,37
DA:88,0
DA:91,37
DA:92,37
DA:93,4
DA:96,33
DA:97,33
DA:98,8
DA:101,25
DA:102,25
DA:103,3
DA:106,22
DA:110,42
DA:111,42
DA:112,42
DA:113,27
DA:115,15
DA:116,15
DA:117,13
DA:119,2
DA:125,13
DA:129,39
DA:130,39
DA:131,27
DA:133,12
DA:134,1
DA:136,11
DA:137,60
DA:138,11
DA:140,9
DA:143,2
DA:145,2
DA:147,0
DA:151,37
DA:152,37
DA:153,27
DA:155,10
DA:161,35
DA:162,5
DA:164,5
DA:165,4
DA:167,1
DA:171,33
DA:172,23
DA:173,10
DA:174,10
DA:175,2
DA:177,8
DA:178,8
DA:179,30
DA:180,8
DA:183,0
DA:187,25
DA:188,25
DA:189,21
DA:190,25
DA:192,4
DA:194,25
DA:205,132
DA:206,17
DA:209,8
DA:210,0
DA:213,8
DA:214,0
DA:216,8
DA:218,4
DA:220,3
DA:222,8
DA:223,16
DA:224,13
DA:225,3
DA:226,0
DA:227,3
DA:229,8
DA:232,3
DA:233,3
DA:235,1
DA:239,22
DA:241,22
DA:242,1
DA:245,21
DA:246,0
DA:249,21
DA:250,2
DA:253,19
DA:257,52
DA:259,52
DA:260,11
DA:262,52
DA:265,43
DA:266,169
DA:267,1
DA:270,42
DA:276,43
LF:131
LH:109
BRDA:9,0,0,2
BRDA:9,0,1,0
BRDA:15,1,0,0
BRDA:15,1,1,0
BRDA:18,2,0,0
BRDA:18,2,1,0
BRDA:18,3,0,0
BRDA:18,3,1,0
BRDA:42,4,0,43
BRDA:42,4,1,42
BRDA:43,5,0,43
BRDA:43,5,1,42
BRDA:51,6,0,1
BRDA:51,6,1,42
BRDA:56,7,0,2
BRDA:56,7,1,40
BRDA:56,8,0,42
BRDA:56,8,1,2
BRDA:60,9,0,0
BRDA:60,9,1,40
BRDA:60,10,0,40
BRDA:60,10,1,0
BRDA:64,11,0,0
BRDA:64,11,1,40
BRDA:66,12,0,0
BRDA:66,12,1,0
BRDA:66,13,0,0
BRDA:66,13,1,0
BRDA:70,14,0,0
BRDA:70,14,1,0
BRDA:70,15,0,0
BRDA:70,15,1,0
BRDA:72,16,0,0
BRDA:72,16,1,0
BRDA:78,17,0,1
BRDA:78,17,1,39
BRDA:83,18,0,2
BRDA:83,18,1,37
BRDA:83,19,0,39
BRDA:83,19,1,11
BRDA:87,20,0,0
BRDA:87,20,1,37
BRDA:87,21,0,37
BRDA:87,21,1,0
BRDA:87,21,2,0
BRDA:92,22,0,4
BRDA:92,22,1,33
BRDA:97,23,0,8
BRDA:97,23,1,25
BRDA:102,24,0,3
BRDA:102,24,1,22
BRDA:112,25,0,27
BRDA:112,25,1,15
BRDA:116,26,0,13
BRDA:116,26,1,2
BRDA:117,27,0,2
BRDA:117,27,1,11
BRDA:117,28,0,13
BRDA:117,28,1,2
BRDA:117,28,2,2
BRDA:117,28,3,2
BRDA:130,29,0,27
BRDA:130,29,1,12
BRDA:130,30,0,39
BRDA:130,30,1,12
BRDA:133,31,0,1
BRDA:133,31,1,11
BRDA:137,32,0,60
BRDA:137,32,1,52
BRDA:138,33,0,9
BRDA:138,33,1,2
BRDA:143,34,0,2
BRDA:143,34,1,0
BRDA:152,35,0,27
BRDA:152,35,1,10
BRDA:152,36,0,37
BRDA:152,36,1,10
BRDA:161,37,0,5
BRDA:161,37,1,5
BRDA:164,38,0,4
BRDA:164,38,1,1
BRDA:171,39,0,23
BRDA:171,39,1,10
BRDA:174,40,0,2
BRDA:174,40,1,8
BRDA:179,41,0,8
BRDA:179,41,1,22
BRDA:188,42,0,21
BRDA:188,42,1,4
BRDA:188,43,0,25
BRDA:188,43,1,4
BRDA:205,44,0,17
BRDA:205,44,1,8
BRDA:209,45,0,0
BRDA:209,45,1,8
BRDA:213,46,0,0
BRDA:213,46,1,8
BRDA:213,47,0,8
BRDA:213,47,1,8
BRDA:218,48,0,3
BRDA:218,48,1,1
BRDA:223,49,0,13
BRDA:223,49,1,3
BRDA:225,50,0,0
BRDA:225,50,1,3
BRDA:241,51,0,1
BRDA:241,51,1,21
BRDA:245,52,0,0
BRDA:245,52,1,21
BRDA:245,53,0,21
BRDA:245,53,1,0
BRDA:249,54,0,2
BRDA:249,54,1,19
BRDA:259,55,0,11
BRDA:259,55,1,41
BRDA:266,56,0,1
BRDA:266,56,1,168
BRDA:277,57,0,43
BRDA:277,57,1,0
BRDA:278,58,0,43
BRDA:278,58,1,33
BRDA:279,59,0,43
BRDA:279,59,1,0
BRDA:280,60,0,43
BRDA:280,60,1,28
BRDA:281,61,0,43
BRDA:281,61,1,0
BRDA:281,62,0,43
BRDA:281,62,1,43
BRF:129
BRH:97
end_of_record
TN:
SF:src\core\selector-validator.ts
FN:3,(anonymous_0)
FN:41,(anonymous_1)
FN:43,(anonymous_2)
FN:44,(anonymous_3)
FN:48,(anonymous_4)
FN:50,(anonymous_5)
FN:69,(anonymous_6)
FN:96,(anonymous_7)
FN:111,(anonymous_8)
FN:128,(anonymous_9)
FNF:10
FNH:0
FNDA:0,(anonymous_0)
FNDA:0,(anonymous_1)
FNDA:0,(anonymous_2)
FNDA:0,(anonymous_3)
FNDA:0,(anonymous_4)
FNDA:0,(anonymous_5)
FNDA:0,(anonymous_6)
FNDA:0,(anonymous_7)
FNDA:0,(anonymous_8)
FNDA:0,(anonymous_9)
DA:4,0
DA:5,0
DA:7,0
DA:8,0
DA:9,0
DA:16,0
DA:17,0
DA:25,0
DA:26,0
DA:27,0
DA:34,0
DA:42,0
DA:43,0
DA:44,0
DA:45,0
DA:46,0
DA:48,0
DA:49,0
DA:50,0
DA:51,0
DA:52,0
DA:53,0
DA:55,0
DA:57,0
DA:66,0
DA:72,0
DA:73,0
DA:75,0
DA:76,0
DA:77,0
DA:78,0
DA:79,0
DA:83,0
DA:84,0
DA:85,0
DA:86,0
DA:87,0
DA:94,0
DA:97,0
DA:98,0
DA:99,0
DA:101,0
DA:102,0
DA:103,0
DA:104,0
DA:105,0
DA:106,0
DA:107,0
DA:108,0
DA:109,0
DA:110,0
DA:111,0
DA:112,0
DA:116,0
DA:118,0
DA:119,0
DA:120,0
DA:121,0
DA:123,0
DA:124,0
DA:125,0
DA:126,0
DA:127,0
DA:128,0
DA:129,0
DA:132,0
LF:66
LH:0
BRDA:8,0,0,0
BRDA:8,0,1,0
BRDA:16,1,0,0
BRDA:16,1,1,0
BRDA:44,2,0,0
BRDA:44,2,1,0
BRDA:52,3,0,0
BRDA:52,3,1,0
BRDA:75,4,0,0
BRDA:75,4,1,0
BRDA:78,5,0,0
BRDA:78,5,1,0
BRDA:83,6,0,0
BRDA:83,6,1,0
BRDA:86,7,0,0
BRDA:86,7,1,0
BRDA:99,8,0,0
BRDA:99,8,1,0
BRDA:99,8,2,0
BRDA:103,9,0,0
BRDA:103,9,1,0
BRDA:105,10,0,0
BRDA:105,10,1,0
BRDA:106,11,0,0
BRDA:106,11,1,0
BRDA:107,12,0,0
BRDA:107,12,1,0
BRDA:108,13,0,0
BRDA:108,13,1,0
BRDA:109,14,0,0
BRDA:109,14,1,0
BRDA:109,15,0,0
BRDA:109,15,1,0
BRDA:126,16,0,0
BRDA:126,16,1,0
BRDA:126,17,0,0
BRDA:126,17,1,0
BRF:37
BRH:0
end_of_record
TN:
SF:src\core\ai\ai-orchestrator.ts
FN:13,logDebug
FN:46,getBestLocatorStrategy
FN:112,extractJsonContent
FN:130,findBalancedJson
FN:151,sleep
FN:152,(anonymous_5)
FNF:6
FNH:6
FNDA:17,logDebug
FNDA:6,getBestLocatorStrategy
FNDA:9,extractJsonContent
FNDA:9,findBalancedJson
FNDA:4,sleep
FNDA:4,(anonymous_5)
DA:14,17
DA:15,0
DA:17,17
DA:19,17
DA:23,0
DA:29,3
DA:30,3
DA:47,6
DA:48,6
DA:49,6
DA:50,6
DA:52,9
DA:53,9
DA:54,9
DA:56,9
DA:57,9
DA:58,0
DA:62,0
DA:63,0
DA:65,9
DA:66,9
DA:68,6
DA:77,0
DA:81,0
DA:82,0
DA:85,6
DA:86,1
DA:90,1
DA:91,1
DA:93,5
DA:94,5
DA:95,0
DA:97,5
DA:98,5
DA:101,3
DA:102,3
DA:103,3
DA:104,3
DA:107,1
DA:113,9
DA:114,9
DA:115,9
DA:116,9
DA:117,9
DA:120,0
DA:122,9
DA:123,9
DA:124,0
DA:125,9
DA:126,9
DA:127,0
DA:128,9
DA:131,9
DA:132,9
DA:133,9
DA:134,661
DA:135,9
DA:136,9
DA:137,9
DA:139,652
DA:140,9
DA:141,9
DA:142,9
DA:146,0
DA:152,4
LF:65
LH:52
BRDA:14,0,0,0
BRDA:14,0,1,17
BRDA:14,1,0,17
BRDA:14,1,1,0
BRDA:17,2,0,17
BRDA:17,2,1,0
BRDA:17,3,0,17
BRDA:17,3,1,17
BRDA:57,4,0,0
BRDA:57,4,1,9
BRDA:68,5,0,0
BRDA:68,5,1,6
BRDA:85,6,0,1
BRDA:85,6,1,5
BRDA:85,7,0,6
BRDA:85,7,1,3
BRDA:94,8,0,0
BRDA:94,8,1,5
BRDA:101,9,0,0
BRDA:101,9,1,3
BRDA:116,10,0,9
BRDA:116,10,1,0
BRDA:123,11,0,0
BRDA:123,11,1,9
BRDA:126,12,0,0
BRDA:126,12,1,9
BRDA:134,13,0,9
BRDA:134,13,1,652
BRDA:135,14,0,9
BRDA:135,14,1,0
BRDA:139,15,0,9
BRDA:139,15,1,643
BRDA:141,16,0,9
BRDA:141,16,1,0
BRDA:141,17,0,9
BRDA:141,17,1,9
BRF:36
BRH:24
end_of_record
TN:
SF:src\core\ai\ai-provider-factory.ts
FN:4,createAIProvider
FNF:1
FNH:1
FNDA:2,createAIProvider
DA:5,2
DA:6,0
DA:8,2
DA:10,0
DA:12,2
DA:13,2
DA:16,0
DA:17,0
DA:20,0
DA:21,0
LF:10
LH:4
BRDA:5,0,0,0
BRDA:5,0,1,2
BRDA:5,1,0,2
BRDA:5,1,1,2
BRDA:8,2,0,0
BRDA:8,2,1,2
BRDA:8,2,2,0
BRF:7
BRH:4
end_of_record
TN:
SF:src\core\ai\aria-calculator.ts
FN:2,(anonymous_0)
FN:35,(anonymous_1)
FN:55,(anonymous_2)
FNF:3
FNH:3
FNDA:7,(anonymous_0)
FNDA:45,(anonymous_1)
FNDA:44,(anonymous_2)
DA:4,7
DA:21,7
DA:37,45
DA:38,2
DA:40,43
DA:42,43
DA:43,3
DA:45,40
DA:46,0
DA:49,40
DA:50,0
DA:53,40
DA:56,44
DA:59,44
DA:60,1
DA:63,43
DA:64,43
DA:65,15
DA:68,28
DA:69,0
DA:71,28
DA:72,0
DA:74,28
DA:75,0
DA:77,28
LF:25
LH:20
BRDA:37,0,0,2
BRDA:37,0,1,43
BRDA:42,1,0,3
BRDA:42,1,1,40
BRDA:42,2,0,43
BRDA:42,2,1,13
BRDA:45,3,0,0
BRDA:45,3,1,40
BRDA:45,4,0,40
BRDA:45,4,1,0
BRDA:49,5,0,0
BRDA:49,5,1,40
BRDA:49,6,0,40
BRDA:49,6,1,0
BRDA:50,7,0,0
BRDA:50,7,1,0
BRDA:53,8,0,40
BRDA:53,8,1,25
BRDA:59,9,0,1
BRDA:59,9,1,43
BRDA:64,10,0,15
BRDA:64,10,1,28
BRDA:68,11,0,0
BRDA:68,11,1,28
BRDA:71,12,0,0
BRDA:71,12,1,28
BRDA:74,13,0,0
BRDA:74,13,1,28
BRF:28
BRH:19
end_of_record
TN:
SF:src\core\ai\iai-provider.ts
FNF:0
FNH:0
LF:0
LH:0
BRF:0
BRH:0
end_of_record
TN:
SF:src\core\ai\providers\ollama-provider.ts
FN:3,(anonymous_0)
FN:6,(anonymous_1)
FN:10,(anonymous_2)
FN:14,(anonymous_3)
FN:17,(anonymous_4)
FN:26,(anonymous_5)
FN:29,(anonymous_6)
FNF:7
FNH:4
FNDA:3,(anonymous_0)
FNDA:1,(anonymous_1)
FNDA:0,(anonymous_2)
FNDA:2,(anonymous_3)
FNDA:0,(anonymous_4)
FNDA:1,(anonymous_5)
FNDA:0,(anonymous_6)
DA:4,3
DA:7,1
DA:8,1
DA:11,0
DA:12,0
DA:15,2
DA:16,2
DA:17,2
DA:18,2
DA:19,1
DA:20,1
DA:23,1
DA:28,1
DA:29,1
DA:30,1
DA:31,1
DA:42,1
DA:43,1
DA:44,0
DA:45,1
DA:48,0
DA:49,0
DA:50,0
DA:51,0
LF:24
LH:17
BRDA:8,0,0,1
BRDA:8,0,1,0
BRDA:43,1,0,0
BRDA:43,1,1,1
BRDA:49,2,0,0
BRDA:49,2,1,0
BRF:6
BRH:2
end_of_record
TN:
SF:src\core\ai\providers\openai-provider.ts
FN:3,(anonymous_0)
FN:16,(anonymous_1)
FN:20,(anonymous_2)
FN:24,(anonymous_3)
FN:33,(anonymous_4)
FN:36,(anonymous_5)
FNF:6
FNH:3
FNDA:6,(anonymous_0)
FNDA:2,(anonymous_1)
FNDA:0,(anonymous_2)
FNDA:0,(anonymous_3)
FNDA:2,(anonymous_4)
FNDA:0,(anonymous_5)
DA:4,6
DA:6,6
DA:7,6
DA:8,1
DA:10,5
DA:11,1
DA:14,4
DA:17,2
DA:18,1
DA:21,0
DA:22,0
DA:25,0
DA:26,0
DA:27,0
DA:30,0
DA:34,2
DA:35,2
DA:36,2
DA:37,2
DA:38,2
DA:51,2
DA:52,2
DA:53,1
DA:54,1
DA:56,1
DA:59,1
DA:60,1
DA:61,0
DA:62,1
LF:29
LH:22
BRDA:6,0,0,6
BRDA:6,0,1,3
BRDA:7,1,0,1
BRDA:7,1,1,5
BRDA:7,2,0,6
BRDA:7,2,1,5
BRDA:10,3,0,1
BRDA:10,3,1,4
BRDA:18,4,0,1
BRDA:18,4,1,0
BRDA:52,5,0,1
BRDA:52,5,1,1
BRDA:60,6,0,0
BRDA:60,6,1,1
BRF:14
BRH:12
end_of_record
TN:
SF:src\core\formatters\registry.ts
FNF:0
FNH:0
DA:8,2
DA:15,2
LF:2
LH:2
BRF:0
BRH:0
end_of_record
TN:
SF:src\core\formatters\types.ts
FNF:0
FNH:0
LF:0
LH:0
BRF:0
BRH:0
end_of_record
TN:
SF:src\core\formatters\frameworks\appium-formatter.ts
FN:1,(anonymous_0)
FN:2,(anonymous_1)
FN:4,(anonymous_2)
FNF:3
FNH:3
FNDA:5,(anonymous_0)
FNDA:9,(anonymous_1)
FNDA:11,(anonymous_2)
DA:1,5
DA:2,9
DA:5,11
DA:6,11
DA:7,11
DA:8,11
DA:10,11
DA:11,11
DA:13,5
DA:14,2
DA:16,3
DA:17,1
DA:19,2
DA:20,1
DA:22,1
DA:23,1
DA:25,0
DA:27,1
DA:28,0
DA:30,1
DA:31,1
DA:33,0
DA:34,0
DA:36,0
DA:37,0
DA:39,0
DA:41,1
DA:42,0
DA:44,1
DA:45,0
DA:47,1
DA:48,1
DA:50,0
DA:51,0
DA:53,0
DA:55,1
DA:56,0
DA:58,1
DA:59,0
DA:61,1
DA:62,0
DA:64,1
DA:65,1
DA:67,0
DA:69,3
DA:70,3
DA:71,2
DA:73,1
DA:74,1
DA:76,0
DA:77,0
DA:79,0
DA:80,0
DA:82,0
DA:85,0
DA:86,0
DA:87,0
DA:89,0
DA:90,0
DA:92,0
DA:93,0
DA:95,0
DA:96,0
DA:98,0
LF:64
LH:33
BRDA:8,0,0,11
BRDA:8,0,1,9
BRDA:10,1,0,1
BRDA:10,1,1,10
BRDA:11,2,0,5
BRDA:11,2,1,1
BRDA:11,2,2,1
BRDA:11,2,3,1
BRDA:11,2,4,3
BRDA:11,2,5,0
BRDA:13,3,0,2
BRDA:13,3,1,3
BRDA:16,4,0,1
BRDA:16,4,1,2
BRDA:19,5,0,1
BRDA:19,5,1,1
BRDA:22,6,0,1
BRDA:22,6,1,0
BRDA:27,7,0,0
BRDA:27,7,1,1
BRDA:30,8,0,1
BRDA:30,8,1,0
BRDA:33,9,0,0
BRDA:33,9,1,0
BRDA:36,10,0,0
BRDA:36,10,1,0
BRDA:41,11,0,0
BRDA:41,11,1,1
BRDA:44,12,0,0
BRDA:44,12,1,1
BRDA:47,13,0,1
BRDA:47,13,1,0
BRDA:50,14,0,0
BRDA:50,14,1,0
BRDA:55,15,0,0
BRDA:55,15,1,1
BRDA:58,16,0,0
BRDA:58,16,1,1
BRDA:61,17,0,0
BRDA:61,17,1,1
BRDA:64,18,0,1
BRDA:64,18,1,0
BRDA:70,19,0,2
BRDA:70,19,1,1
BRDA:73,20,0,1
BRDA:73,20,1,0
BRDA:76,21,0,0
BRDA:76,21,1,0
BRDA:79,22,0,0
BRDA:79,22,1,0
BRDA:86,23,0,0
BRDA:86,23,1,0
BRDA:89,24,0,0
BRDA:89,24,1,0
BRDA:92,25,0,0
BRDA:92,25,1,0
BRDA:95,26,0,0
BRDA:95,26,1,0
BRF:58
BRH:28
end_of_record
TN:
SF:src\core\formatters\frameworks\cypress-formatter.ts
FN:1,(anonymous_0)
FN:2,(anonymous_1)
FN:4,(anonymous_2)
FNF:3
FNH:2
FNDA:2,(anonymous_0)
FNDA:0,(anonymous_1)
FNDA:3,(anonymous_2)
DA:1,2
DA:2,2
DA:5,3
DA:7,1
DA:9,1
DA:11,0
DA:13,0
DA:15,1
DA:16,1
DA:19,0
DA:20,0
DA:23,0
DA:24,0
DA:27,0
LF:14
LH:7
BRDA:5,0,0,1
BRDA:5,0,1,1
BRDA:5,0,2,0
BRDA:5,0,3,0
BRDA:5,0,4,1
BRDA:5,0,5,0
BRDA:5,0,6,0
BRDA:5,0,7,0
BRDA:20,1,0,0
BRDA:20,1,1,0
BRDA:24,2,0,0
BRDA:24,2,1,0
BRF:12
BRH:3
end_of_record
TN:
SF:src\core\formatters\frameworks\playwright-formatter.ts
FN:1,(anonymous_0)
FN:2,(anonymous_1)
FN:4,(anonymous_2)
FN:11,(anonymous_3)
FN:20,(anonymous_4)
FN:29,(anonymous_5)
FN:41,(anonymous_6)
FN:50,(anonymous_7)
FN:60,(anonymous_8)
FN:69,(anonymous_9)
FN:79,(anonymous_10)
FN:101,(anonymous_11)
FN:107,(anonymous_12)
FN:109,(anonymous_13)
FN:110,(anonymous_14)
FNF:15
FNH:9
FNDA:17,(anonymous_0)
FNDA:5,(anonymous_1)
FNDA:16,(anonymous_2)
FNDA:6,(anonymous_3)
FNDA:0,(anonymous_4)
FNDA:6,(anonymous_5)
FNDA:2,(anonymous_6)
FNDA:1,(anonymous_7)
FNDA:1,(anonymous_8)
FNDA:0,(anonymous_9)
FNDA:0,(anonymous_10)
FNDA:4,(anonymous_11)
FNDA:0,(anonymous_12)
FNDA:0,(anonymous_13)
FNDA:0,(anonymous_14)
DA:1,17
DA:2,5
DA:5,16
DA:6,16
DA:7,16
DA:8,16
DA:10,16
DA:12,6
DA:13,1
DA:14,5
DA:15,1
DA:16,4
DA:17,1
DA:18,3
DA:21,0
DA:22,0
DA:23,0
DA:24,0
DA:25,0
DA:26,0
DA:27,0
DA:30,6
DA:31,1
DA:33,5
DA:34,0
DA:36,5
DA:37,0
DA:39,5
DA:42,2
DA:43,0
DA:44,2
DA:45,0
DA:46,2
DA:47,0
DA:48,2
DA:51,1
DA:52,1
DA:53,0
DA:54,1
DA:55,0
DA:56,1
DA:57,0
DA:58,1
DA:61,1
DA:62,0
DA:63,1
DA:64,0
DA:65,1
DA:66,0
DA:67,1
DA:70,0
DA:71,0
DA:72,0
DA:73,0
DA:74,0
DA:75,0
DA:76,0
DA:77,0
DA:80,0
DA:81,0
DA:82,0
DA:83,0
DA:85,0
DA:86,0
DA:87,0
DA:88,0
DA:90,0
DA:91,0
DA:92,0
DA:93,0
DA:95,0
DA:96,0
DA:97,0
DA:101,16
DA:103,4
DA:104,4
DA:105,4
DA:107,0
DA:108,0
DA:109,0
DA:110,0
DA:111,0
DA:112,0
DA:114,0
DA:115,0
DA:116,0
DA:118,16
DA:120,6
DA:122,0
DA:124,6
DA:126,6
DA:127,6
DA:128,4
DA:130,2
DA:131,2
DA:134,2
DA:136,1
DA:138,1
DA:140,0
DA:142,0
DA:143,0
DA:147,0
DA:148,0
DA:149,0
DA:150,0
DA:151,0
DA:152,0
DA:153,0
LF:108
LH:47
BRDA:8,0,0,16
BRDA:8,0,1,5
BRDA:12,1,0,1
BRDA:12,1,1,5
BRDA:14,2,0,1
BRDA:14,2,1,4
BRDA:16,3,0,1
BRDA:16,3,1,3
BRDA:21,4,0,0
BRDA:21,4,1,0
BRDA:23,5,0,0
BRDA:23,5,1,0
BRDA:25,6,0,0
BRDA:25,6,1,0
BRDA:30,7,0,1
BRDA:30,7,1,5
BRDA:31,8,0,1
BRDA:31,8,1,0
BRDA:33,9,0,0
BRDA:33,9,1,5
BRDA:34,10,0,0
BRDA:34,10,1,0
BRDA:36,11,0,0
BRDA:36,11,1,5
BRDA:37,12,0,0
BRDA:37,12,1,0
BRDA:39,13,0,5
BRDA:39,13,1,0
BRDA:42,14,0,0
BRDA:42,14,1,2
BRDA:44,15,0,0
BRDA:44,15,1,2
BRDA:46,16,0,0
BRDA:46,16,1,2
BRDA:52,17,0,0
BRDA:52,17,1,1
BRDA:54,18,0,0
BRDA:54,18,1,1
BRDA:56,19,0,0
BRDA:56,19,1,1
BRDA:61,20,0,0
BRDA:61,20,1,1
BRDA:63,21,0,0
BRDA:63,21,1,1
BRDA:65,22,0,0
BRDA:65,22,1,1
BRDA:71,23,0,0
BRDA:71,23,1,0
BRDA:73,24,0,0
BRDA:73,24,1,0
BRDA:75,25,0,0
BRDA:75,25,1,0
BRDA:80,26,0,0
BRDA:80,26,1,0
BRDA:82,27,0,0
BRDA:82,27,1,0
BRDA:85,28,0,0
BRDA:85,28,1,0
BRDA:87,29,0,0
BRDA:87,29,1,0
BRDA:90,30,0,0
BRDA:90,30,1,0
BRDA:92,31,0,0
BRDA:92,31,1,0
BRDA:96,32,0,0
BRDA:96,32,1,0
BRDA:104,33,0,4
BRDA:104,33,1,0
BRDA:111,34,0,0
BRDA:111,34,1,0
BRDA:111,35,0,0
BRDA:111,35,1,0
BRDA:114,36,0,0
BRDA:114,36,1,0
BRDA:118,37,0,6
BRDA:118,37,1,0
BRDA:118,37,2,6
BRDA:118,37,3,2
BRDA:118,37,4,1
BRDA:118,37,5,1
BRDA:118,37,6,0
BRDA:118,37,7,0
BRDA:118,37,8,0
BRDA:126,38,0,2
BRDA:126,38,1,4
BRDA:127,39,0,4
BRDA:127,39,1,2
BRDA:147,40,0,0
BRDA:147,40,1,0
BRDA:149,41,0,0
BRDA:149,41,1,0
BRDA:151,42,0,0
BRDA:151,42,1,0
BRF:93
BRH:33
end_of_record
TN:
SF:src\core\formatters\frameworks\selenium-formatter.ts
FN:1,(anonymous_0)
FN:3,(anonymous_1)
FN:8,(anonymous_2)
FNF:3
FNH:3
FNDA:4,(anonymous_0)
FNDA:4,(anonymous_1)
FNDA:4,(anonymous_2)
DA:1,4
DA:4,4
DA:5,4
DA:6,4
DA:8,4
DA:9,4
DA:10,2
DA:12,2
DA:13,2
DA:14,2
DA:16,0
DA:17,0
DA:18,0
DA:21,0
DA:23,4
DA:25,3
DA:27,0
DA:29,0
DA:30,0
DA:33,1
DA:34,1
DA:37,0
DA:38,0
DA:43,0
LF:24
LH:14
BRDA:9,0,0,2
BRDA:9,0,1,2
BRDA:12,1,0,2
BRDA:12,1,1,0
BRDA:13,2,0,2
BRDA:13,2,1,0
BRDA:16,3,0,0
BRDA:16,3,1,0
BRDA:17,4,0,0
BRDA:17,4,1,0
BRDA:23,5,0,3
BRDA:23,5,1,0
BRDA:23,5,2,0
BRDA:23,5,3,1
BRDA:23,5,4,0
BRDA:23,5,5,0
BRDA:23,5,6,0
BRDA:23,5,7,0
BRF:18
BRH:6
end_of_record
TN:
SF:src\core\formatters\frameworks\testcafe-formatter.ts
FN:2,(anonymous_0)
FN:4,(anonymous_1)
FNF:2
FNH:2
FNDA:13,(anonymous_0)
FNDA:10,(anonymous_1)
DA:2,13
DA:7,10
DA:9,3
DA:11,2
DA:12,2
DA:14,1
DA:17,1
DA:22,3
DA:23,2
DA:26,1
DA:28,0
DA:30,0
DA:31,0
DA:34,2
DA:36,0
DA:40,0
DA:42,0
LF:17
LH:11
BRDA:7,0,0,3
BRDA:7,0,1,2
BRDA:7,0,2,3
BRDA:7,0,3,0
BRDA:7,0,4,0
BRDA:7,0,5,2
BRDA:7,0,6,0
BRDA:7,0,7,0
BRDA:7,0,8,0
BRDA:12,1,0,1
BRDA:12,1,1,1
BRDA:22,2,0,2
BRDA:22,2,1,1
BRF:13
BRH:8
end_of_record
TN:
SF:src\core\formatters\frameworks\webdriverio-formatter.ts
FN:1,(anonymous_0)
FN:3,(anonymous_1)
FNF:2
FNH:2
FNDA:10,(anonymous_0)
FNDA:10,(anonymous_1)
DA:1,10
DA:5,10
DA:7,3
DA:9,2
DA:11,2
DA:12,1
DA:14,1
DA:18,2
DA:20,0
DA:23,0
DA:26,3
DA:28,0
DA:30,0
DA:32,0
LF:14
LH:9
BRDA:5,0,0,3
BRDA:5,0,1,2
BRDA:5,0,2,2
BRDA:5,0,3,0
BRDA:5,0,4,0
BRDA:5,0,5,3
BRDA:5,0,6,0
BRDA:5,0,7,0
BRDA:5,0,8,0
BRDA:11,1,0,1
BRDA:11,1,1,1
BRF:11
BRH:6
end_of_record
TN:
SF:src\core\processing\types.ts
FNF:0
FNH:0
LF:0
LH:0
BRF:0
BRH:0
end_of_record
